{"C:\\Users\\HP\\TeamWork-Backend-API\\src\\modules\\admin\\admin.spec.js":{"path":"C:\\Users\\HP\\TeamWork-Backend-API\\src\\modules\\admin\\admin.spec.js","statementMap":{},"fnMap":{},"branchMap":{},"s":{},"f":{},"b":{},"_coverageSchema":"43e27e138ebf9cfc5966b082cf9a028302ed4184","hash":"26856d1b022b7eaa86a691bfe4e2eb2df02844e1","contentHash":"e38ce4dec7696928615600fb3d66cc63c2315610112adcff4ccd0b46e3668ca8"},"C:\\Users\\HP\\TeamWork-Backend-API\\src\\modules\\articles\\article.spec.js":{"path":"C:\\Users\\HP\\TeamWork-Backend-API\\src\\modules\\articles\\article.spec.js","statementMap":{"0":{"start":{"line":3,"column":24},"end":{"line":3,"column":328}},"1":{"start":{"line":3,"column":99},"end":{"line":3,"column":154}},"2":{"start":{"line":3,"column":133},"end":{"line":3,"column":151}},"3":{"start":{"line":3,"column":164},"end":{"line":3,"column":326}},"4":{"start":{"line":3,"column":198},"end":{"line":3,"column":323}},"5":{"start":{"line":3,"column":329},"end":{"line":3,"column":349}},"6":{"start":{"line":5,"column":13},"end":{"line":5,"column":29}},"7":{"start":{"line":7,"column":12},"end":{"line":7,"column":51}},"8":{"start":{"line":9,"column":16},"end":{"line":9,"column":60}},"9":{"start":{"line":11,"column":11},"end":{"line":11,"column":55}},"10":{"start":{"line":13,"column":11},"end":{"line":13,"column":80}},"11":{"start":{"line":15,"column":38},"end":{"line":15,"column":85}},"12":{"start":{"line":15,"column":73},"end":{"line":15,"column":85}},"13":{"start":{"line":15,"column":98},"end":{"line":15,"column":111}},"14":{"start":{"line":15,"column":113},"end":{"line":15,"column":194}},"15":{"start":{"line":15,"column":178},"end":{"line":15,"column":191}},"16":{"start":{"line":15,"column":195},"end":{"line":15,"column":208}},"17":{"start":{"line":17,"column":40},"end":{"line":17,"column":82}},"18":{"start":{"line":17,"column":69},"end":{"line":17,"column":80}},"19":{"start":{"line":17,"column":83},"end":{"line":17,"column":189}},"20":{"start":{"line":17,"column":161},"end":{"line":17,"column":187}},"21":{"start":{"line":17,"column":202},"end":{"line":17,"column":228}},"22":{"start":{"line":17,"column":230},"end":{"line":17,"column":285}},"23":{"start":{"line":17,"column":261},"end":{"line":17,"column":283}},"24":{"start":{"line":17,"column":299},"end":{"line":17,"column":301}},"25":{"start":{"line":17,"column":331},"end":{"line":17,"column":387}},"26":{"start":{"line":17,"column":389},"end":{"line":17,"column":669}},"27":{"start":{"line":17,"column":412},"end":{"line":17,"column":667}},"28":{"start":{"line":17,"column":477},"end":{"line":17,"column":549}},"29":{"start":{"line":17,"column":551},"end":{"line":17,"column":665}},"30":{"start":{"line":17,"column":589},"end":{"line":17,"column":630}},"31":{"start":{"line":17,"column":640},"end":{"line":17,"column":663}},"32":{"start":{"line":17,"column":670},"end":{"line":17,"column":694}},"33":{"start":{"line":17,"column":695},"end":{"line":17,"column":733}},"34":{"start":{"line":17,"column":708},"end":{"line":17,"column":731}},"35":{"start":{"line":17,"column":734},"end":{"line":17,"column":748}},"36":{"start":{"line":19,"column":39},"end":{"line":19,"column":95}},"37":{"start":{"line":21,"column":13},"end":{"line":21,"column":36}},"38":{"start":{"line":23,"column":0},"end":{"line":23,"column":43}},"39":{"start":{"line":26,"column":0},"end":{"line":34,"column":3}},"40":{"start":{"line":27,"column":2},"end":{"line":33,"column":5}},"41":{"start":{"line":28,"column":4},"end":{"line":32,"column":7}},"42":{"start":{"line":29,"column":6},"end":{"line":29,"column":25}},"43":{"start":{"line":29,"column":15},"end":{"line":29,"column":25}},"44":{"start":{"line":30,"column":6},"end":{"line":30,"column":48}},"45":{"start":{"line":31,"column":6},"end":{"line":31,"column":13}},"46":{"start":{"line":35,"column":0},"end":{"line":79,"column":3}},"47":{"start":{"line":36,"column":2},"end":{"line":48,"column":5}},"48":{"start":{"line":37,"column":4},"end":{"line":47,"column":7}},"49":{"start":{"line":38,"column":6},"end":{"line":38,"column":37}},"50":{"start":{"line":39,"column":6},"end":{"line":43,"column":9}},"51":{"start":{"line":44,"column":6},"end":{"line":44,"column":25}},"52":{"start":{"line":44,"column":15},"end":{"line":44,"column":25}},"53":{"start":{"line":45,"column":6},"end":{"line":45,"column":48}},"54":{"start":{"line":46,"column":6},"end":{"line":46,"column":13}},"55":{"start":{"line":49,"column":2},"end":{"line":58,"column":5}},"56":{"start":{"line":50,"column":4},"end":{"line":57,"column":7}},"57":{"start":{"line":51,"column":6},"end":{"line":51,"column":25}},"58":{"start":{"line":51,"column":15},"end":{"line":51,"column":25}},"59":{"start":{"line":52,"column":6},"end":{"line":52,"column":48}},"60":{"start":{"line":53,"column":6},"end":{"line":55,"column":9}},"61":{"start":{"line":56,"column":6},"end":{"line":56,"column":13}},"62":{"start":{"line":59,"column":2},"end":{"line":68,"column":5}},"63":{"start":{"line":60,"column":4},"end":{"line":67,"column":7}},"64":{"start":{"line":61,"column":6},"end":{"line":61,"column":25}},"65":{"start":{"line":61,"column":15},"end":{"line":61,"column":25}},"66":{"start":{"line":62,"column":6},"end":{"line":62,"column":48}},"67":{"start":{"line":63,"column":6},"end":{"line":65,"column":9}},"68":{"start":{"line":66,"column":6},"end":{"line":66,"column":13}},"69":{"start":{"line":69,"column":2},"end":{"line":78,"column":5}},"70":{"start":{"line":70,"column":4},"end":{"line":77,"column":7}},"71":{"start":{"line":71,"column":6},"end":{"line":71,"column":25}},"72":{"start":{"line":71,"column":15},"end":{"line":71,"column":25}},"73":{"start":{"line":72,"column":6},"end":{"line":72,"column":48}},"74":{"start":{"line":73,"column":6},"end":{"line":75,"column":9}},"75":{"start":{"line":76,"column":6},"end":{"line":76,"column":13}},"76":{"start":{"line":80,"column":0},"end":{"line":174,"column":3}},"77":{"start":{"line":81,"column":2},"end":{"line":90,"column":5}},"78":{"start":{"line":82,"column":4},"end":{"line":89,"column":7}},"79":{"start":{"line":83,"column":6},"end":{"line":83,"column":25}},"80":{"start":{"line":83,"column":15},"end":{"line":83,"column":25}},"81":{"start":{"line":84,"column":6},"end":{"line":84,"column":48}},"82":{"start":{"line":85,"column":6},"end":{"line":87,"column":9}},"83":{"start":{"line":88,"column":6},"end":{"line":88,"column":13}},"84":{"start":{"line":91,"column":2},"end":{"line":100,"column":5}},"85":{"start":{"line":92,"column":4},"end":{"line":99,"column":7}},"86":{"start":{"line":93,"column":6},"end":{"line":93,"column":25}},"87":{"start":{"line":93,"column":15},"end":{"line":93,"column":25}},"88":{"start":{"line":94,"column":6},"end":{"line":94,"column":48}},"89":{"start":{"line":95,"column":6},"end":{"line":97,"column":9}},"90":{"start":{"line":98,"column":6},"end":{"line":98,"column":13}},"91":{"start":{"line":101,"column":2},"end":{"line":110,"column":5}},"92":{"start":{"line":102,"column":4},"end":{"line":109,"column":7}},"93":{"start":{"line":103,"column":6},"end":{"line":103,"column":25}},"94":{"start":{"line":103,"column":15},"end":{"line":103,"column":25}},"95":{"start":{"line":104,"column":6},"end":{"line":104,"column":48}},"96":{"start":{"line":105,"column":6},"end":{"line":107,"column":9}},"97":{"start":{"line":108,"column":6},"end":{"line":108,"column":13}},"98":{"start":{"line":111,"column":2},"end":{"line":132,"column":5}},"99":{"start":{"line":112,"column":4},"end":{"line":121,"column":7}},"100":{"start":{"line":113,"column":6},"end":{"line":120,"column":9}},"101":{"start":{"line":114,"column":8},"end":{"line":114,"column":27}},"102":{"start":{"line":114,"column":17},"end":{"line":114,"column":27}},"103":{"start":{"line":115,"column":8},"end":{"line":115,"column":50}},"104":{"start":{"line":116,"column":8},"end":{"line":118,"column":11}},"105":{"start":{"line":119,"column":8},"end":{"line":119,"column":15}},"106":{"start":{"line":122,"column":4},"end":{"line":131,"column":7}},"107":{"start":{"line":123,"column":6},"end":{"line":130,"column":9}},"108":{"start":{"line":124,"column":8},"end":{"line":124,"column":27}},"109":{"start":{"line":124,"column":17},"end":{"line":124,"column":27}},"110":{"start":{"line":125,"column":8},"end":{"line":125,"column":50}},"111":{"start":{"line":126,"column":8},"end":{"line":128,"column":11}},"112":{"start":{"line":129,"column":8},"end":{"line":129,"column":15}},"113":{"start":{"line":133,"column":2},"end":{"line":161,"column":5}},"114":{"start":{"line":134,"column":4},"end":{"line":143,"column":7}},"115":{"start":{"line":135,"column":6},"end":{"line":142,"column":9}},"116":{"start":{"line":136,"column":8},"end":{"line":136,"column":27}},"117":{"start":{"line":136,"column":17},"end":{"line":136,"column":27}},"118":{"start":{"line":137,"column":8},"end":{"line":137,"column":50}},"119":{"start":{"line":138,"column":8},"end":{"line":140,"column":11}},"120":{"start":{"line":141,"column":8},"end":{"line":141,"column":15}},"121":{"start":{"line":144,"column":4},"end":{"line":150,"column":7}},"122":{"start":{"line":145,"column":6},"end":{"line":149,"column":9}},"123":{"start":{"line":146,"column":8},"end":{"line":146,"column":27}},"124":{"start":{"line":146,"column":17},"end":{"line":146,"column":27}},"125":{"start":{"line":147,"column":8},"end":{"line":147,"column":50}},"126":{"start":{"line":148,"column":8},"end":{"line":148,"column":15}},"127":{"start":{"line":151,"column":4},"end":{"line":160,"column":7}},"128":{"start":{"line":152,"column":6},"end":{"line":159,"column":9}},"129":{"start":{"line":153,"column":8},"end":{"line":153,"column":27}},"130":{"start":{"line":153,"column":17},"end":{"line":153,"column":27}},"131":{"start":{"line":154,"column":8},"end":{"line":154,"column":50}},"132":{"start":{"line":155,"column":8},"end":{"line":157,"column":11}},"133":{"start":{"line":158,"column":8},"end":{"line":158,"column":15}},"134":{"start":{"line":162,"column":2},"end":{"line":173,"column":5}},"135":{"start":{"line":163,"column":4},"end":{"line":172,"column":7}},"136":{"start":{"line":164,"column":6},"end":{"line":171,"column":9}},"137":{"start":{"line":165,"column":8},"end":{"line":165,"column":27}},"138":{"start":{"line":165,"column":17},"end":{"line":165,"column":27}},"139":{"start":{"line":166,"column":8},"end":{"line":166,"column":50}},"140":{"start":{"line":167,"column":8},"end":{"line":169,"column":11}},"141":{"start":{"line":170,"column":8},"end":{"line":170,"column":15}}},"fnMap":{"0":{"name":"_typeof","decl":{"start":{"line":3,"column":9},"end":{"line":3,"column":16}},"loc":{"start":{"line":3,"column":22},"end":{"line":3,"column":351}},"line":3},"1":{"name":"_typeof","decl":{"start":{"line":3,"column":118},"end":{"line":3,"column":125}},"loc":{"start":{"line":3,"column":131},"end":{"line":3,"column":153}},"line":3},"2":{"name":"_typeof","decl":{"start":{"line":3,"column":183},"end":{"line":3,"column":190}},"loc":{"start":{"line":3,"column":196},"end":{"line":3,"column":325}},"line":3},"3":{"name":"_getRequireWildcardCache","decl":{"start":{"line":15,"column":9},"end":{"line":15,"column":33}},"loc":{"start":{"line":15,"column":36},"end":{"line":15,"column":210}},"line":15},"4":{"name":"_getRequireWildcardCache","decl":{"start":{"line":15,"column":149},"end":{"line":15,"column":173}},"loc":{"start":{"line":15,"column":176},"end":{"line":15,"column":193}},"line":15},"5":{"name":"_interopRequireWildcard","decl":{"start":{"line":17,"column":9},"end":{"line":17,"column":32}},"loc":{"start":{"line":17,"column":38},"end":{"line":17,"column":750}},"line":17},"6":{"name":"_interopRequireDefault","decl":{"start":{"line":19,"column":9},"end":{"line":19,"column":31}},"loc":{"start":{"line":19,"column":37},"end":{"line":19,"column":97}},"line":19},"7":{"name":"(anonymous_7)","decl":{"start":{"line":26,"column":52},"end":{"line":26,"column":53}},"loc":{"start":{"line":26,"column":64},"end":{"line":34,"column":1}},"line":26},"8":{"name":"(anonymous_8)","decl":{"start":{"line":27,"column":47},"end":{"line":27,"column":48}},"loc":{"start":{"line":27,"column":63},"end":{"line":33,"column":3}},"line":27},"9":{"name":"(anonymous_9)","decl":{"start":{"line":28,"column":88},"end":{"line":28,"column":89}},"loc":{"start":{"line":28,"column":113},"end":{"line":32,"column":5}},"line":28},"10":{"name":"(anonymous_10)","decl":{"start":{"line":35,"column":52},"end":{"line":35,"column":53}},"loc":{"start":{"line":35,"column":64},"end":{"line":79,"column":1}},"line":35},"11":{"name":"(anonymous_11)","decl":{"start":{"line":36,"column":28},"end":{"line":36,"column":29}},"loc":{"start":{"line":36,"column":44},"end":{"line":48,"column":3}},"line":36},"12":{"name":"(anonymous_12)","decl":{"start":{"line":37,"column":89},"end":{"line":37,"column":90}},"loc":{"start":{"line":37,"column":114},"end":{"line":47,"column":5}},"line":37},"13":{"name":"(anonymous_13)","decl":{"start":{"line":49,"column":49},"end":{"line":49,"column":50}},"loc":{"start":{"line":49,"column":65},"end":{"line":58,"column":3}},"line":49},"14":{"name":"(anonymous_14)","decl":{"start":{"line":50,"column":144},"end":{"line":50,"column":145}},"loc":{"start":{"line":50,"column":169},"end":{"line":57,"column":5}},"line":50},"15":{"name":"(anonymous_15)","decl":{"start":{"line":59,"column":60},"end":{"line":59,"column":61}},"loc":{"start":{"line":59,"column":76},"end":{"line":68,"column":3}},"line":59},"16":{"name":"(anonymous_16)","decl":{"start":{"line":60,"column":145},"end":{"line":60,"column":146}},"loc":{"start":{"line":60,"column":170},"end":{"line":67,"column":5}},"line":60},"17":{"name":"(anonymous_17)","decl":{"start":{"line":69,"column":66},"end":{"line":69,"column":67}},"loc":{"start":{"line":69,"column":82},"end":{"line":78,"column":3}},"line":69},"18":{"name":"(anonymous_18)","decl":{"start":{"line":70,"column":147},"end":{"line":70,"column":148}},"loc":{"start":{"line":70,"column":172},"end":{"line":77,"column":5}},"line":70},"19":{"name":"(anonymous_19)","decl":{"start":{"line":80,"column":55},"end":{"line":80,"column":56}},"loc":{"start":{"line":80,"column":67},"end":{"line":174,"column":1}},"line":80},"20":{"name":"(anonymous_20)","decl":{"start":{"line":81,"column":60},"end":{"line":81,"column":61}},"loc":{"start":{"line":81,"column":76},"end":{"line":90,"column":3}},"line":81},"21":{"name":"(anonymous_21)","decl":{"start":{"line":82,"column":147},"end":{"line":82,"column":148}},"loc":{"start":{"line":82,"column":172},"end":{"line":89,"column":5}},"line":82},"22":{"name":"(anonymous_22)","decl":{"start":{"line":91,"column":60},"end":{"line":91,"column":61}},"loc":{"start":{"line":91,"column":76},"end":{"line":100,"column":3}},"line":91},"23":{"name":"(anonymous_23)","decl":{"start":{"line":92,"column":147},"end":{"line":92,"column":148}},"loc":{"start":{"line":92,"column":172},"end":{"line":99,"column":5}},"line":92},"24":{"name":"(anonymous_24)","decl":{"start":{"line":101,"column":66},"end":{"line":101,"column":67}},"loc":{"start":{"line":101,"column":82},"end":{"line":110,"column":3}},"line":101},"25":{"name":"(anonymous_25)","decl":{"start":{"line":102,"column":149},"end":{"line":102,"column":150}},"loc":{"start":{"line":102,"column":174},"end":{"line":109,"column":5}},"line":102},"26":{"name":"(anonymous_26)","decl":{"start":{"line":111,"column":57},"end":{"line":111,"column":58}},"loc":{"start":{"line":111,"column":69},"end":{"line":132,"column":3}},"line":111},"27":{"name":"(anonymous_27)","decl":{"start":{"line":112,"column":68},"end":{"line":112,"column":69}},"loc":{"start":{"line":112,"column":84},"end":{"line":121,"column":5}},"line":112},"28":{"name":"(anonymous_28)","decl":{"start":{"line":113,"column":136},"end":{"line":113,"column":137}},"loc":{"start":{"line":113,"column":161},"end":{"line":120,"column":7}},"line":113},"29":{"name":"(anonymous_29)","decl":{"start":{"line":122,"column":83},"end":{"line":122,"column":84}},"loc":{"start":{"line":122,"column":99},"end":{"line":131,"column":5}},"line":122},"30":{"name":"(anonymous_30)","decl":{"start":{"line":123,"column":136},"end":{"line":123,"column":137}},"loc":{"start":{"line":123,"column":161},"end":{"line":130,"column":7}},"line":123},"31":{"name":"(anonymous_31)","decl":{"start":{"line":133,"column":42},"end":{"line":133,"column":43}},"loc":{"start":{"line":133,"column":54},"end":{"line":161,"column":3}},"line":133},"32":{"name":"(anonymous_32)","decl":{"start":{"line":134,"column":51},"end":{"line":134,"column":52}},"loc":{"start":{"line":134,"column":67},"end":{"line":143,"column":5}},"line":134},"33":{"name":"(anonymous_33)","decl":{"start":{"line":135,"column":157},"end":{"line":135,"column":158}},"loc":{"start":{"line":135,"column":182},"end":{"line":142,"column":7}},"line":135},"34":{"name":"(anonymous_34)","decl":{"start":{"line":144,"column":83},"end":{"line":144,"column":84}},"loc":{"start":{"line":144,"column":99},"end":{"line":150,"column":5}},"line":144},"35":{"name":"(anonymous_35)","decl":{"start":{"line":145,"column":101},"end":{"line":145,"column":102}},"loc":{"start":{"line":145,"column":126},"end":{"line":149,"column":7}},"line":145},"36":{"name":"(anonymous_36)","decl":{"start":{"line":151,"column":50},"end":{"line":151,"column":51}},"loc":{"start":{"line":151,"column":66},"end":{"line":160,"column":5}},"line":151},"37":{"name":"(anonymous_37)","decl":{"start":{"line":152,"column":155},"end":{"line":152,"column":156}},"loc":{"start":{"line":152,"column":180},"end":{"line":159,"column":7}},"line":152},"38":{"name":"(anonymous_38)","decl":{"start":{"line":162,"column":43},"end":{"line":162,"column":44}},"loc":{"start":{"line":162,"column":55},"end":{"line":173,"column":3}},"line":162},"39":{"name":"(anonymous_39)","decl":{"start":{"line":163,"column":50},"end":{"line":163,"column":51}},"loc":{"start":{"line":163,"column":66},"end":{"line":172,"column":5}},"line":163},"40":{"name":"(anonymous_40)","decl":{"start":{"line":164,"column":128},"end":{"line":164,"column":129}},"loc":{"start":{"line":164,"column":153},"end":{"line":171,"column":7}},"line":164}},"branchMap":{"0":{"loc":{"start":{"line":3,"column":24},"end":{"line":3,"column":328}},"type":"if","locations":[{"start":{"line":3,"column":24},"end":{"line":3,"column":328}},{"start":{"line":3,"column":24},"end":{"line":3,"column":328}}],"line":3},"1":{"loc":{"start":{"line":3,"column":28},"end":{"line":3,"column":95}},"type":"binary-expr","locations":[{"start":{"line":3,"column":28},"end":{"line":3,"column":56}},{"start":{"line":3,"column":60},"end":{"line":3,"column":95}}],"line":3},"2":{"loc":{"start":{"line":3,"column":205},"end":{"line":3,"column":322}},"type":"cond-expr","locations":[{"start":{"line":3,"column":301},"end":{"line":3,"column":309}},{"start":{"line":3,"column":312},"end":{"line":3,"column":322}}],"line":3},"3":{"loc":{"start":{"line":3,"column":205},"end":{"line":3,"column":298}},"type":"binary-expr","locations":[{"start":{"line":3,"column":205},"end":{"line":3,"column":208}},{"start":{"line":3,"column":212},"end":{"line":3,"column":240}},{"start":{"line":3,"column":244},"end":{"line":3,"column":270}},{"start":{"line":3,"column":274},"end":{"line":3,"column":298}}],"line":3},"4":{"loc":{"start":{"line":15,"column":38},"end":{"line":15,"column":85}},"type":"if","locations":[{"start":{"line":15,"column":38},"end":{"line":15,"column":85}},{"start":{"line":15,"column":38},"end":{"line":15,"column":85}}],"line":15},"5":{"loc":{"start":{"line":17,"column":40},"end":{"line":17,"column":82}},"type":"if","locations":[{"start":{"line":17,"column":40},"end":{"line":17,"column":82}},{"start":{"line":17,"column":40},"end":{"line":17,"column":82}}],"line":17},"6":{"loc":{"start":{"line":17,"column":44},"end":{"line":17,"column":65}},"type":"binary-expr","locations":[{"start":{"line":17,"column":44},"end":{"line":17,"column":47}},{"start":{"line":17,"column":51},"end":{"line":17,"column":65}}],"line":17},"7":{"loc":{"start":{"line":17,"column":83},"end":{"line":17,"column":189}},"type":"if","locations":[{"start":{"line":17,"column":83},"end":{"line":17,"column":189}},{"start":{"line":17,"column":83},"end":{"line":17,"column":189}}],"line":17},"8":{"loc":{"start":{"line":17,"column":87},"end":{"line":17,"column":157}},"type":"binary-expr","locations":[{"start":{"line":17,"column":87},"end":{"line":17,"column":99}},{"start":{"line":17,"column":103},"end":{"line":17,"column":128}},{"start":{"line":17,"column":132},"end":{"line":17,"column":157}}],"line":17},"9":{"loc":{"start":{"line":17,"column":230},"end":{"line":17,"column":285}},"type":"if","locations":[{"start":{"line":17,"column":230},"end":{"line":17,"column":285}},{"start":{"line":17,"column":230},"end":{"line":17,"column":285}}],"line":17},"10":{"loc":{"start":{"line":17,"column":234},"end":{"line":17,"column":257}},"type":"binary-expr","locations":[{"start":{"line":17,"column":234},"end":{"line":17,"column":239}},{"start":{"line":17,"column":243},"end":{"line":17,"column":257}}],"line":17},"11":{"loc":{"start":{"line":17,"column":331},"end":{"line":17,"column":387}},"type":"binary-expr","locations":[{"start":{"line":17,"column":331},"end":{"line":17,"column":352}},{"start":{"line":17,"column":356},"end":{"line":17,"column":387}}],"line":17},"12":{"loc":{"start":{"line":17,"column":412},"end":{"line":17,"column":667}},"type":"if","locations":[{"start":{"line":17,"column":412},"end":{"line":17,"column":667}},{"start":{"line":17,"column":412},"end":{"line":17,"column":667}}],"line":17},"13":{"loc":{"start":{"line":17,"column":477},"end":{"line":17,"column":549}},"type":"cond-expr","locations":[{"start":{"line":17,"column":501},"end":{"line":17,"column":542}},{"start":{"line":17,"column":545},"end":{"line":17,"column":549}}],"line":17},"14":{"loc":{"start":{"line":17,"column":551},"end":{"line":17,"column":665}},"type":"if","locations":[{"start":{"line":17,"column":551},"end":{"line":17,"column":665}},{"start":{"line":17,"column":551},"end":{"line":17,"column":665}}],"line":17},"15":{"loc":{"start":{"line":17,"column":555},"end":{"line":17,"column":585}},"type":"binary-expr","locations":[{"start":{"line":17,"column":555},"end":{"line":17,"column":559}},{"start":{"line":17,"column":564},"end":{"line":17,"column":572}},{"start":{"line":17,"column":576},"end":{"line":17,"column":584}}],"line":17},"16":{"loc":{"start":{"line":17,"column":695},"end":{"line":17,"column":733}},"type":"if","locations":[{"start":{"line":17,"column":695},"end":{"line":17,"column":733}},{"start":{"line":17,"column":695},"end":{"line":17,"column":733}}],"line":17},"17":{"loc":{"start":{"line":19,"column":46},"end":{"line":19,"column":94}},"type":"cond-expr","locations":[{"start":{"line":19,"column":70},"end":{"line":19,"column":73}},{"start":{"line":19,"column":76},"end":{"line":19,"column":94}}],"line":19},"18":{"loc":{"start":{"line":19,"column":46},"end":{"line":19,"column":67}},"type":"binary-expr","locations":[{"start":{"line":19,"column":46},"end":{"line":19,"column":49}},{"start":{"line":19,"column":53},"end":{"line":19,"column":67}}],"line":19},"19":{"loc":{"start":{"line":29,"column":6},"end":{"line":29,"column":25}},"type":"if","locations":[{"start":{"line":29,"column":6},"end":{"line":29,"column":25}},{"start":{"line":29,"column":6},"end":{"line":29,"column":25}}],"line":29},"20":{"loc":{"start":{"line":44,"column":6},"end":{"line":44,"column":25}},"type":"if","locations":[{"start":{"line":44,"column":6},"end":{"line":44,"column":25}},{"start":{"line":44,"column":6},"end":{"line":44,"column":25}}],"line":44},"21":{"loc":{"start":{"line":51,"column":6},"end":{"line":51,"column":25}},"type":"if","locations":[{"start":{"line":51,"column":6},"end":{"line":51,"column":25}},{"start":{"line":51,"column":6},"end":{"line":51,"column":25}}],"line":51},"22":{"loc":{"start":{"line":61,"column":6},"end":{"line":61,"column":25}},"type":"if","locations":[{"start":{"line":61,"column":6},"end":{"line":61,"column":25}},{"start":{"line":61,"column":6},"end":{"line":61,"column":25}}],"line":61},"23":{"loc":{"start":{"line":71,"column":6},"end":{"line":71,"column":25}},"type":"if","locations":[{"start":{"line":71,"column":6},"end":{"line":71,"column":25}},{"start":{"line":71,"column":6},"end":{"line":71,"column":25}}],"line":71},"24":{"loc":{"start":{"line":83,"column":6},"end":{"line":83,"column":25}},"type":"if","locations":[{"start":{"line":83,"column":6},"end":{"line":83,"column":25}},{"start":{"line":83,"column":6},"end":{"line":83,"column":25}}],"line":83},"25":{"loc":{"start":{"line":93,"column":6},"end":{"line":93,"column":25}},"type":"if","locations":[{"start":{"line":93,"column":6},"end":{"line":93,"column":25}},{"start":{"line":93,"column":6},"end":{"line":93,"column":25}}],"line":93},"26":{"loc":{"start":{"line":103,"column":6},"end":{"line":103,"column":25}},"type":"if","locations":[{"start":{"line":103,"column":6},"end":{"line":103,"column":25}},{"start":{"line":103,"column":6},"end":{"line":103,"column":25}}],"line":103},"27":{"loc":{"start":{"line":114,"column":8},"end":{"line":114,"column":27}},"type":"if","locations":[{"start":{"line":114,"column":8},"end":{"line":114,"column":27}},{"start":{"line":114,"column":8},"end":{"line":114,"column":27}}],"line":114},"28":{"loc":{"start":{"line":124,"column":8},"end":{"line":124,"column":27}},"type":"if","locations":[{"start":{"line":124,"column":8},"end":{"line":124,"column":27}},{"start":{"line":124,"column":8},"end":{"line":124,"column":27}}],"line":124},"29":{"loc":{"start":{"line":136,"column":8},"end":{"line":136,"column":27}},"type":"if","locations":[{"start":{"line":136,"column":8},"end":{"line":136,"column":27}},{"start":{"line":136,"column":8},"end":{"line":136,"column":27}}],"line":136},"30":{"loc":{"start":{"line":146,"column":8},"end":{"line":146,"column":27}},"type":"if","locations":[{"start":{"line":146,"column":8},"end":{"line":146,"column":27}},{"start":{"line":146,"column":8},"end":{"line":146,"column":27}}],"line":146},"31":{"loc":{"start":{"line":153,"column":8},"end":{"line":153,"column":27}},"type":"if","locations":[{"start":{"line":153,"column":8},"end":{"line":153,"column":27}},{"start":{"line":153,"column":8},"end":{"line":153,"column":27}}],"line":153},"32":{"loc":{"start":{"line":165,"column":8},"end":{"line":165,"column":27}},"type":"if","locations":[{"start":{"line":165,"column":8},"end":{"line":165,"column":27}},{"start":{"line":165,"column":8},"end":{"line":165,"column":27}}],"line":165}},"s":{"0":0,"1":0,"2":0,"3":0,"4":0,"5":0,"6":1,"7":1,"8":1,"9":1,"10":1,"11":0,"12":0,"13":0,"14":0,"15":0,"16":0,"17":1,"18":1,"19":0,"20":0,"21":0,"22":0,"23":0,"24":0,"25":0,"26":0,"27":0,"28":0,"29":0,"30":0,"31":0,"32":0,"33":0,"34":0,"35":0,"36":3,"37":1,"38":1,"39":1,"40":1,"41":1,"42":1,"43":0,"44":1,"45":1,"46":1,"47":1,"48":1,"49":1,"50":1,"51":1,"52":0,"53":1,"54":1,"55":1,"56":1,"57":1,"58":0,"59":1,"60":1,"61":1,"62":1,"63":1,"64":1,"65":0,"66":1,"67":1,"68":1,"69":1,"70":1,"71":1,"72":0,"73":1,"74":1,"75":1,"76":1,"77":1,"78":1,"79":1,"80":0,"81":1,"82":1,"83":1,"84":1,"85":1,"86":1,"87":0,"88":1,"89":1,"90":1,"91":1,"92":1,"93":1,"94":0,"95":1,"96":1,"97":1,"98":1,"99":1,"100":1,"101":1,"102":0,"103":1,"104":1,"105":1,"106":1,"107":1,"108":1,"109":0,"110":1,"111":1,"112":1,"113":1,"114":1,"115":1,"116":1,"117":0,"118":1,"119":1,"120":1,"121":1,"122":1,"123":1,"124":0,"125":1,"126":1,"127":1,"128":1,"129":1,"130":0,"131":1,"132":1,"133":1,"134":1,"135":1,"136":1,"137":1,"138":0,"139":1,"140":1,"141":1},"f":{"0":0,"1":0,"2":0,"3":0,"4":0,"5":1,"6":3,"7":1,"8":1,"9":1,"10":1,"11":1,"12":1,"13":1,"14":1,"15":1,"16":1,"17":1,"18":1,"19":1,"20":1,"21":1,"22":1,"23":1,"24":1,"25":1,"26":1,"27":1,"28":1,"29":1,"30":1,"31":1,"32":1,"33":1,"34":1,"35":1,"36":1,"37":1,"38":1,"39":1,"40":1},"b":{"0":[0,0],"1":[0,0],"2":[0,0],"3":[0,0,0,0],"4":[0,0],"5":[1,0],"6":[1,1],"7":[0,0],"8":[0,0,0],"9":[0,0],"10":[0,0],"11":[0,0],"12":[0,0],"13":[0,0],"14":[0,0],"15":[0,0,0],"16":[0,0],"17":[1,2],"18":[3,3],"19":[0,1],"20":[0,1],"21":[0,1],"22":[0,1],"23":[0,1],"24":[0,1],"25":[0,1],"26":[0,1],"27":[0,1],"28":[0,1],"29":[0,1],"30":[0,1],"31":[0,1],"32":[0,1]},"_coverageSchema":"43e27e138ebf9cfc5966b082cf9a028302ed4184","hash":"54e23ca824b336dd3d87004bde7be553002e3ac8","contentHash":"a5ac8dbf73bb9c7764b26ff252694288e9fc2af666f4fa4c9bf797e90f6358af"},"C:\\Users\\HP\\TeamWork-Backend-API\\src\\app.js":{"path":"C:\\Users\\HP\\TeamWork-Backend-API\\src\\app.js","statementMap":{"0":{"start":{"line":3,"column":0},"end":{"line":5,"column":3}},"1":{"start":{"line":6,"column":0},"end":{"line":6,"column":28}},"2":{"start":{"line":8,"column":15},"end":{"line":8,"column":57}},"3":{"start":{"line":10,"column":16},"end":{"line":10,"column":66}},"4":{"start":{"line":12,"column":18},"end":{"line":12,"column":64}},"5":{"start":{"line":14,"column":12},"end":{"line":14,"column":51}},"6":{"start":{"line":16,"column":13},"end":{"line":16,"column":37}},"7":{"start":{"line":18,"column":13},"end":{"line":18,"column":70}},"8":{"start":{"line":20,"column":39},"end":{"line":20,"column":95}},"9":{"start":{"line":25,"column":10},"end":{"line":25,"column":36}},"10":{"start":{"line":26,"column":0},"end":{"line":26,"column":39}},"11":{"start":{"line":27,"column":0},"end":{"line":29,"column":4}},"12":{"start":{"line":45,"column":0},"end":{"line":45,"column":38}},"13":{"start":{"line":47,"column":0},"end":{"line":49,"column":3}},"14":{"start":{"line":48,"column":2},"end":{"line":48,"column":111}},"15":{"start":{"line":50,"column":15},"end":{"line":50,"column":18}},"16":{"start":{"line":51,"column":0},"end":{"line":51,"column":30}}},"fnMap":{"0":{"name":"_interopRequireDefault","decl":{"start":{"line":20,"column":9},"end":{"line":20,"column":31}},"loc":{"start":{"line":20,"column":37},"end":{"line":20,"column":97}},"line":20},"1":{"name":"(anonymous_1)","decl":{"start":{"line":47,"column":45},"end":{"line":47,"column":46}},"loc":{"start":{"line":47,"column":57},"end":{"line":49,"column":1}},"line":47}},"branchMap":{"0":{"loc":{"start":{"line":20,"column":46},"end":{"line":20,"column":94}},"type":"cond-expr","locations":[{"start":{"line":20,"column":70},"end":{"line":20,"column":73}},{"start":{"line":20,"column":76},"end":{"line":20,"column":94}}],"line":20},"1":{"loc":{"start":{"line":20,"column":46},"end":{"line":20,"column":67}},"type":"binary-expr","locations":[{"start":{"line":20,"column":46},"end":{"line":20,"column":49}},{"start":{"line":20,"column":53},"end":{"line":20,"column":67}}],"line":20}},"s":{"0":1,"1":1,"2":1,"3":1,"4":1,"5":1,"6":1,"7":1,"8":5,"9":1,"10":1,"11":1,"12":1,"13":1,"14":1,"15":1,"16":1},"f":{"0":5,"1":1},"b":{"0":[1,4],"1":[5,5]},"_coverageSchema":"43e27e138ebf9cfc5966b082cf9a028302ed4184","hash":"8cfd379f3dcdf26c2c322a744c19219b3d92c187","contentHash":"caf590fc14a5d23cb0b98d5a440214d11375265bc5d9f549cbdf892a4ceeb4b8"},"C:\\Users\\HP\\TeamWork-Backend-API\\src\\utils\\utils.js":{"path":"C:\\Users\\HP\\TeamWork-Backend-API\\src\\utils\\utils.js","statementMap":{"0":{"start":{"line":3,"column":0},"end":{"line":5,"column":3}},"1":{"start":{"line":6,"column":0},"end":{"line":6,"column":41}},"2":{"start":{"line":8,"column":0},"end":{"line":8,"column":25}},"3":{"start":{"line":10,"column":13},"end":{"line":13,"column":1}},"4":{"start":{"line":11,"column":12},"end":{"line":11,"column":19}},"5":{"start":{"line":12,"column":2},"end":{"line":12,"column":20}},"6":{"start":{"line":15,"column":0},"end":{"line":15,"column":24}},"7":{"start":{"line":17,"column":13},"end":{"line":20,"column":1}},"8":{"start":{"line":18,"column":14},"end":{"line":18,"column":53}},"9":{"start":{"line":19,"column":2},"end":{"line":19,"column":15}},"10":{"start":{"line":22,"column":0},"end":{"line":22,"column":24}}},"fnMap":{"0":{"name":"logger","decl":{"start":{"line":10,"column":22},"end":{"line":10,"column":28}},"loc":{"start":{"line":10,"column":37},"end":{"line":13,"column":1}},"line":10},"1":{"name":"getEnv","decl":{"start":{"line":17,"column":22},"end":{"line":17,"column":28}},"loc":{"start":{"line":17,"column":55},"end":{"line":20,"column":1}},"line":17}},"branchMap":{"0":{"loc":{"start":{"line":18,"column":14},"end":{"line":18,"column":53}},"type":"binary-expr","locations":[{"start":{"line":18,"column":14},"end":{"line":18,"column":36}},{"start":{"line":18,"column":40},"end":{"line":18,"column":53}}],"line":18}},"s":{"0":1,"1":1,"2":1,"3":1,"4":1,"5":1,"6":1,"7":1,"8":2,"9":2,"10":1},"f":{"0":1,"1":2},"b":{"0":[2,0]},"_coverageSchema":"43e27e138ebf9cfc5966b082cf9a028302ed4184","hash":"deda0c3565246c27c68631f9edc1e2f24ba78633","contentHash":"971e0d735d11be79b53617cdd31a2dc90c22e927d9f63bcf048790671077df7c"},"C:\\Users\\HP\\TeamWork-Backend-API\\src\\modules\\routes\\index.js":{"path":"C:\\Users\\HP\\TeamWork-Backend-API\\src\\modules\\routes\\index.js","statementMap":{"0":{"start":{"line":3,"column":0},"end":{"line":5,"column":3}},"1":{"start":{"line":6,"column":0},"end":{"line":6,"column":28}},"2":{"start":{"line":8,"column":15},"end":{"line":8,"column":57}},"3":{"start":{"line":10,"column":22},"end":{"line":10,"column":79}},"4":{"start":{"line":12,"column":16},"end":{"line":12,"column":67}},"5":{"start":{"line":14,"column":11},"end":{"line":14,"column":57}},"6":{"start":{"line":16,"column":13},"end":{"line":16,"column":61}},"7":{"start":{"line":18,"column":39},"end":{"line":18,"column":95}},"8":{"start":{"line":20,"column":13},"end":{"line":20,"column":41}},"9":{"start":{"line":22,"column":0},"end":{"line":22,"column":39}},"10":{"start":{"line":23,"column":0},"end":{"line":23,"column":33}},"11":{"start":{"line":24,"column":0},"end":{"line":24,"column":28}},"12":{"start":{"line":25,"column":0},"end":{"line":25,"column":30}},"13":{"start":{"line":26,"column":15},"end":{"line":26,"column":21}},"14":{"start":{"line":27,"column":0},"end":{"line":27,"column":30}}},"fnMap":{"0":{"name":"_interopRequireDefault","decl":{"start":{"line":18,"column":9},"end":{"line":18,"column":31}},"loc":{"start":{"line":18,"column":37},"end":{"line":18,"column":97}},"line":18}},"branchMap":{"0":{"loc":{"start":{"line":18,"column":46},"end":{"line":18,"column":94}},"type":"cond-expr","locations":[{"start":{"line":18,"column":70},"end":{"line":18,"column":73}},{"start":{"line":18,"column":76},"end":{"line":18,"column":94}}],"line":18},"1":{"loc":{"start":{"line":18,"column":46},"end":{"line":18,"column":67}},"type":"binary-expr","locations":[{"start":{"line":18,"column":46},"end":{"line":18,"column":49}},{"start":{"line":18,"column":53},"end":{"line":18,"column":67}}],"line":18}},"s":{"0":1,"1":1,"2":1,"3":1,"4":1,"5":1,"6":1,"7":5,"8":1,"9":1,"10":1,"11":1,"12":1,"13":1,"14":1},"f":{"0":5},"b":{"0":[4,1],"1":[5,5]},"_coverageSchema":"43e27e138ebf9cfc5966b082cf9a028302ed4184","hash":"f9ee7eefe02075672f22c905acc09281a085750a","contentHash":"d1ce47ac5c76044a8d4e26596b073d88e6da0d295a8e89aebfa5fbeb5e6e60a6"},"C:\\Users\\HP\\TeamWork-Backend-API\\src\\modules\\routes\\authentication.route.js":{"path":"C:\\Users\\HP\\TeamWork-Backend-API\\src\\modules\\routes\\authentication.route.js","statementMap":{"0":{"start":{"line":3,"column":0},"end":{"line":5,"column":3}},"1":{"start":{"line":6,"column":0},"end":{"line":6,"column":28}},"2":{"start":{"line":8,"column":15},"end":{"line":8,"column":57}},"3":{"start":{"line":10,"column":18},"end":{"line":10,"column":56}},"4":{"start":{"line":12,"column":22},"end":{"line":12,"column":65}},"5":{"start":{"line":14,"column":13},"end":{"line":14,"column":71}},"6":{"start":{"line":16,"column":16},"end":{"line":16,"column":49}},"7":{"start":{"line":18,"column":39},"end":{"line":18,"column":95}},"8":{"start":{"line":20,"column":16},"end":{"line":20,"column":44}},"9":{"start":{"line":74,"column":0},"end":{"line":74,"column":88}},"10":{"start":{"line":106,"column":0},"end":{"line":106,"column":77}},"11":{"start":{"line":138,"column":0},"end":{"line":138,"column":123}},"12":{"start":{"line":170,"column":0},"end":{"line":170,"column":93}},"13":{"start":{"line":171,"column":15},"end":{"line":171,"column":24}},"14":{"start":{"line":172,"column":0},"end":{"line":172,"column":30}}},"fnMap":{"0":{"name":"_interopRequireDefault","decl":{"start":{"line":18,"column":9},"end":{"line":18,"column":31}},"loc":{"start":{"line":18,"column":37},"end":{"line":18,"column":97}},"line":18}},"branchMap":{"0":{"loc":{"start":{"line":18,"column":46},"end":{"line":18,"column":94}},"type":"cond-expr","locations":[{"start":{"line":18,"column":70},"end":{"line":18,"column":73}},{"start":{"line":18,"column":76},"end":{"line":18,"column":94}}],"line":18},"1":{"loc":{"start":{"line":18,"column":46},"end":{"line":18,"column":67}},"type":"binary-expr","locations":[{"start":{"line":18,"column":46},"end":{"line":18,"column":49}},{"start":{"line":18,"column":53},"end":{"line":18,"column":67}}],"line":18}},"s":{"0":1,"1":1,"2":1,"3":1,"4":1,"5":1,"6":1,"7":2,"8":1,"9":1,"10":1,"11":1,"12":1,"13":1,"14":1},"f":{"0":2},"b":{"0":[1,1],"1":[2,2]},"_coverageSchema":"43e27e138ebf9cfc5966b082cf9a028302ed4184","hash":"3857bad5bf3b910b2cdbf6460243bb1a93cb32c5","contentHash":"0dc9f8993c9025b38e3632324980d77b74158dcee68e760f379b8f1ee7d3ef26"},"C:\\Users\\HP\\TeamWork-Backend-API\\src\\middleware\\validation.js":{"path":"C:\\Users\\HP\\TeamWork-Backend-API\\src\\middleware\\validation.js","statementMap":{"0":{"start":{"line":3,"column":0},"end":{"line":5,"column":3}},"1":{"start":{"line":6,"column":0},"end":{"line":6,"column":163}},"2":{"start":{"line":8,"column":17},"end":{"line":8,"column":61}},"3":{"start":{"line":10,"column":26},"end":{"line":10,"column":57}},"4":{"start":{"line":12,"column":16},"end":{"line":12,"column":44}},"5":{"start":{"line":14,"column":39},"end":{"line":14,"column":95}},"6":{"start":{"line":16,"column":24},"end":{"line":148,"column":1}},"7":{"start":{"line":17,"column":2},"end":{"line":145,"column":3}},"8":{"start":{"line":18,"column":24},"end":{"line":18,"column":36}},"9":{"start":{"line":19,"column":20},"end":{"line":19,"column":43}},"10":{"start":{"line":20,"column":19},"end":{"line":20,"column":41}},"11":{"start":{"line":21,"column":16},"end":{"line":21,"column":35}},"12":{"start":{"line":22,"column":19},"end":{"line":22,"column":41}},"13":{"start":{"line":23,"column":17},"end":{"line":23,"column":37}},"14":{"start":{"line":24,"column":18},"end":{"line":24,"column":39}},"15":{"start":{"line":25,"column":21},"end":{"line":25,"column":45}},"16":{"start":{"line":26,"column":18},"end":{"line":26,"column":39}},"17":{"start":{"line":27,"column":16},"end":{"line":27,"column":27}},"18":{"start":{"line":29,"column":4},"end":{"line":34,"column":5}},"19":{"start":{"line":30,"column":6},"end":{"line":33,"column":9}},"20":{"start":{"line":36,"column":4},"end":{"line":41,"column":5}},"21":{"start":{"line":37,"column":6},"end":{"line":40,"column":9}},"22":{"start":{"line":43,"column":4},"end":{"line":48,"column":5}},"23":{"start":{"line":44,"column":6},"end":{"line":47,"column":9}},"24":{"start":{"line":50,"column":4},"end":{"line":55,"column":5}},"25":{"start":{"line":51,"column":6},"end":{"line":54,"column":9}},"26":{"start":{"line":57,"column":4},"end":{"line":62,"column":5}},"27":{"start":{"line":58,"column":6},"end":{"line":61,"column":9}},"28":{"start":{"line":64,"column":4},"end":{"line":69,"column":5}},"29":{"start":{"line":65,"column":6},"end":{"line":68,"column":9}},"30":{"start":{"line":71,"column":4},"end":{"line":76,"column":5}},"31":{"start":{"line":72,"column":6},"end":{"line":75,"column":9}},"32":{"start":{"line":78,"column":4},"end":{"line":83,"column":5}},"33":{"start":{"line":79,"column":6},"end":{"line":82,"column":9}},"34":{"start":{"line":85,"column":4},"end":{"line":90,"column":5}},"35":{"start":{"line":86,"column":6},"end":{"line":89,"column":9}},"36":{"start":{"line":92,"column":4},"end":{"line":97,"column":5}},"37":{"start":{"line":93,"column":6},"end":{"line":96,"column":9}},"38":{"start":{"line":99,"column":4},"end":{"line":104,"column":5}},"39":{"start":{"line":100,"column":6},"end":{"line":103,"column":9}},"40":{"start":{"line":106,"column":4},"end":{"line":111,"column":5}},"41":{"start":{"line":107,"column":6},"end":{"line":110,"column":9}},"42":{"start":{"line":113,"column":4},"end":{"line":118,"column":5}},"43":{"start":{"line":114,"column":6},"end":{"line":117,"column":9}},"44":{"start":{"line":120,"column":4},"end":{"line":125,"column":5}},"45":{"start":{"line":121,"column":6},"end":{"line":124,"column":9}},"46":{"start":{"line":127,"column":4},"end":{"line":132,"column":5}},"47":{"start":{"line":128,"column":6},"end":{"line":131,"column":9}},"48":{"start":{"line":134,"column":4},"end":{"line":139,"column":5}},"49":{"start":{"line":135,"column":6},"end":{"line":138,"column":9}},"50":{"start":{"line":141,"column":4},"end":{"line":144,"column":7}},"51":{"start":{"line":147,"column":2},"end":{"line":147,"column":16}},"52":{"start":{"line":150,"column":0},"end":{"line":150,"column":46}},"53":{"start":{"line":152,"column":26},"end":{"line":240,"column":1}},"54":{"start":{"line":153,"column":2},"end":{"line":237,"column":3}},"55":{"start":{"line":154,"column":25},"end":{"line":154,"column":37}},"56":{"start":{"line":155,"column":20},"end":{"line":155,"column":44}},"57":{"start":{"line":156,"column":19},"end":{"line":156,"column":42}},"58":{"start":{"line":157,"column":17},"end":{"line":157,"column":38}},"59":{"start":{"line":158,"column":18},"end":{"line":158,"column":40}},"60":{"start":{"line":159,"column":21},"end":{"line":159,"column":46}},"61":{"start":{"line":160,"column":18},"end":{"line":160,"column":40}},"62":{"start":{"line":161,"column":16},"end":{"line":161,"column":27}},"63":{"start":{"line":163,"column":4},"end":{"line":168,"column":5}},"64":{"start":{"line":164,"column":6},"end":{"line":167,"column":9}},"65":{"start":{"line":170,"column":4},"end":{"line":175,"column":5}},"66":{"start":{"line":171,"column":6},"end":{"line":174,"column":9}},"67":{"start":{"line":177,"column":4},"end":{"line":182,"column":5}},"68":{"start":{"line":178,"column":6},"end":{"line":181,"column":9}},"69":{"start":{"line":184,"column":4},"end":{"line":189,"column":5}},"70":{"start":{"line":185,"column":6},"end":{"line":188,"column":9}},"71":{"start":{"line":191,"column":4},"end":{"line":196,"column":5}},"72":{"start":{"line":192,"column":6},"end":{"line":195,"column":9}},"73":{"start":{"line":198,"column":4},"end":{"line":203,"column":5}},"74":{"start":{"line":199,"column":6},"end":{"line":202,"column":9}},"75":{"start":{"line":205,"column":4},"end":{"line":210,"column":5}},"76":{"start":{"line":206,"column":6},"end":{"line":209,"column":9}},"77":{"start":{"line":212,"column":4},"end":{"line":217,"column":5}},"78":{"start":{"line":213,"column":6},"end":{"line":216,"column":9}},"79":{"start":{"line":219,"column":4},"end":{"line":224,"column":5}},"80":{"start":{"line":220,"column":6},"end":{"line":223,"column":9}},"81":{"start":{"line":226,"column":4},"end":{"line":231,"column":5}},"82":{"start":{"line":227,"column":6},"end":{"line":230,"column":9}},"83":{"start":{"line":233,"column":4},"end":{"line":236,"column":7}},"84":{"start":{"line":239,"column":2},"end":{"line":239,"column":16}},"85":{"start":{"line":242,"column":0},"end":{"line":242,"column":50}},"86":{"start":{"line":244,"column":20},"end":{"line":278,"column":1}},"87":{"start":{"line":245,"column":23},"end":{"line":245,"column":35}},"88":{"start":{"line":246,"column":14},"end":{"line":246,"column":34}},"89":{"start":{"line":247,"column":17},"end":{"line":247,"column":40}},"90":{"start":{"line":249,"column":2},"end":{"line":254,"column":3}},"91":{"start":{"line":250,"column":4},"end":{"line":253,"column":7}},"92":{"start":{"line":256,"column":2},"end":{"line":261,"column":3}},"93":{"start":{"line":257,"column":4},"end":{"line":260,"column":7}},"94":{"start":{"line":263,"column":2},"end":{"line":268,"column":3}},"95":{"start":{"line":264,"column":4},"end":{"line":267,"column":7}},"96":{"start":{"line":270,"column":2},"end":{"line":275,"column":3}},"97":{"start":{"line":271,"column":4},"end":{"line":274,"column":7}},"98":{"start":{"line":277,"column":2},"end":{"line":277,"column":16}},"99":{"start":{"line":280,"column":0},"end":{"line":280,"column":38}},"100":{"start":{"line":282,"column":22},"end":{"line":334,"column":1}},"101":{"start":{"line":285,"column":2},"end":{"line":333,"column":27}},"102":{"start":{"line":286,"column":4},"end":{"line":332,"column":5}},"103":{"start":{"line":287,"column":6},"end":{"line":331,"column":7}},"104":{"start":{"line":289,"column":10},"end":{"line":289,"column":28}},"105":{"start":{"line":290,"column":10},"end":{"line":290,"column":104}},"106":{"start":{"line":292,"column":10},"end":{"line":295,"column":11}},"107":{"start":{"line":293,"column":12},"end":{"line":293,"column":30}},"108":{"start":{"line":294,"column":12},"end":{"line":294,"column":18}},"109":{"start":{"line":297,"column":10},"end":{"line":300,"column":14}},"110":{"start":{"line":303,"column":10},"end":{"line":306,"column":11}},"111":{"start":{"line":304,"column":12},"end":{"line":304,"column":30}},"112":{"start":{"line":305,"column":12},"end":{"line":305,"column":18}},"113":{"start":{"line":308,"column":10},"end":{"line":311,"column":14}},"114":{"start":{"line":314,"column":10},"end":{"line":314,"column":29}},"115":{"start":{"line":315,"column":10},"end":{"line":315,"column":16}},"116":{"start":{"line":318,"column":10},"end":{"line":318,"column":28}},"117":{"start":{"line":319,"column":10},"end":{"line":319,"column":45}},"118":{"start":{"line":320,"column":10},"end":{"line":323,"column":14}},"119":{"start":{"line":326,"column":10},"end":{"line":326,"column":51}},"120":{"start":{"line":330,"column":10},"end":{"line":330,"column":33}},"121":{"start":{"line":336,"column":0},"end":{"line":336,"column":42}},"122":{"start":{"line":338,"column":22},"end":{"line":378,"column":1}},"123":{"start":{"line":340,"column":2},"end":{"line":377,"column":27}},"124":{"start":{"line":341,"column":4},"end":{"line":376,"column":5}},"125":{"start":{"line":342,"column":6},"end":{"line":375,"column":7}},"126":{"start":{"line":344,"column":10},"end":{"line":344,"column":29}},"127":{"start":{"line":345,"column":10},"end":{"line":345,"column":41}},"128":{"start":{"line":347,"column":10},"end":{"line":350,"column":11}},"129":{"start":{"line":348,"column":12},"end":{"line":348,"column":31}},"130":{"start":{"line":349,"column":12},"end":{"line":349,"column":18}},"131":{"start":{"line":352,"column":10},"end":{"line":355,"column":14}},"132":{"start":{"line":358,"column":10},"end":{"line":358,"column":29}},"133":{"start":{"line":359,"column":10},"end":{"line":359,"column":16}},"134":{"start":{"line":362,"column":10},"end":{"line":362,"column":29}},"135":{"start":{"line":363,"column":10},"end":{"line":363,"column":47}},"136":{"start":{"line":364,"column":10},"end":{"line":367,"column":14}},"137":{"start":{"line":370,"column":10},"end":{"line":370,"column":52}},"138":{"start":{"line":374,"column":10},"end":{"line":374,"column":34}},"139":{"start":{"line":380,"column":0},"end":{"line":380,"column":42}},"140":{"start":{"line":382,"column":18},"end":{"line":445,"column":1}},"141":{"start":{"line":385,"column":2},"end":{"line":444,"column":28}},"142":{"start":{"line":386,"column":4},"end":{"line":443,"column":5}},"143":{"start":{"line":387,"column":6},"end":{"line":442,"column":7}},"144":{"start":{"line":389,"column":10},"end":{"line":389,"column":29}},"145":{"start":{"line":390,"column":10},"end":{"line":390,"column":96}},"146":{"start":{"line":392,"column":10},"end":{"line":395,"column":11}},"147":{"start":{"line":393,"column":12},"end":{"line":393,"column":31}},"148":{"start":{"line":394,"column":12},"end":{"line":394,"column":18}},"149":{"start":{"line":397,"column":10},"end":{"line":400,"column":14}},"150":{"start":{"line":403,"column":10},"end":{"line":406,"column":11}},"151":{"start":{"line":404,"column":12},"end":{"line":404,"column":31}},"152":{"start":{"line":405,"column":12},"end":{"line":405,"column":18}},"153":{"start":{"line":408,"column":10},"end":{"line":411,"column":14}},"154":{"start":{"line":414,"column":10},"end":{"line":417,"column":11}},"155":{"start":{"line":415,"column":12},"end":{"line":415,"column":31}},"156":{"start":{"line":416,"column":12},"end":{"line":416,"column":18}},"157":{"start":{"line":419,"column":10},"end":{"line":422,"column":14}},"158":{"start":{"line":425,"column":10},"end":{"line":425,"column":30}},"159":{"start":{"line":426,"column":10},"end":{"line":426,"column":16}},"160":{"start":{"line":429,"column":10},"end":{"line":429,"column":30}},"161":{"start":{"line":430,"column":10},"end":{"line":430,"column":47}},"162":{"start":{"line":431,"column":10},"end":{"line":434,"column":14}},"163":{"start":{"line":437,"column":10},"end":{"line":437,"column":52}},"164":{"start":{"line":441,"column":10},"end":{"line":441,"column":34}},"165":{"start":{"line":447,"column":0},"end":{"line":447,"column":34}}},"fnMap":{"0":{"name":"_interopRequireDefault","decl":{"start":{"line":14,"column":9},"end":{"line":14,"column":31}},"loc":{"start":{"line":14,"column":37},"end":{"line":14,"column":97}},"line":14},"1":{"name":"validateUserInput","decl":{"start":{"line":16,"column":33},"end":{"line":16,"column":50}},"loc":{"start":{"line":16,"column":76},"end":{"line":148,"column":1}},"line":16},"2":{"name":"validateUserProfile","decl":{"start":{"line":152,"column":35},"end":{"line":152,"column":54}},"loc":{"start":{"line":152,"column":80},"end":{"line":240,"column":1}},"line":152},"3":{"name":"validateLogin","decl":{"start":{"line":244,"column":29},"end":{"line":244,"column":42}},"loc":{"start":{"line":244,"column":68},"end":{"line":278,"column":1}},"line":244},"4":{"name":"validateArticle","decl":{"start":{"line":282,"column":31},"end":{"line":282,"column":46}},"loc":{"start":{"line":282,"column":72},"end":{"line":334,"column":1}},"line":282},"5":{"name":"validateArticle$","decl":{"start":{"line":285,"column":43},"end":{"line":285,"column":59}},"loc":{"start":{"line":285,"column":70},"end":{"line":333,"column":3}},"line":285},"6":{"name":"validateComment","decl":{"start":{"line":338,"column":31},"end":{"line":338,"column":46}},"loc":{"start":{"line":338,"column":72},"end":{"line":378,"column":1}},"line":338},"7":{"name":"validateComment$","decl":{"start":{"line":340,"column":43},"end":{"line":340,"column":59}},"loc":{"start":{"line":340,"column":71},"end":{"line":377,"column":3}},"line":340},"8":{"name":"validateGif","decl":{"start":{"line":382,"column":27},"end":{"line":382,"column":38}},"loc":{"start":{"line":382,"column":64},"end":{"line":445,"column":1}},"line":382},"9":{"name":"validateGif$","decl":{"start":{"line":385,"column":43},"end":{"line":385,"column":55}},"loc":{"start":{"line":385,"column":67},"end":{"line":444,"column":3}},"line":385}},"branchMap":{"0":{"loc":{"start":{"line":14,"column":46},"end":{"line":14,"column":94}},"type":"cond-expr","locations":[{"start":{"line":14,"column":70},"end":{"line":14,"column":73}},{"start":{"line":14,"column":76},"end":{"line":14,"column":94}}],"line":14},"1":{"loc":{"start":{"line":14,"column":46},"end":{"line":14,"column":67}},"type":"binary-expr","locations":[{"start":{"line":14,"column":46},"end":{"line":14,"column":49}},{"start":{"line":14,"column":53},"end":{"line":14,"column":67}}],"line":14},"2":{"loc":{"start":{"line":29,"column":4},"end":{"line":34,"column":5}},"type":"if","locations":[{"start":{"line":29,"column":4},"end":{"line":34,"column":5}},{"start":{"line":29,"column":4},"end":{"line":34,"column":5}}],"line":29},"3":{"loc":{"start":{"line":29,"column":8},"end":{"line":29,"column":91}},"type":"binary-expr","locations":[{"start":{"line":29,"column":8},"end":{"line":29,"column":18}},{"start":{"line":29,"column":22},"end":{"line":29,"column":31}},{"start":{"line":29,"column":35},"end":{"line":29,"column":41}},{"start":{"line":29,"column":45},"end":{"line":29,"column":52}},{"start":{"line":29,"column":56},"end":{"line":29,"column":64}},{"start":{"line":29,"column":68},"end":{"line":29,"column":79}},{"start":{"line":29,"column":83},"end":{"line":29,"column":91}}],"line":29},"4":{"loc":{"start":{"line":36,"column":4},"end":{"line":41,"column":5}},"type":"if","locations":[{"start":{"line":36,"column":4},"end":{"line":41,"column":5}},{"start":{"line":36,"column":4},"end":{"line":41,"column":5}}],"line":36},"5":{"loc":{"start":{"line":36,"column":8},"end":{"line":36,"column":50}},"type":"binary-expr","locations":[{"start":{"line":36,"column":8},"end":{"line":36,"column":17}},{"start":{"line":36,"column":21},"end":{"line":36,"column":50}}],"line":36},"6":{"loc":{"start":{"line":43,"column":4},"end":{"line":48,"column":5}},"type":"if","locations":[{"start":{"line":43,"column":4},"end":{"line":48,"column":5}},{"start":{"line":43,"column":4},"end":{"line":48,"column":5}}],"line":43},"7":{"loc":{"start":{"line":50,"column":4},"end":{"line":55,"column":5}},"type":"if","locations":[{"start":{"line":50,"column":4},"end":{"line":55,"column":5}},{"start":{"line":50,"column":4},"end":{"line":55,"column":5}}],"line":50},"8":{"loc":{"start":{"line":57,"column":4},"end":{"line":62,"column":5}},"type":"if","locations":[{"start":{"line":57,"column":4},"end":{"line":62,"column":5}},{"start":{"line":57,"column":4},"end":{"line":62,"column":5}}],"line":57},"9":{"loc":{"start":{"line":57,"column":8},"end":{"line":57,"column":48}},"type":"binary-expr","locations":[{"start":{"line":57,"column":8},"end":{"line":57,"column":16}},{"start":{"line":57,"column":20},"end":{"line":57,"column":48}}],"line":57},"10":{"loc":{"start":{"line":64,"column":4},"end":{"line":69,"column":5}},"type":"if","locations":[{"start":{"line":64,"column":4},"end":{"line":69,"column":5}},{"start":{"line":64,"column":4},"end":{"line":69,"column":5}}],"line":64},"11":{"loc":{"start":{"line":64,"column":8},"end":{"line":64,"column":42}},"type":"binary-expr","locations":[{"start":{"line":64,"column":8},"end":{"line":64,"column":13}},{"start":{"line":64,"column":17},"end":{"line":64,"column":42}}],"line":64},"12":{"loc":{"start":{"line":71,"column":4},"end":{"line":76,"column":5}},"type":"if","locations":[{"start":{"line":71,"column":4},"end":{"line":76,"column":5}},{"start":{"line":71,"column":4},"end":{"line":76,"column":5}}],"line":71},"13":{"loc":{"start":{"line":71,"column":8},"end":{"line":71,"column":54}},"type":"binary-expr","locations":[{"start":{"line":71,"column":8},"end":{"line":71,"column":13}},{"start":{"line":71,"column":17},"end":{"line":71,"column":54}}],"line":71},"14":{"loc":{"start":{"line":78,"column":4},"end":{"line":83,"column":5}},"type":"if","locations":[{"start":{"line":78,"column":4},"end":{"line":83,"column":5}},{"start":{"line":78,"column":4},"end":{"line":83,"column":5}}],"line":78},"15":{"loc":{"start":{"line":85,"column":4},"end":{"line":90,"column":5}},"type":"if","locations":[{"start":{"line":85,"column":4},"end":{"line":90,"column":5}},{"start":{"line":85,"column":4},"end":{"line":90,"column":5}}],"line":85},"16":{"loc":{"start":{"line":85,"column":8},"end":{"line":85,"column":42}},"type":"binary-expr","locations":[{"start":{"line":85,"column":8},"end":{"line":85,"column":16}},{"start":{"line":85,"column":20},"end":{"line":85,"column":42}}],"line":85},"17":{"loc":{"start":{"line":92,"column":4},"end":{"line":97,"column":5}},"type":"if","locations":[{"start":{"line":92,"column":4},"end":{"line":97,"column":5}},{"start":{"line":92,"column":4},"end":{"line":97,"column":5}}],"line":92},"18":{"loc":{"start":{"line":99,"column":4},"end":{"line":104,"column":5}},"type":"if","locations":[{"start":{"line":99,"column":4},"end":{"line":104,"column":5}},{"start":{"line":99,"column":4},"end":{"line":104,"column":5}}],"line":99},"19":{"loc":{"start":{"line":99,"column":8},"end":{"line":99,"column":44}},"type":"binary-expr","locations":[{"start":{"line":99,"column":8},"end":{"line":99,"column":14}},{"start":{"line":99,"column":18},"end":{"line":99,"column":44}}],"line":99},"20":{"loc":{"start":{"line":106,"column":4},"end":{"line":111,"column":5}},"type":"if","locations":[{"start":{"line":106,"column":4},"end":{"line":111,"column":5}},{"start":{"line":106,"column":4},"end":{"line":111,"column":5}}],"line":106},"21":{"loc":{"start":{"line":106,"column":8},"end":{"line":106,"column":38}},"type":"binary-expr","locations":[{"start":{"line":106,"column":8},"end":{"line":106,"column":14}},{"start":{"line":106,"column":18},"end":{"line":106,"column":38}}],"line":106},"22":{"loc":{"start":{"line":113,"column":4},"end":{"line":118,"column":5}},"type":"if","locations":[{"start":{"line":113,"column":4},"end":{"line":118,"column":5}},{"start":{"line":113,"column":4},"end":{"line":118,"column":5}}],"line":113},"23":{"loc":{"start":{"line":120,"column":4},"end":{"line":125,"column":5}},"type":"if","locations":[{"start":{"line":120,"column":4},"end":{"line":125,"column":5}},{"start":{"line":120,"column":4},"end":{"line":125,"column":5}}],"line":120},"24":{"loc":{"start":{"line":120,"column":8},"end":{"line":120,"column":46}},"type":"binary-expr","locations":[{"start":{"line":120,"column":8},"end":{"line":120,"column":15}},{"start":{"line":120,"column":19},"end":{"line":120,"column":46}}],"line":120},"25":{"loc":{"start":{"line":127,"column":4},"end":{"line":132,"column":5}},"type":"if","locations":[{"start":{"line":127,"column":4},"end":{"line":132,"column":5}},{"start":{"line":127,"column":4},"end":{"line":132,"column":5}}],"line":127},"26":{"loc":{"start":{"line":127,"column":8},"end":{"line":127,"column":52}},"type":"binary-expr","locations":[{"start":{"line":127,"column":8},"end":{"line":127,"column":18}},{"start":{"line":127,"column":22},"end":{"line":127,"column":52}}],"line":127},"27":{"loc":{"start":{"line":134,"column":4},"end":{"line":139,"column":5}},"type":"if","locations":[{"start":{"line":134,"column":4},"end":{"line":139,"column":5}},{"start":{"line":134,"column":4},"end":{"line":139,"column":5}}],"line":134},"28":{"loc":{"start":{"line":134,"column":8},"end":{"line":134,"column":46}},"type":"binary-expr","locations":[{"start":{"line":134,"column":8},"end":{"line":134,"column":15}},{"start":{"line":134,"column":19},"end":{"line":134,"column":46}}],"line":134},"29":{"loc":{"start":{"line":163,"column":4},"end":{"line":168,"column":5}},"type":"if","locations":[{"start":{"line":163,"column":4},"end":{"line":168,"column":5}},{"start":{"line":163,"column":4},"end":{"line":168,"column":5}}],"line":163},"30":{"loc":{"start":{"line":163,"column":8},"end":{"line":163,"column":50}},"type":"binary-expr","locations":[{"start":{"line":163,"column":8},"end":{"line":163,"column":17}},{"start":{"line":163,"column":21},"end":{"line":163,"column":50}}],"line":163},"31":{"loc":{"start":{"line":170,"column":4},"end":{"line":175,"column":5}},"type":"if","locations":[{"start":{"line":170,"column":4},"end":{"line":175,"column":5}},{"start":{"line":170,"column":4},"end":{"line":175,"column":5}}],"line":170},"32":{"loc":{"start":{"line":177,"column":4},"end":{"line":182,"column":5}},"type":"if","locations":[{"start":{"line":177,"column":4},"end":{"line":182,"column":5}},{"start":{"line":177,"column":4},"end":{"line":182,"column":5}}],"line":177},"33":{"loc":{"start":{"line":184,"column":4},"end":{"line":189,"column":5}},"type":"if","locations":[{"start":{"line":184,"column":4},"end":{"line":189,"column":5}},{"start":{"line":184,"column":4},"end":{"line":189,"column":5}}],"line":184},"34":{"loc":{"start":{"line":184,"column":8},"end":{"line":184,"column":48}},"type":"binary-expr","locations":[{"start":{"line":184,"column":8},"end":{"line":184,"column":16}},{"start":{"line":184,"column":20},"end":{"line":184,"column":48}}],"line":184},"35":{"loc":{"start":{"line":191,"column":4},"end":{"line":196,"column":5}},"type":"if","locations":[{"start":{"line":191,"column":4},"end":{"line":196,"column":5}},{"start":{"line":191,"column":4},"end":{"line":196,"column":5}}],"line":191},"36":{"loc":{"start":{"line":191,"column":8},"end":{"line":191,"column":44}},"type":"binary-expr","locations":[{"start":{"line":191,"column":8},"end":{"line":191,"column":14}},{"start":{"line":191,"column":18},"end":{"line":191,"column":44}}],"line":191},"37":{"loc":{"start":{"line":198,"column":4},"end":{"line":203,"column":5}},"type":"if","locations":[{"start":{"line":198,"column":4},"end":{"line":203,"column":5}},{"start":{"line":198,"column":4},"end":{"line":203,"column":5}}],"line":198},"38":{"loc":{"start":{"line":198,"column":8},"end":{"line":198,"column":38}},"type":"binary-expr","locations":[{"start":{"line":198,"column":8},"end":{"line":198,"column":14}},{"start":{"line":198,"column":18},"end":{"line":198,"column":38}}],"line":198},"39":{"loc":{"start":{"line":205,"column":4},"end":{"line":210,"column":5}},"type":"if","locations":[{"start":{"line":205,"column":4},"end":{"line":210,"column":5}},{"start":{"line":205,"column":4},"end":{"line":210,"column":5}}],"line":205},"40":{"loc":{"start":{"line":212,"column":4},"end":{"line":217,"column":5}},"type":"if","locations":[{"start":{"line":212,"column":4},"end":{"line":217,"column":5}},{"start":{"line":212,"column":4},"end":{"line":217,"column":5}}],"line":212},"41":{"loc":{"start":{"line":212,"column":8},"end":{"line":212,"column":46}},"type":"binary-expr","locations":[{"start":{"line":212,"column":8},"end":{"line":212,"column":15}},{"start":{"line":212,"column":19},"end":{"line":212,"column":46}}],"line":212},"42":{"loc":{"start":{"line":219,"column":4},"end":{"line":224,"column":5}},"type":"if","locations":[{"start":{"line":219,"column":4},"end":{"line":224,"column":5}},{"start":{"line":219,"column":4},"end":{"line":224,"column":5}}],"line":219},"43":{"loc":{"start":{"line":219,"column":8},"end":{"line":219,"column":52}},"type":"binary-expr","locations":[{"start":{"line":219,"column":8},"end":{"line":219,"column":18}},{"start":{"line":219,"column":22},"end":{"line":219,"column":52}}],"line":219},"44":{"loc":{"start":{"line":226,"column":4},"end":{"line":231,"column":5}},"type":"if","locations":[{"start":{"line":226,"column":4},"end":{"line":231,"column":5}},{"start":{"line":226,"column":4},"end":{"line":231,"column":5}}],"line":226},"45":{"loc":{"start":{"line":226,"column":8},"end":{"line":226,"column":46}},"type":"binary-expr","locations":[{"start":{"line":226,"column":8},"end":{"line":226,"column":15}},{"start":{"line":226,"column":19},"end":{"line":226,"column":46}}],"line":226},"46":{"loc":{"start":{"line":249,"column":2},"end":{"line":254,"column":3}},"type":"if","locations":[{"start":{"line":249,"column":2},"end":{"line":254,"column":3}},{"start":{"line":249,"column":2},"end":{"line":254,"column":3}}],"line":249},"47":{"loc":{"start":{"line":249,"column":6},"end":{"line":249,"column":52}},"type":"binary-expr","locations":[{"start":{"line":249,"column":6},"end":{"line":249,"column":11}},{"start":{"line":249,"column":15},"end":{"line":249,"column":52}}],"line":249},"48":{"loc":{"start":{"line":256,"column":2},"end":{"line":261,"column":3}},"type":"if","locations":[{"start":{"line":256,"column":2},"end":{"line":261,"column":3}},{"start":{"line":256,"column":2},"end":{"line":261,"column":3}}],"line":256},"49":{"loc":{"start":{"line":263,"column":2},"end":{"line":268,"column":3}},"type":"if","locations":[{"start":{"line":263,"column":2},"end":{"line":268,"column":3}},{"start":{"line":263,"column":2},"end":{"line":268,"column":3}}],"line":263},"50":{"loc":{"start":{"line":263,"column":6},"end":{"line":263,"column":40}},"type":"binary-expr","locations":[{"start":{"line":263,"column":6},"end":{"line":263,"column":14}},{"start":{"line":263,"column":18},"end":{"line":263,"column":40}}],"line":263},"51":{"loc":{"start":{"line":270,"column":2},"end":{"line":275,"column":3}},"type":"if","locations":[{"start":{"line":270,"column":2},"end":{"line":275,"column":3}},{"start":{"line":270,"column":2},"end":{"line":275,"column":3}}],"line":270},"52":{"loc":{"start":{"line":287,"column":6},"end":{"line":331,"column":7}},"type":"switch","locations":[{"start":{"line":288,"column":8},"end":{"line":300,"column":14}},{"start":{"line":302,"column":8},"end":{"line":311,"column":14}},{"start":{"line":313,"column":8},"end":{"line":315,"column":16}},{"start":{"line":317,"column":8},"end":{"line":323,"column":14}},{"start":{"line":325,"column":8},"end":{"line":326,"column":51}},{"start":{"line":328,"column":8},"end":{"line":328,"column":16}},{"start":{"line":329,"column":8},"end":{"line":330,"column":33}}],"line":287},"53":{"loc":{"start":{"line":292,"column":10},"end":{"line":295,"column":11}},"type":"if","locations":[{"start":{"line":292,"column":10},"end":{"line":295,"column":11}},{"start":{"line":292,"column":10},"end":{"line":295,"column":11}}],"line":292},"54":{"loc":{"start":{"line":303,"column":10},"end":{"line":306,"column":11}},"type":"if","locations":[{"start":{"line":303,"column":10},"end":{"line":306,"column":11}},{"start":{"line":303,"column":10},"end":{"line":306,"column":11}}],"line":303},"55":{"loc":{"start":{"line":342,"column":6},"end":{"line":375,"column":7}},"type":"switch","locations":[{"start":{"line":343,"column":8},"end":{"line":355,"column":14}},{"start":{"line":357,"column":8},"end":{"line":359,"column":16}},{"start":{"line":361,"column":8},"end":{"line":367,"column":14}},{"start":{"line":369,"column":8},"end":{"line":370,"column":52}},{"start":{"line":372,"column":8},"end":{"line":372,"column":16}},{"start":{"line":373,"column":8},"end":{"line":374,"column":34}}],"line":342},"56":{"loc":{"start":{"line":347,"column":10},"end":{"line":350,"column":11}},"type":"if","locations":[{"start":{"line":347,"column":10},"end":{"line":350,"column":11}},{"start":{"line":347,"column":10},"end":{"line":350,"column":11}}],"line":347},"57":{"loc":{"start":{"line":387,"column":6},"end":{"line":442,"column":7}},"type":"switch","locations":[{"start":{"line":388,"column":8},"end":{"line":400,"column":14}},{"start":{"line":402,"column":8},"end":{"line":411,"column":14}},{"start":{"line":413,"column":8},"end":{"line":422,"column":14}},{"start":{"line":424,"column":8},"end":{"line":426,"column":16}},{"start":{"line":428,"column":8},"end":{"line":434,"column":14}},{"start":{"line":436,"column":8},"end":{"line":437,"column":52}},{"start":{"line":439,"column":8},"end":{"line":439,"column":16}},{"start":{"line":440,"column":8},"end":{"line":441,"column":34}}],"line":387},"58":{"loc":{"start":{"line":392,"column":10},"end":{"line":395,"column":11}},"type":"if","locations":[{"start":{"line":392,"column":10},"end":{"line":395,"column":11}},{"start":{"line":392,"column":10},"end":{"line":395,"column":11}}],"line":392},"59":{"loc":{"start":{"line":403,"column":10},"end":{"line":406,"column":11}},"type":"if","locations":[{"start":{"line":403,"column":10},"end":{"line":406,"column":11}},{"start":{"line":403,"column":10},"end":{"line":406,"column":11}}],"line":403},"60":{"loc":{"start":{"line":403,"column":16},"end":{"line":403,"column":50}},"type":"binary-expr","locations":[{"start":{"line":403,"column":16},"end":{"line":403,"column":21}},{"start":{"line":403,"column":25},"end":{"line":403,"column":50}}],"line":403},"61":{"loc":{"start":{"line":414,"column":10},"end":{"line":417,"column":11}},"type":"if","locations":[{"start":{"line":414,"column":10},"end":{"line":417,"column":11}},{"start":{"line":414,"column":10},"end":{"line":417,"column":11}}],"line":414}},"s":{"0":1,"1":1,"2":1,"3":1,"4":1,"5":1,"6":1,"7":6,"8":6,"9":6,"10":6,"11":6,"12":6,"13":6,"14":6,"15":6,"16":6,"17":6,"18":6,"19":2,"20":4,"21":0,"22":4,"23":0,"24":4,"25":0,"26":4,"27":0,"28":4,"29":0,"30":4,"31":0,"32":4,"33":1,"34":3,"35":0,"36":3,"37":0,"38":3,"39":0,"40":3,"41":0,"42":3,"43":0,"44":3,"45":0,"46":3,"47":0,"48":3,"49":0,"50":0,"51":3,"52":1,"53":1,"54":1,"55":1,"56":1,"57":1,"58":1,"59":1,"60":1,"61":1,"62":1,"63":1,"64":0,"65":1,"66":0,"67":1,"68":0,"69":1,"70":0,"71":1,"72":0,"73":1,"74":0,"75":1,"76":0,"77":1,"78":0,"79":1,"80":0,"81":1,"82":0,"83":0,"84":1,"85":1,"86":1,"87":4,"88":4,"89":4,"90":4,"91":0,"92":4,"93":0,"94":4,"95":0,"96":4,"97":0,"98":4,"99":1,"100":1,"101":6,"102":12,"103":24,"104":6,"105":6,"106":6,"107":4,"108":4,"109":2,"110":4,"111":4,"112":4,"113":0,"114":4,"115":4,"116":0,"117":0,"118":0,"119":4,"120":6,"121":1,"122":1,"123":2,"124":4,"125":6,"126":2,"127":2,"128":2,"129":1,"130":1,"131":1,"132":1,"133":1,"134":0,"135":0,"136":0,"137":1,"138":2,"139":1,"140":1,"141":0,"142":0,"143":0,"144":0,"145":0,"146":0,"147":0,"148":0,"149":0,"150":0,"151":0,"152":0,"153":0,"154":0,"155":0,"156":0,"157":0,"158":0,"159":0,"160":0,"161":0,"162":0,"163":0,"164":0,"165":1},"f":{"0":1,"1":6,"2":1,"3":4,"4":6,"5":12,"6":2,"7":4,"8":0,"9":0},"b":{"0":[0,1],"1":[1,1],"2":[2,4],"3":[6,4,4,4,4,4,4],"4":[0,4],"5":[4,4],"6":[0,4],"7":[0,4],"8":[0,4],"9":[4,4],"10":[0,4],"11":[4,4],"12":[0,4],"13":[4,4],"14":[1,3],"15":[0,3],"16":[3,3],"17":[0,3],"18":[0,3],"19":[3,3],"20":[0,3],"21":[3,3],"22":[0,3],"23":[0,3],"24":[3,3],"25":[0,3],"26":[3,3],"27":[0,3],"28":[3,3],"29":[0,1],"30":[1,1],"31":[0,1],"32":[0,1],"33":[0,1],"34":[1,1],"35":[0,1],"36":[1,1],"37":[0,1],"38":[1,1],"39":[0,1],"40":[0,1],"41":[1,1],"42":[0,1],"43":[1,1],"44":[0,1],"45":[1,1],"46":[0,4],"47":[4,4],"48":[0,4],"49":[0,4],"50":[4,4],"51":[0,4],"52":[6,4,4,0,4,0,6],"53":[4,2],"54":[4,0],"55":[2,1,0,1,0,2],"56":[1,1],"57":[0,0,0,0,0,0,0,0],"58":[0,0],"59":[0,0],"60":[0,0],"61":[0,0]},"_coverageSchema":"43e27e138ebf9cfc5966b082cf9a028302ed4184","hash":"b0d6a502915207192cd56edf5723116b6d404b74","contentHash":"ff53a439be4011161a9a56c8ce4e5fab83d26ad2ec2aed64821b35fed6b05890"},"C:\\Users\\HP\\TeamWork-Backend-API\\src\\middleware\\validation_message.js":{"path":"C:\\Users\\HP\\TeamWork-Backend-API\\src\\middleware\\validation_message.js","statementMap":{"0":{"start":{"line":3,"column":0},"end":{"line":5,"column":3}},"1":{"start":{"line":6,"column":0},"end":{"line":6,"column":438}},"2":{"start":{"line":7,"column":15},"end":{"line":7,"column":43}},"3":{"start":{"line":8,"column":0},"end":{"line":8,"column":28}},"4":{"start":{"line":9,"column":15},"end":{"line":9,"column":111}},"5":{"start":{"line":10,"column":0},"end":{"line":10,"column":28}},"6":{"start":{"line":11,"column":19},"end":{"line":11,"column":100}},"7":{"start":{"line":12,"column":0},"end":{"line":12,"column":36}},"8":{"start":{"line":13,"column":20},"end":{"line":13,"column":48}},"9":{"start":{"line":14,"column":0},"end":{"line":14,"column":38}},"10":{"start":{"line":15,"column":13},"end":{"line":15,"column":43}},"11":{"start":{"line":16,"column":0},"end":{"line":16,"column":24}},"12":{"start":{"line":17,"column":19},"end":{"line":17,"column":48}},"13":{"start":{"line":18,"column":0},"end":{"line":18,"column":36}},"14":{"start":{"line":19,"column":22},"end":{"line":19,"column":53}},"15":{"start":{"line":20,"column":0},"end":{"line":20,"column":42}},"16":{"start":{"line":21,"column":29},"end":{"line":21,"column":43}},"17":{"start":{"line":22,"column":0},"end":{"line":22,"column":56}},"18":{"start":{"line":23,"column":22},"end":{"line":23,"column":49}},"19":{"start":{"line":24,"column":0},"end":{"line":24,"column":42}},"20":{"start":{"line":25,"column":15},"end":{"line":25,"column":36}},"21":{"start":{"line":26,"column":0},"end":{"line":26,"column":28}},"22":{"start":{"line":27,"column":25},"end":{"line":27,"column":52}},"23":{"start":{"line":28,"column":0},"end":{"line":28,"column":48}},"24":{"start":{"line":29,"column":24},"end":{"line":29,"column":75}},"25":{"start":{"line":30,"column":0},"end":{"line":30,"column":46}},"26":{"start":{"line":31,"column":26},"end":{"line":31,"column":51}},"27":{"start":{"line":32,"column":0},"end":{"line":32,"column":50}},"28":{"start":{"line":33,"column":28},"end":{"line":33,"column":53}},"29":{"start":{"line":34,"column":0},"end":{"line":34,"column":54}},"30":{"start":{"line":35,"column":19},"end":{"line":35,"column":49}},"31":{"start":{"line":36,"column":0},"end":{"line":36,"column":36}},"32":{"start":{"line":37,"column":28},"end":{"line":37,"column":53}},"33":{"start":{"line":38,"column":0},"end":{"line":38,"column":54}},"34":{"start":{"line":39,"column":24},"end":{"line":39,"column":51}},"35":{"start":{"line":40,"column":0},"end":{"line":40,"column":46}}},"fnMap":{},"branchMap":{},"s":{"0":1,"1":1,"2":1,"3":1,"4":1,"5":1,"6":1,"7":1,"8":1,"9":1,"10":1,"11":1,"12":1,"13":1,"14":1,"15":1,"16":1,"17":1,"18":1,"19":1,"20":1,"21":1,"22":1,"23":1,"24":1,"25":1,"26":1,"27":1,"28":1,"29":1,"30":1,"31":1,"32":1,"33":1,"34":1,"35":1},"f":{},"b":{},"_coverageSchema":"43e27e138ebf9cfc5966b082cf9a028302ed4184","hash":"e002e3194404b4c4e9e6e045068f46b8cafa8719","contentHash":"8e818f08f3a19afb4052928413925592b1fe2ab624d51907ba3868a391a880c7"},"C:\\Users\\HP\\TeamWork-Backend-API\\src\\utils\\constant.js":{"path":"C:\\Users\\HP\\TeamWork-Backend-API\\src\\utils\\constant.js","statementMap":{"0":{"start":{"line":3,"column":0},"end":{"line":5,"column":3}},"1":{"start":{"line":6,"column":0},"end":{"line":6,"column":570}},"2":{"start":{"line":7,"column":28},"end":{"line":7,"column":67}},"3":{"start":{"line":8,"column":0},"end":{"line":8,"column":54}},"4":{"start":{"line":9,"column":21},"end":{"line":9,"column":56}},"5":{"start":{"line":10,"column":0},"end":{"line":10,"column":40}},"6":{"start":{"line":11,"column":21},"end":{"line":11,"column":77}},"7":{"start":{"line":12,"column":0},"end":{"line":12,"column":40}},"8":{"start":{"line":13,"column":27},"end":{"line":13,"column":50}},"9":{"start":{"line":14,"column":0},"end":{"line":14,"column":52}},"10":{"start":{"line":15,"column":20},"end":{"line":15,"column":29}},"11":{"start":{"line":16,"column":0},"end":{"line":16,"column":38}},"12":{"start":{"line":17,"column":14},"end":{"line":17,"column":69}},"13":{"start":{"line":18,"column":0},"end":{"line":18,"column":26}},"14":{"start":{"line":19,"column":22},"end":{"line":19,"column":51}},"15":{"start":{"line":20,"column":0},"end":{"line":20,"column":42}},"16":{"start":{"line":21,"column":24},"end":{"line":21,"column":78}},"17":{"start":{"line":22,"column":0},"end":{"line":22,"column":46}},"18":{"start":{"line":23,"column":24},"end":{"line":23,"column":96}},"19":{"start":{"line":24,"column":0},"end":{"line":24,"column":46}},"20":{"start":{"line":25,"column":21},"end":{"line":25,"column":51}},"21":{"start":{"line":26,"column":0},"end":{"line":26,"column":40}},"22":{"start":{"line":27,"column":29},"end":{"line":27,"column":59}},"23":{"start":{"line":28,"column":0},"end":{"line":28,"column":56}},"24":{"start":{"line":29,"column":22},"end":{"line":29,"column":52}},"25":{"start":{"line":30,"column":0},"end":{"line":30,"column":42}},"26":{"start":{"line":31,"column":28},"end":{"line":31,"column":37}},"27":{"start":{"line":32,"column":0},"end":{"line":32,"column":54}},"28":{"start":{"line":33,"column":18},"end":{"line":33,"column":44}},"29":{"start":{"line":34,"column":0},"end":{"line":34,"column":34}},"30":{"start":{"line":35,"column":20},"end":{"line":35,"column":27}},"31":{"start":{"line":36,"column":0},"end":{"line":36,"column":38}},"32":{"start":{"line":37,"column":26},"end":{"line":37,"column":52}},"33":{"start":{"line":38,"column":0},"end":{"line":38,"column":50}},"34":{"start":{"line":39,"column":20},"end":{"line":39,"column":84}},"35":{"start":{"line":40,"column":0},"end":{"line":40,"column":38}},"36":{"start":{"line":41,"column":16},"end":{"line":41,"column":47}},"37":{"start":{"line":42,"column":0},"end":{"line":42,"column":30}},"38":{"start":{"line":43,"column":16},"end":{"line":43,"column":42}},"39":{"start":{"line":44,"column":0},"end":{"line":44,"column":30}},"40":{"start":{"line":45,"column":18},"end":{"line":45,"column":27}},"41":{"start":{"line":46,"column":0},"end":{"line":46,"column":34}},"42":{"start":{"line":47,"column":21},"end":{"line":47,"column":51}},"43":{"start":{"line":48,"column":0},"end":{"line":48,"column":40}},"44":{"start":{"line":49,"column":19},"end":{"line":49,"column":50}},"45":{"start":{"line":50,"column":0},"end":{"line":50,"column":36}}},"fnMap":{},"branchMap":{},"s":{"0":1,"1":1,"2":1,"3":1,"4":1,"5":1,"6":1,"7":1,"8":1,"9":1,"10":1,"11":1,"12":1,"13":1,"14":1,"15":1,"16":1,"17":1,"18":1,"19":1,"20":1,"21":1,"22":1,"23":1,"24":1,"25":1,"26":1,"27":1,"28":1,"29":1,"30":1,"31":1,"32":1,"33":1,"34":1,"35":1,"36":1,"37":1,"38":1,"39":1,"40":1,"41":1,"42":1,"43":1,"44":1,"45":1},"f":{},"b":{},"_coverageSchema":"43e27e138ebf9cfc5966b082cf9a028302ed4184","hash":"367c7d79d22ed2e5186d6f4ec4be66d97baed3c5","contentHash":"7acb4b0cdcdd547a704ed786145c7c43bcd5debc7b0e6a07137c7fd6e705db8c"},"C:\\Users\\HP\\TeamWork-Backend-API\\src\\modules\\authentication\\signup_account.js":{"path":"C:\\Users\\HP\\TeamWork-Backend-API\\src\\modules\\authentication\\signup_account.js","statementMap":{"0":{"start":{"line":3,"column":0},"end":{"line":5,"column":3}},"1":{"start":{"line":6,"column":0},"end":{"line":6,"column":72}},"2":{"start":{"line":8,"column":16},"end":{"line":8,"column":49}},"3":{"start":{"line":10,"column":13},"end":{"line":10,"column":68}},"4":{"start":{"line":12,"column":16},"end":{"line":12,"column":47}},"5":{"start":{"line":14,"column":13},"end":{"line":14,"column":59}},"6":{"start":{"line":16,"column":39},"end":{"line":16,"column":95}},"7":{"start":{"line":18,"column":15},"end":{"line":105,"column":1}},"8":{"start":{"line":21,"column":2},"end":{"line":104,"column":28}},"9":{"start":{"line":22,"column":4},"end":{"line":103,"column":5}},"10":{"start":{"line":23,"column":6},"end":{"line":102,"column":7}},"11":{"start":{"line":25,"column":10},"end":{"line":25,"column":28}},"12":{"start":{"line":26,"column":10},"end":{"line":26,"column":28}},"13":{"start":{"line":27,"column":10},"end":{"line":27,"column":56}},"14":{"start":{"line":30,"column":10},"end":{"line":30,"column":31}},"15":{"start":{"line":31,"column":10},"end":{"line":31,"column":37}},"16":{"start":{"line":32,"column":10},"end":{"line":32,"column":35}},"17":{"start":{"line":33,"column":10},"end":{"line":33,"column":29}},"18":{"start":{"line":34,"column":10},"end":{"line":34,"column":35}},"19":{"start":{"line":35,"column":10},"end":{"line":35,"column":31}},"20":{"start":{"line":36,"column":10},"end":{"line":36,"column":33}},"21":{"start":{"line":37,"column":10},"end":{"line":37,"column":39}},"22":{"start":{"line":38,"column":10},"end":{"line":38,"column":33}},"23":{"start":{"line":39,"column":10},"end":{"line":39,"column":58}},"24":{"start":{"line":40,"column":10},"end":{"line":40,"column":29}},"25":{"start":{"line":41,"column":10},"end":{"line":41,"column":80}},"26":{"start":{"line":44,"column":10},"end":{"line":44,"column":35}},"27":{"start":{"line":46,"column":10},"end":{"line":49,"column":11}},"28":{"start":{"line":47,"column":12},"end":{"line":47,"column":31}},"29":{"start":{"line":48,"column":12},"end":{"line":48,"column":18}},"30":{"start":{"line":51,"column":10},"end":{"line":54,"column":14}},"31":{"start":{"line":57,"column":10},"end":{"line":57,"column":173}},"32":{"start":{"line":58,"column":10},"end":{"line":58,"column":99}},"33":{"start":{"line":59,"column":10},"end":{"line":59,"column":29}},"34":{"start":{"line":60,"column":10},"end":{"line":60,"column":80}},"35":{"start":{"line":63,"column":10},"end":{"line":63,"column":31}},"36":{"start":{"line":65,"column":10},"end":{"line":68,"column":11}},"37":{"start":{"line":66,"column":12},"end":{"line":66,"column":31}},"38":{"start":{"line":67,"column":12},"end":{"line":67,"column":18}},"39":{"start":{"line":70,"column":10},"end":{"line":70,"column":31}},"40":{"start":{"line":71,"column":10},"end":{"line":74,"column":13}},"41":{"start":{"line":75,"column":10},"end":{"line":82,"column":14}},"42":{"start":{"line":85,"column":10},"end":{"line":85,"column":29}},"43":{"start":{"line":86,"column":10},"end":{"line":86,"column":16}},"44":{"start":{"line":89,"column":10},"end":{"line":89,"column":29}},"45":{"start":{"line":90,"column":10},"end":{"line":90,"column":45}},"46":{"start":{"line":91,"column":10},"end":{"line":94,"column":14}},"47":{"start":{"line":97,"column":10},"end":{"line":97,"column":50}},"48":{"start":{"line":101,"column":10},"end":{"line":101,"column":33}},"49":{"start":{"line":107,"column":0},"end":{"line":107,"column":28}},"50":{"start":{"line":109,"column":20},"end":{"line":198,"
[...]
1}},"5":{"start":{"line":22,"column":0},"end":{"line":22,"column":20}},"6":{"start":{"line":23,"column":17},"end":{"line":32,"column":1}},"7":{"start":{"line":33,"column":0},"end":{"line":33,"column":32}},"8":{"start":{"line":34,"column":16},"end":{"line":43,"column":1}},"9":{"start":{"line":44,"column":0},"end":{"line":44,"column":30}},"10":{"start":{"line":45,"column":19},"end":{"line":53,"column":1}},"11":{"start":{"line":54,"column":0},"end":{"line":54,"column":36}},"12":{"start":{"line":55,"column":12},"end":{"line":64,"column":1}},"13":{"start":{"line":65,"column":0},"end":{"line":65,"column":22}},"14":{"start":{"line":66,"column":12},"end":{"line":75,"column":1}},"15":{"start":{"line":76,"column":0},"end":{"line":76,"column":22}},"16":{"start":{"line":77,"column":13},"end":{"line":80,"column":1}},"17":{"start":{"line":81,"column":0},"end":{"line":81,"column":24}},"18":{"start":{"line":82,"column":20},"end":{"line":85,"column":1}},"19":{"start":{"line":86,"column":0},"end":{"line":86,"column":38}},"20":{"start":{"line":87,"column":16},"end":{"line":87,"column":37}},"21":{"start":{"line":88,"column":0},"end":{"line":88,"column":30}},"22":{"start":{"line":89,"column":14},"end":{"line":89,"column":35}},"23":{"start":{"line":90,"column":0},"end":{"line":90,"column":26}},"24":{"start":{"line":91,"column":17},"end":{"line":91,"column":39}},"25":{"start":{"line":92,"column":0},"end":{"line":92,"column":32}},"26":{"start":{"line":93,"column":20},"end":{"line":100,"column":1}},"27":{"start":{"line":101,"column":0},"end":{"line":101,"column":38}}},"fnMap":{"0":{"name":"_interopRequireDefault","decl":{"start":{"line":10,"column":9},"end":{"line":10,"column":31}},"loc":{"start":{"line":10,"column":37},"end":{"line":10,"column":97}},"line":10}},"branchMap":{"0":{"loc":{"start":{"line":10,"column":46},"end":{"line":10,"column":94}},"type":"cond-expr","locations":[{"start":{"line":10,"column":70},"end":{"line":10,"column":73}},{"start":{"line":10,"column":76},"end":{"line":10,"column":94}}],"line":10},"1":{"loc":{"start":{"line":10,"column":46},"end":{"line":10,"column":67}},"type":"binary-expr","locations":[{"start":{"line":10,"column":46},"end":{"line":10,"column":49}},{"start":{"line":10,"column":53},"end":{"line":10,"column":67}}],"line":10}},"s":{"0":1,"1":1,"2":1,"3":1,"4":1,"5":1,"6":1,"7":1,"8":1,"9":1,"10":1,"11":1,"12":1,"13":1,"14":1,"15":1,"16":1,"17":1,"18":1,"19":1,"20":1,"21":1,"22":1,"23":1,"24":1,"25":1,"26":1,"27":1},"f":{"0":1},"b":{"0":[0,1],"1":[1,1]},"_coverageSchema":"43e27e138ebf9cfc5966b082cf9a028302ed4184","hash":"f9f2a92d0b50c398726c90ea146eaad0271ca0c7","contentHash":"e82d1c684f1c2210c5a2fff6f99fd7fcb56fcfc8456c0b348ff4921970de3455"},"C:\\Users\\HP\\TeamWork-Backend-API\\src\\modules\\gifs\\gif.spec.js":{"path":"C:\\Users\\HP\\TeamWork-Backend-API\\src\\modules\\gifs\\gif.spec.js","statementMap":{"0":{"start":{"line":3,"column":24},"end":{"line":3,"column":328}},"1":{"start":{"line":3,"column":99},"end":{"line":3,"column":154}},"2":{"start":{"line":3,"column":133},"end":{"line":3,"column":151}},"3":{"start":{"line":3,"column":164},"end":{"line":3,"column":326}},"4":{"start":{"line":3,"column":198},"end":{"line":3,"column":323}},"5":{"start":{"line":3,"column":329},"end":{"line":3,"column":349}},"6":{"start":{"line":5,"column":13},"end":{"line":5,"column":29}},"7":{"start":{"line":7,"column":12},"end":{"line":7,"column":51}},"8":{"start":{"line":9,"column":16},"end":{"line":9,"column":60}},"9":{"start":{"line":11,"column":11},"end":{"line":11,"column":55}},"10":{"start":{"line":13,"column":12},"end":{"line":13,"column":83}},"11":{"start":{"line":15,"column":38},"end":{"line":15,"column":85}},"12":{"start":{"line":15,"column":73},"end":{"line":15,"column":85}},"13":{"start":{"line":15,"column":98},"end":{"line":15,"column":111}},"14":{"start":{"line":15,"column":113},"end":{"line":15,"column":194}},"15":{"start":{"line":15,"column":178},"end":{"line":15,"column":191}},"16":{"start":{"line":15,"column":195},"end":{"line":15,"column":208}},"17":{"start":{"line":17,"column":40},"end":{"line":17,"column":82}},"18":{"start":{"line":17,"column":69},"end":{"line":17,"column":80}},"19":{"start":{"line":17,"column":83},"end":{"line":17,"column":189}},"20":{"start":{"line":17,"column":161},"end":{"line":17,"column":187}},"21":{"start":{"line":17,"column":202},"end":{"line":17,"column":228}},"22":{"start":{"line":17,"column":230},"end":{"line":17,"column":285}},"23":{"start":{"line":17,"column":261},"end":{"line":17,"column":283}},"24":{"start":{"line":17,"column":299},"end":{"line":17,"column":301}},"25":{"start":{"line":17,"column":331},"end":{"line":17,"column":387}},"26":{"start":{"line":17,"column":389},"end":{"line":17,"column":669}},"27":{"start":{"line":17,"column":412},"end":{"line":17,"column":667}},"28":{"start":{"line":17,"column":477},"end":{"line":17,"column":549}},"29":{"start":{"line":17,"column":551},"end":{"line":17,"column":665}},"30":{"start":{"line":17,"column":589},"end":{"line":17,"column":630}},"31":{"start":{"line":17,"column":640},"end":{"line":17,"column":663}},"32":{"start":{"line":17,"column":670},"end":{"line":17,"column":694}},"33":{"start":{"line":17,"column":695},"end":{"line":17,"column":733}},"34":{"start":{"line":17,"column":708},"end":{"line":17,"column":731}},"35":{"start":{"line":17,"column":734},"end":{"line":17,"column":748}},"36":{"start":{"line":19,"column":39},"end":{"line":19,"column":95}},"37":{"start":{"line":21,"column":13},"end":{"line":21,"column":36}},"38":{"start":{"line":23,"column":0},"end":{"line":23,"column":43}},"39":{"start":{"line":26,"column":0},"end":{"line":33,"column":3}},"40":{"start":{"line":27,"column":2},"end":{"line":32,"column":5}},"41":{"start":{"line":28,"column":4},"end":{"line":31,"column":7}},"42":{"start":{"line":29,"column":6},"end":{"line":29,"column":48}},"43":{"start":{"line":30,"column":6},"end":{"line":30,"column":13}},"44":{"start":{"line":34,"column":0},"end":{"line":93,"column":3}},"45":{"start":{"line":35,"column":2},"end":{"line":42,"column":5}},"46":{"start":{"line":36,"column":4},"end":{"line":41,"column":7}},"47":{"start":{"line":37,"column":6},"end":{"line":37,"column":36}},"48":{"start":{"line":38,"column":6},"end":{"line":38,"column":25}},"49":{"start":{"line":38,"column":15},"end":{"line":38,"column":25}},"50":{"start":{"line":39,"column":6},"end":{"line":39,"column":48}},"51":{"start":{"line":40,"column":6},"end":{"line":40,"column":13}},"52":{"start":{"line":43,"column":2},"end":{"line":65,"column":5}},"53":{"start":{"line":45,"column":4},"end":{"line":64,"column":7}},"54":{"start":{"line":46,"column":6},"end":{"line":63,"column":7}},"55":{"start":{"line":47,"column":8},"end":{"line":62,"column":9}},"56":{"start":{"line":49,"column":12},"end":{"line":49,"column":30}},"57":{"start":{"line":50,"column":12},"end":{"line":50,"column":187}},"58":{"start":{"line":53,"column":12},"end":{"line":53,"column":37}},"59":{"start":{"line":54,"column":12},"end":{"line":54,"column":54}},"60":{"start":{"line":55,"column":12},"end":{"line":57,"column":15}},"61":{"start":{"line":61,"column":12},"end":{"line":61,"column":35}}},"fnMap":{"0":{"name":"_typeof","decl":{"start":{"line":3,"column":9},"end":{"line":3,"column":16}},"loc":{"start":{"line":3,"column":22},"end":{"line":3,"column":351}},"line":3},"1":{"name":"_typeof","decl":{"start":{"line":3,"column":118},"end":{"line":3,"column":125}},"loc":{"start":{"line":3,"column":131},"end":{"line":3,"column":153}},"line":3},"2":{"name":"_typeof","decl":{"start":{"line":3,"column":183},"end":{"line":3,"column":190}},"loc":{"start":{"line":3,"column":196},"end":{"line":3,"column":325}},"line":3},"3":{"name":"_getRequireWildcardCache","decl":{"start":{"line":15,"column":9},"end":{"line":15,"column":33}},"loc":{"start":{"line":15,"column":36},"end":{"line":15,"column":210}},"line":15},"4":{"name":"_getRequireWildcardCache","decl":{"start":{"line":15,"column":149},"end":{"line":15,"column":173}},"loc":{"start":{"line":15,"column":176},"end":{"line":15,"column":193}},"line":15},"5":{"name":"_interopRequireWildcard","decl":{"start":{"line":17,"column":9},"end":{"line":17,"column":32}},"loc":{"start":{"line":17,"column":38},"end":{"line":17,"column":750}},"line":17},"6":{"name":"_interopRequireDefault","decl":{"start":{"line":19,"column":9},"end":{"line":19,"column":31}},"loc":{"start":{"line":19,"column":37},"end":{"line":19,"column":97}},"line":19},"7":{"name":"(anonymous_7)","decl":{"start":{"line":26,"column":52},"end":{"line":26,"column":53}},"loc":{"start":{"line":26,"column":64},"end":{"line":33,"column":1}},"line":26},"8":{"name":"(anonymous_8)","decl":{"start":{"line":27,"column":47},"end":{"line":27,"column":48}},"loc":{"start":{"line":27,"column":63},"end":{"line":32,"column":3}},"line":27},"9":{"name":"(anonymous_9)","decl":{"start":{"line":28,"column":90},"end":{"line":28,"column":91}},"loc":{"start":{"line":28,"column":115},"end":{"line":31,"column":5}},"line":28},"10":{"name":"(anonymous_10)","decl":{"start":{"line":34,"column":52},"end":{"line":34,"column":53}},"loc":{"start":{"line":34,"column":64},"end":{"line":93,"column":1}},"line":34},"11":{"name":"(anonymous_11)","decl":{"start":{"line":35,"column":24},"end":{"line":35,"column":25}},"loc":{"start":{"line":35,"column":40},"end":{"line":42,"column":3}},"line":35},"12":{"name":"(anonymous_12)","decl":{"start":{"line":36,"column":90},"end":{"line":36,"column":91}},"loc":{"start":{"line":36,"column":115},"end":{"line":41,"column":5}},"line":36},"13":{"name":"_callee","decl":{"start":{"line":43,"column":58},"end":{"line":43,"column":65}},"loc":{"start":{"line":43,"column":68},"end":{"line":65,"column":3}},"line":43},"14":{"name":"_callee$","decl":{"start":{"line":45,"column":45},"end":{"line":45,"column":53}},"loc":{"start":{"line":45,"column":64},"end":{"line":64,"column":5}},"line":45}},"branchMap":{"0":{"loc":{"start":{"line":3,"column":24},"end":{"line":3,"column":328}},"type":"if","locations":[{"start":{"line":3,"column":24},"end":{"line":3,"column":328}},{"start":{"line":3,"column":24},"end":{"line":3,"column":328}}],"line":3},"1":{"loc":{"start":{"line":3,"column":28},"end":{"line":3,"column":95}},"type":"binary-expr","locations":[{"start":{"line":3,"column":28},"end":{"line":3,"column":56}},{"start":{"line":3,"column":60},"end":{"line":3,"column":95}}],"line":3},"2":{"loc":{"start":{"line":3,"column":205},"end":{"line":3,"column":322}},"type":"cond-expr","locations":[{"start":{"line":3,"column":301},"end":{"line":3,"column":309}},{"start":{"line":3,"column":312},"end":{"line":3,"column":322}}],"line":3},"3":{"loc":{"start":{"line":3,"column":205},"end":{"line":3,"column":298}},"type":"binary-expr","locations":[{"start":{"line":3,"column":205},"end":{"line":3,"column":208}},{"start":{"line":3,"column":212},"end":{"line":3,"column":240}},{"start":{"line":3,"column":244},"end":{"line":3,"column":270}},{"start":{"line":3,"column":274},"end":{"line":3,"column":298}}],"line":3},"4":{"loc":{"start":{"line":15,"column":38},"end":{"line":15,"column":85}},"type":"if","locations":[{"start":{"line":15,"column":38},"end":{"line":15,"column":85}},{"start":{"line":15,"column":38},"end":{"line":15,"column":85}}],"line":15},"5":{"loc":{"start":{"line":17,"column":40},"end":{"line":17,"column":82}},"type":"if","locations":[{"start":{"line":17,"column":40},"end":{"line":17,"column":82}},{"start":{"line":17,"column":40},"end":{"line":17,"column":82}}],"line":17},"6":{"loc":{"start":{"line":17,"column":44},"end":{"line":17,"column":65}},"type":"binary-expr","locations":[{"start":{"line":17,"column":44},"end":{"line":17,"column":47}},{"start":{"line":17,"column":51},"end":{"line":17,"column":65}}],"line":17},"7":{"loc":{"start":{"line":17,"column":83},"end":{"line":17,"column":189}},"type":"if","locations":[{"start":{"line":17,"column":83},"end":{"line":17,"column":189}},{"start":{"line":17,"column":83},"end":{"line":17,"column":189}}],"line":17},"8":{"loc":{"start":{"line":17,"column":87},"end":{"line":17,"column":157}},"type":"binary-expr","locations":[{"start":{"line":17,"column":87},"end":{"line":17,"column":99}},{"start":{"line":17,"column":103},"end":{"line":17,"column":128}},{"start":{"line":17,"column":132},"end":{"line":17,"column":157}}],"line":17},"9":{"loc":{"start":{"line":17,"column":230},"end":{"line":17,"column":285}},"type":"if","locations":[{"start":{"line":17,"column":230},"end":{"line":17,"column":285}},{"start":{"line":17,"column":230},"end":{"line":17,"column":285}}],"line":17},"10":{"loc":{"start":{"line":17,"column":234},"end":{"line":17,"column":257}},"type":"binary-expr","locations":[{"start":{"line":17,"column":234},"end":{"line":17,"column":239}},{"start":{"line":17,"column":243},"end":{"line":17,"column":257}}],"line":17},"11":{"loc":{"start":{"line":17,"column":331},"end":{"line":17,"column":387}},"type":"binary-expr","locations":[{"start":{"line":17,"column":331},"end":{"line":17,"column":352}},{"start":{"line":17,"column":356},"end":{"line":17,"column":387}}],"line":17},"12":{"loc":{"start":{"line":17,"column":412},"end":{"line":17,"column":667}},"type":"if","locations":[{"start":{"line":17,"column":412},"end":{"line":17,"column":667}},{"start":{"line":17,"column":412},"end":{"line":17,"column":667}}],"line":17},"13":{"loc":{"start":{"line":17,"column":477},"end":{"line":17,"column":549}},"type":"cond-expr","locations":[{"start":{"line":17,"column":501},"end":{"line":17,"column":542}},{"start":{"line":17,"column":545},"end":{"line":17,"column":549}}],"line":17},"14":{"loc":{"start":{"line":17,"column":551},"end":{"line":17,"column":665}},"type":"if","locations":[{"start":{"line":17,"column":551},"end":{"line":17,"column":665}},{"start":{"line":17,"column":551},"end":{"line":17,"column":665}}],"line":17},"15":{"loc":{"start":{"line":17,"column":555},"end":{"line":17,"column":585}},"type":"binary-expr","locations":[{"start":{"line":17,"column":555},"end":{"line":17,"column":559}},{"start":{"line":17,"column":564},"end":{"line":17,"column":572}},{"start":{"line":17,"column":576},"end":{"line":17,"column":584}}],"line":17},"16":{"loc":{"start":{"line":17,"column":695},"end":{"line":17,"column":733}},"type":"if","locations":[{"start":{"line":17,"column":695},"end":{"line":17,"column":733}},{"start":{"line":17,"column":695},"end":{"line":17,"column":733}}],"line":17},"17":{"loc":{"start":{"line":19,"column":46},"end":{"line":19,"column":94}},"type":"cond-expr","locations":[{"start":{"line":19,"column":70},"end":{"line":19,"column":73}},{"start":{"line":19,"column":76},"end":{"line":19,"column":94}}],"line":19},"18":{"loc":{"start":{"line":19,"column":46},"end":{"line":19,"column":67}},"type":"binary-expr","locations":[{"start":{"line":19,"column":46},"end":{"line":19,"column":49}},{"start":{"line":19,"column":53},"end":{"line":19,"column":67}}],"line":19},"19":{"loc":{"start":{"line":38,"column":6},"end":{"line":38,"column":25}},"type":"if","locations":[{"start":{"line":38,"column":6},"end":{"line":38,"column":25}},{"start":{"line":38,"column":6},"end":{"line":38,"column":25}}],"line":38},"20":{"loc":{"start":{"line":47,"column":8},"end":{"line":62,"column":9}},"type":"switch","locations":[{"start":{"line":48,"column":10},"end":{"line":50,"column":187}},{"start":{"line":52,"column":10},"end":{"line":57,"column":15}},{"start":{"line":59,"column":10},"end":{"line":59,"column":17}},{"start":{"line":60,"column":10},"end":{"line":61,"column":35}}],"line":47}},"s":{"0":0,"1":0,"2":0,"3":0,"4":0,"5":0,"6":1,"7":1,"8":1,"9":1,"10":1,"11":0,"12":0,"13":0,"14":0,"15":0,"16":0,"17":1,"18":1,"19":0,"20":0,"21":0,"22":0,"23":0,"24":0,"25":0,"26":0,"27":0,"28":0,"29":0,"30":0,"31":0,"32":0,"33":0,"34":0,"35":0,"36":3,"37":1,"38":1,"39":1,"40":1,"41":1,"42":1,"43":1,"44":1,"45":1,"46":1,"47":1,"48":1,"49":0,"50":1,"51":1,"52":1,"53":1,"54":2,"55":2,"56":1,"57":1,"58":0,"59":0,"60":0,"61":1},"f":{"0":0,"1":0,"2":0,"3":0,"4":0,"5":1,"6":3,"7":1,"8":1,"9":1,"10":1,"11":1,"12":1,"13":1,"14":2},"b":{"0":[0,0],"1":[0,0],"2":[0,0],"3":[0,0,0,0],"4":[0,0],"5":[1,0],"6":[1,1],"7":[0,0],"8":[0,0,0],"9":[0,0],"10":[0,0],"11":[0,0],"12":[0,0],"13":[0,0],"14":[0,0],"15":[0,0,0],"16":[0,0],"17":[1,2],"18":[3,3],"19":[0,1],"20":[1,0,0,1]},"_coverageSchema":"43e27e138ebf9cfc5966b082cf9a028302ed4184","hash":"b8d8a7d3dc1a419f151d23c81b8025f84eac2b09","contentHash":"20f9f920921100fe32172a3aae424ff2c2ef8da15faad810e588e8a5c11d9091"},"C:\\Users\\HP\\TeamWork-Backend-API\\src\\services\\gifs\\__mocks__\\index.js":{"path":"C:\\Users\\HP\\TeamWork-Backend-API\\src\\services\\gifs\\__mocks__\\index.js","statementMap":{"0":{"start":{"line":3,"column":0},"end":{"line":5,"column":3}},"1":{"start":{"line":6,"column":0},"end":{"line":6,"column":296}},"2":{"start":{"line":8,"column":13},"end":{"line":8,"column":53}},"3":{"start":{"line":10,"column":10},"end":{"line":10,"column":47}},"4":{"start":{"line":12,"column":39},"end":{"line":12,"column":95}},"5":{"start":{"line":14,"column":17},"end":{"line":17,"column":1}},"6":{"start":{"line":18,"column":0},"end":{"line":18,"column":32}},"7":{"start":{"line":19,"column":18},"end":{"line":22,"column":1}},"8":{"start":{"line":23,"column":0},"end":{"line":23,"column":34}},"9":{"start":{"line":24,"column":17},"end":{"line":27,"column":1}},"10":{"start":{"line":28,"column":0},"end":{"line":28,"column":32}},"11":{"start":{"line":29,"column":21},"end":{"line":31,"column":1}},"12":{"start":{"line":32,"column":0},"end":{"line":32,"column":40}},"13":{"start":{"line":33,"column":19},"end":{"line":35,"column":1}},"14":{"start":{"line":36,"column":0},"end":{"line":36,"column":36}},"15":{"start":{"line":37,"column":11},"end":{"line":46,"column":1}},"16":{"start":{"line":47,"column":0},"end":{"line":47,"column":20}},"17":{"start":{"line":48,"column":13},"end":{"line":51,"column":1}},"18":{"start":{"line":52,"column":0},"end":{"line":52,"column":24}},"19":{"start":{"line":53,"column":18},"end":{"line":56,"column":1}},"20":{"start":{"line":57,"column":0},"end":{"line":57,"column":34}},"21":{"start":{"line":58,"column":15},"end":{"line":58,"column":36}},"22":{"start":{"line":59,"column":0},"end":{"line":59,"column":28}},"23":{"start":{"line":60,"column":13},"end":{"line":60,"column":26}},"24":{"start":{"line":61,"column":0},"end":{"line":61,"column":24}},"25":{"start":{"line":62,"column":17},"end":{"line":62,"column":38}},"26":{"start":{"line":63,"column":0},"end":{"line":63,"column":32}},"27":{"start":{"line":64,"column":18},"end":{"line":64,"column":33}},"28":{"start":{"line":65,"column":0},"end":{"line":65,"column":34}},"29":{"start":{"line":66,"column":18},"end":{"line":66,"column":34}},"30":{"start":{"line":67,"column":0},"end":{"line":67,"column":34}},"31":{"start":{"line":68,"column":18},"end":{"line":68,"column":41}},"32":{"start":{"line":69,"column":0},"end":{"line":69,"column":34}}},"fnMap":{"0":{"name":"_interopRequireDefault","decl":{"start":{"line":12,"column":9},"end":{"line":12,"column":31}},"loc":{"start":{"line":12,"column":37},"end":{"line":12,"column":97}},"line":12}},"branchMap":{"0":{"loc":{"start":{"line":12,"column":46},"end":{"line":12,"column":94}},"type":"cond-expr","locations":[{"start":{"line":12,"column":70},"end":{"line":12,"column":73}},{"start":{"line":12,"column":76},"end":{"line":12,"column":94}}],"line":12},"1":{"loc":{"start":{"line":12,"column":46},"end":{"line":12,"column":67}},"type":"binary-expr","locations":[{"start":{"line":12,"column":46},"end":{"line":12,"column":49}},{"start":{"line":12,"column":53},"end":{"line":12,"column":67}}],"line":12}},"s":{"0":1,"1":1,"2":1,"3":1,"4":2,"5":1,"6":1,"7":1,"8":1,"9":1,"10":1,"11":1,"12":1,"13":1,"14":1,"15":1,"16":1,"17":1,"18":1,"19":1,"20":1,"21":1,"22":1,"23":1,"24":1,"25":1,"26":1,"27":1,"28":1,"29":1,"30":1,"31":1,"32":1},"f":{"0":2},"b":{"0":[0,2],"1":[2,2]},"_coverageSchema":"43e27e138ebf9cfc5966b082cf9a028302ed4184","hash":"08bbec80479f97078554156cd34e3f5265c49065","contentHash":"459e3ed4a03557e15a802e8d55a3d47d207a4b22a0958fec72e59065aca07a30"}}