{"C:\\Users\\HP\\TeamWork-Backend-API\\src\\modules\\admin\\admin.spec.js":{"path":"C:\\Users\\HP\\TeamWork-Backend-API\\src\\modules\\admin\\admin.spec.js","statementMap":{},"fnMap":{},"branchMap":{},"s":{},"f":{},"b":{},"_coverageSchema":"43e27e138ebf9cfc5966b082cf9a028302ed4184","hash":"26856d1b022b7eaa86a691bfe4e2eb2df02844e1","contentHash":"e38ce4dec7696928615600fb3d66cc63c2315610112adcff4ccd0b46e3668ca8"},"C:\\Users\\HP\\TeamWork-Backend-API\\src\\modules\\articles\\article.spec.js":{"path":"C:\\Users\\HP\\TeamWork-Backend-API\\src\\modules\\articles\\article.spec.js","statementMap":{"0":{"start":{"line":3,"column":24},"end":{"line":3,"column":328}},"1":{"start":{"line":3,"column":99},"end":{"line":3,"column":154}},"2":{"start":{"line":3,"column":133},"end":{"line":3,"column":151}},"3":{"start":{"line":3,"column":164},"end":{"line":3,"column":326}},"4":{"start":{"line":3,"column":198},"end":{"line":3,"column":323}},"5":{"start":{"line":3,"column":329},"end":{"line":3,"column":349}},"6":{"start":{"line":5,"column":13},"end":{"line":5,"column":29}},"7":{"start":{"line":7,"column":12},"end":{"line":7,"column":51}},"8":{"start":{"line":9,"column":16},"end":{"line":9,"column":60}},"9":{"start":{"line":11,"column":11},"end":{"line":11,"column":55}},"10":{"start":{"line":13,"column":11},"end":{"line":13,"column":80}},"11":{"start":{"line":15,"column":38},"end":{"line":15,"column":85}},"12":{"start":{"line":15,"column":73},"end":{"line":15,"column":85}},"13":{"start":{"line":15,"column":98},"end":{"line":15,"column":111}},"14":{"start":{"line":15,"column":113},"end":{"line":15,"column":194}},"15":{"start":{"line":15,"column":178},"end":{"line":15,"column":191}},"16":{"start":{"line":15,"column":195},"end":{"line":15,"column":208}},"17":{"start":{"line":17,"column":40},"end":{"line":17,"column":82}},"18":{"start":{"line":17,"column":69},"end":{"line":17,"column":80}},"19":{"start":{"line":17,"column":83},"end":{"line":17,"column":189}},"20":{"start":{"line":17,"column":161},"end":{"line":17,"column":187}},"21":{"start":{"line":17,"column":202},"end":{"line":17,"column":228}},"22":{"start":{"line":17,"column":230},"end":{"line":17,"column":285}},"23":{"start":{"line":17,"column":261},"end":{"line":17,"column":283}},"24":{"start":{"line":17,"column":299},"end":{"line":17,"column":301}},"25":{"start":{"line":17,"column":331},"end":{"line":17,"column":387}},"26":{"start":{"line":17,"column":389},"end":{"line":17,"column":669}},"27":{"start":{"line":17,"column":412},"end":{"line":17,"column":667}},"28":{"start":{"line":17,"column":477},"end":{"line":17,"column":549}},"29":{"start":{"line":17,"column":551},"end":{"line":17,"column":665}},"30":{"start":{"line":17,"column":589},"end":{"line":17,"column":630}},"31":{"start":{"line":17,"column":640},"end":{"line":17,"column":663}},"32":{"start":{"line":17,"column":670},"end":{"line":17,"column":694}},"33":{"start":{"line":17,"column":695},"end":{"line":17,"column":733}},"34":{"start":{"line":17,"column":708},"end":{"line":17,"column":731}},"35":{"start":{"line":17,"column":734},"end":{"line":17,"column":748}},"36":{"start":{"line":19,"column":39},"end":{"line":19,"column":95}},"37":{"start":{"line":21,"column":13},"end":{"line":21,"column":36}},"38":{"start":{"line":23,"column":0},"end":{"line":23,"column":43}},"39":{"start":{"line":26,"column":0},"end":{"line":34,"column":3}},"40":{"start":{"line":27,"column":2},"end":{"line":33,"column":5}},"41":{"start":{"line":28,"column":4},"end":{"line":32,"column":7}},"42":{"start":{"line":29,"column":6},"end":{"line":29,"column":25}},"43":{"start":{"line":29,"column":15},"end":{"line":29,"column":25}},"44":{"start":{"line":30,"column":6},"end":{"line":30,"column":48}},"45":{"start":{"line":31,"column":6},"end":{"line":31,"column":13}},"46":{"start":{"line":35,"column":0},"end":{"line":74,"column":3}},"47":{"start":{"line":36,"column":2},"end":{"line":43,"column":5}},"48":{"start":{"line":37,"column":4},"end":{"line":42,"column":7}},"49":{"start":{"line":38,"column":6},"end":{"line":38,"column":37}},"50":{"start":{"line":39,"column":6},"end":{"line":39,"column":25}},"51":{"start":{"line":39,"column":15},"end":{"line":39,"column":25}},"52":{"start":{"line":40,"column":6},"end":{"line":40,"column":48}},"53":{"start":{"line":41,"column":6},"end":{"line":41,"column":13}},"54":{"start":{"line":44,"column":2},"end":{"line":53,"column":5}},"55":{"start":{"line":45,"column":4},"end":{"line":52,"column":7}},"56":{"start":{"line":46,"column":6},"end":{"line":46,"column":25}},"57":{"start":{"line":46,"column":15},"end":{"line":46,"column":25}},"58":{"start":{"line":47,"column":6},"end":{"line":47,"column":48}},"59":{"start":{"line":48,"column":6},"end":{"line":50,"column":9}},"60":{"start":{"line":51,"column":6},"end":{"line":51,"column":13}},"61":{"start":{"line":54,"column":2},"end":{"line":63,"column":5}},"62":{"start":{"line":55,"column":4},"end":{"line":62,"column":7}},"63":{"start":{"line":56,"column":6},"end":{"line":56,"column":25}},"64":{"start":{"line":56,"column":15},"end":{"line":56,"column":25}},"65":{"start":{"line":57,"column":6},"end":{"line":57,"column":48}},"66":{"start":{"line":58,"column":6},"end":{"line":60,"column":9}},"67":{"start":{"line":61,"column":6},"end":{"line":61,"column":13}},"68":{"start":{"line":64,"column":2},"end":{"line":73,"column":5}},"69":{"start":{"line":65,"column":4},"end":{"line":72,"column":7}},"70":{"start":{"line":66,"column":6},"end":{"line":66,"column":25}},"71":{"start":{"line":66,"column":15},"end":{"line":66,"column":25}},"72":{"start":{"line":67,"column":6},"end":{"line":67,"column":48}},"73":{"start":{"line":68,"column":6},"end":{"line":70,"column":9}},"74":{"start":{"line":71,"column":6},"end":{"line":71,"column":13}},"75":{"start":{"line":75,"column":0},"end":{"line":169,"column":3}},"76":{"start":{"line":76,"column":2},"end":{"line":85,"column":5}},"77":{"start":{"line":77,"column":4},"end":{"line":84,"column":7}},"78":{"start":{"line":78,"column":6},"end":{"line":78,"column":25}},"79":{"start":{"line":78,"column":15},"end":{"line":78,"column":25}},"80":{"start":{"line":79,"column":6},"end":{"line":79,"column":48}},"81":{"start":{"line":80,"column":6},"end":{"line":82,"column":9}},"82":{"start":{"line":83,"column":6},"end":{"line":83,"column":13}},"83":{"start":{"line":86,"column":2},"end":{"line":95,"column":5}},"84":{"start":{"line":87,"column":4},"end":{"line":94,"column":7}},"85":{"start":{"line":88,"column":6},"end":{"line":88,"column":25}},"86":{"start":{"line":88,"column":15},"end":{"line":88,"column":25}},"87":{"start":{"line":89,"column":6},"end":{"line":89,"column":48}},"88":{"start":{"line":90,"column":6},"end":{"line":92,"column":9}},"89":{"start":{"line":93,"column":6},"end":{"line":93,"column":13}},"90":{"start":{"line":96,"column":2},"end":{"line":105,"column":5}},"91":{"start":{"line":97,"column":4},"end":{"line":104,"column":7}},"92":{"start":{"line":98,"column":6},"end":{"line":98,"column":25}},"93":{"start":{"line":98,"column":15},"end":{"line":98,"column":25}},"94":{"start":{"line":99,"column":6},"end":{"line":99,"column":48}},"95":{"start":{"line":100,"column":6},"end":{"line":102,"column":9}},"96":{"start":{"line":103,"column":6},"end":{"line":103,"column":13}},"97":{"start":{"line":106,"column":2},"end":{"line":127,"column":5}},"98":{"start":{"line":107,"column":4},"end":{"line":116,"column":7}},"99":{"start":{"line":108,"column":6},"end":{"line":115,"column":9}},"100":{"start":{"line":109,"column":8},"end":{"line":109,"column":27}},"101":{"start":{"line":109,"column":17},"end":{"line":109,"column":27}},"102":{"start":{"line":110,"column":8},"end":{"line":110,"column":50}},"103":{"start":{"line":111,"column":8},"end":{"line":113,"column":11}},"104":{"start":{"line":114,"column":8},"end":{"line":114,"column":15}},"105":{"start":{"line":117,"column":4},"end":{"line":126,"column":7}},"106":{"start":{"line":118,"column":6},"end":{"line":125,"column":9}},"107":{"start":{"line":119,"column":8},"end":{"line":119,"column":27}},"108":{"start":{"line":119,"column":17},"end":{"line":119,"column":27}},"109":{"start":{"line":120,"column":8},"end":{"line":120,"column":50}},"110":{"start":{"line":121,"column":8},"end":{"line":123,"column":11}},"111":{"start":{"line":124,"column":8},"end":{"line":124,"column":15}},"112":{"start":{"line":128,"column":2},"end":{"line":156,"column":5}},"113":{"start":{"line":129,"column":4},"end":{"line":138,"column":7}},"114":{"start":{"line":130,"column":6},"end":{"line":137,"column":9}},"115":{"start":{"line":131,"column":8},"end":{"line":131,"column":27}},"116":{"start":{"line":131,"column":17},"end":{"line":131,"column":27}},"117":{"start":{"line":132,"column":8},"end":{"line":132,"column":50}},"118":{"start":{"line":133,"column":8},"end":{"line":135,"column":11}},"119":{"start":{"line":136,"column":8},"end":{"line":136,"column":15}},"120":{"start":{"line":139,"column":4},"end":{"line":145,"column":7}},"121":{"start":{"line":140,"column":6},"end":{"line":144,"column":9}},"122":{"start":{"line":141,"column":8},"end":{"line":141,"column":27}},"123":{"start":{"line":141,"column":17},"end":{"line":141,"column":27}},"124":{"start":{"line":142,"column":8},"end":{"line":142,"column":50}},"125":{"start":{"line":143,"column":8},"end":{"line":143,"column":15}},"126":{"start":{"line":146,"column":4},"end":{"line":155,"column":7}},"127":{"start":{"line":147,"column":6},"end":{"line":154,"column":9}},"128":{"start":{"line":148,"column":8},"end":{"line":148,"column":27}},"129":{"start":{"line":148,"column":17},"end":{"line":148,"column":27}},"130":{"start":{"line":149,"column":8},"end":{"line":149,"column":50}},"131":{"start":{"line":150,"column":8},"end":{"line":152,"column":11}},"132":{"start":{"line":153,"column":8},"end":{"line":153,"column":15}},"133":{"start":{"line":157,"column":2},"end":{"line":168,"column":5}},"134":{"start":{"line":158,"column":4},"end":{"line":167,"column":7}},"135":{"start":{"line":159,"column":6},"end":{"line":166,"column":9}},"136":{"start":{"line":160,"column":8},"end":{"line":160,"column":27}},"137":{"start":{"line":160,"column":17},"end":{"line":160,"column":27}},"138":{"start":{"line":161,"column":8},"end":{"line":161,"column":50}},"139":{"start":{"line":162,"column":8},"end":{"line":164,"column":11}},"140":{"start":{"line":165,"column":8},"end":{"line":165,"column":15}}},"fnMap":{"0":{"name":"_typeof","decl":{"start":{"line":3,"column":9},"end":{"line":3,"column":16}},"loc":{"start":{"line":3,"column":22},"end":{"line":3,"column":351}},"line":3},"1":{"name":"_typeof","decl":{"start":{"line":3,"column":118},"end":{"line":3,"column":125}},"loc":{"start":{"line":3,"column":131},"end":{"line":3,"column":153}},"line":3},"2":{"name":"_typeof","decl":{"start":{"line":3,"column":183},"end":{"line":3,"column":190}},"loc":{"start":{"line":3,"column":196},"end":{"line":3,"column":325}},"line":3},"3":{"name":"_getRequireWildcardCache","decl":{"start":{"line":15,"column":9},"end":{"line":15,"column":33}},"loc":{"start":{"line":15,"column":36},"end":{"line":15,"column":210}},"line":15},"4":{"name":"_getRequireWildcardCache","decl":{"start":{"line":15,"column":149},"end":{"line":15,"column":173}},"loc":{"start":{"line":15,"column":176},"end":{"line":15,"column":193}},"line":15},"5":{"name":"_interopRequireWildcard","decl":{"start":{"line":17,"column":9},"end":{"line":17,"column":32}},"loc":{"start":{"line":17,"column":38},"end":{"line":17,"column":750}},"line":17},"6":{"name":"_interopRequireDefault","decl":{"start":{"line":19,"column":9},"end":{"line":19,"column":31}},"loc":{"start":{"line":19,"column":37},"end":{"line":19,"column":97}},"line":19},"7":{"name":"(anonymous_7)","decl":{"start":{"line":26,"column":52},"end":{"line":26,"column":53}},"loc":{"start":{"line":26,"column":64},"end":{"line":34,"column":1}},"line":26},"8":{"name":"(anonymous_8)","decl":{"start":{"line":27,"column":47},"end":{"line":27,"column":48}},"loc":{"start":{"line":27,"column":63},"end":{"line":33,"column":3}},"line":27},"9":{"name":"(anonymous_9)","decl":{"start":{"line":28,"column":88},"end":{"line":28,"column":89}},"loc":{"start":{"line":28,"column":113},"end":{"line":32,"column":5}},"line":28},"10":{"name":"(anonymous_10)","decl":{"start":{"line":35,"column":52},"end":{"line":35,"column":53}},"loc":{"start":{"line":35,"column":64},"end":{"line":74,"column":1}},"line":35},"11":{"name":"(anonymous_11)","decl":{"start":{"line":36,"column":28},"end":{"line":36,"column":29}},"loc":{"start":{"line":36,"column":44},"end":{"line":43,"column":3}},"line":36},"12":{"name":"(anonymous_12)","decl":{"start":{"line":37,"column":89},"end":{"line":37,"column":90}},"loc":{"start":{"line":37,"column":114},"end":{"line":42,"column":5}},"line":37},"13":{"name":"(anonymous_13)","decl":{"start":{"line":44,"column":49},"end":{"line":44,"column":50}},"loc":{"start":{"line":44,"column":65},"end":{"line":53,"column":3}},"line":44},"14":{"name":"(anonymous_14)","decl":{"start":{"line":45,"column":144},"end":{"line":45,"column":145}},"loc":{"start":{"line":45,"column":169},"end":{"line":52,"column":5}},"line":45},"15":{"name":"(anonymous_15)","decl":{"start":{"line":54,"column":60},"end":{"line":54,"column":61}},"loc":{"start":{"line":54,"column":76},"end":{"line":63,"column":3}},"line":54},"16":{"name":"(anonymous_16)","decl":{"start":{"line":55,"column":145},"end":{"line":55,"column":146}},"loc":{"start":{"line":55,"column":170},"end":{"line":62,"column":5}},"line":55},"17":{"name":"(anonymous_17)","decl":{"start":{"line":64,"column":66},"end":{"line":64,"column":67}},"loc":{"start":{"line":64,"column":82},"end":{"line":73,"column":3}},"line":64},"18":{"name":"(anonymous_18)","decl":{"start":{"line":65,"column":147},"end":{"line":65,"column":148}},"loc":{"start":{"line":65,"column":172},"end":{"line":72,"column":5}},"line":65},"19":{"name":"(anonymous_19)","decl":{"start":{"line":75,"column":55},"end":{"line":75,"column":56}},"loc":{"start":{"line":75,"column":67},"end":{"line":169,"column":1}},"line":75},"20":{"name":"(anonymous_20)","decl":{"start":{"line":76,"column":60},"end":{"line":76,"column":61}},"loc":{"start":{"line":76,"column":76},"end":{"line":85,"column":3}},"line":76},"21":{"name":"(anonymous_21)","decl":{"start":{"line":77,"column":147},"end":{"line":77,"column":148}},"loc":{"start":{"line":77,"column":172},"end":{"line":84,"column":5}},"line":77},"22":{"name":"(anonymous_22)","decl":{"start":{"line":86,"column":60},"end":{"line":86,"column":61}},"loc":{"start":{"line":86,"column":76},"end":{"line":95,"column":3}},"line":86},"23":{"name":"(anonymous_23)","decl":{"start":{"line":87,"column":147},"end":{"line":87,"column":148}},"loc":{"start":{"line":87,"column":172},"end":{"line":94,"column":5}},"line":87},"24":{"name":"(anonymous_24)","decl":{"start":{"line":96,"column":66},"end":{"line":96,"column":67}},"loc":{"start":{"line":96,"column":82},"end":{"line":105,"column":3}},"line":96},"25":{"name":"(anonymous_25)","decl":{"start":{"line":97,"column":149},"end":{"line":97,"column":150}},"loc":{"start":{"line":97,"column":174},"end":{"line":104,"column":5}},"line":97},"26":{"name":"(anonymous_26)","decl":{"start":{"line":106,"column":57},"end":{"line":106,"column":58}},"loc":{"start":{"line":106,"column":69},"end":{"line":127,"column":3}},"line":106},"27":{"name":"(anonymous_27)","decl":{"start":{"line":107,"column":68},"end":{"line":107,"column":69}},"loc":{"start":{"line":107,"column":84},"end":{"line":116,"column":5}},"line":107},"28":{"name":"(anonymous_28)","decl":{"start":{"line":108,"column":136},"end":{"line":108,"column":137}},"loc":{"start":{"line":108,"column":161},"end":{"line":115,"column":7}},"line":108},"29":{"name":"(anonymous_29)","decl":{"start":{"line":117,"column":83},"end":{"line":117,"column":84}},"loc":{"start":{"line":117,"column":99},"end":{"line":126,"column":5}},"line":117},"30":{"name":"(anonymous_30)","decl":{"start":{"line":118,"column":136},"end":{"line":118,"column":137}},"loc":{"start":{"line":118,"column":161},"end":{"line":125,"column":7}},"line":118},"31":{"name":"(anonymous_31)","decl":{"start":{"line":128,"column":42},"end":{"line":128,"column":43}},"loc":{"start":{"line":128,"column":54},"end":{"line":156,"column":3}},"line":128},"32":{"name":"(anonymous_32)","decl":{"start":{"line":129,"column":51},"end":{"line":129,"column":52}},"loc":{"start":{"line":129,"column":67},"end":{"line":138,"column":5}},"line":129},"33":{"name":"(anonymous_33)","decl":{"start":{"line":130,"column":157},"end":{"line":130,"column":158}},"loc":{"start":{"line":130,"column":182},"end":{"line":137,"column":7}},"line":130},"34":{"name":"(anonymous_34)","decl":{"start":{"line":139,"column":83},"end":{"line":139,"column":84}},"loc":{"start":{"line":139,"column":99},"end":{"line":145,"column":5}},"line":139},"35":{"name":"(anonymous_35)","decl":{"start":{"line":140,"column":101},"end":{"line":140,"column":102}},"loc":{"start":{"line":140,"column":126},"end":{"line":144,"column":7}},"line":140},"36":{"name":"(anonymous_36)","decl":{"start":{"line":146,"column":50},"end":{"line":146,"column":51}},"loc":{"start":{"line":146,"column":66},"end":{"line":155,"column":5}},"line":146},"37":{"name":"(anonymous_37)","decl":{"start":{"line":147,"column":155},"end":{"line":147,"column":156}},"loc":{"start":{"line":147,"column":180},"end":{"line":154,"column":7}},"line":147},"38":{"name":"(anonymous_38)","decl":{"start":{"line":157,"column":43},"end":{"line":157,"column":44}},"loc":{"start":{"line":157,"column":55},"end":{"line":168,"column":3}},"line":157},"39":{"name":"(anonymous_39)","decl":{"start":{"line":158,"column":50},"end":{"line":158,"column":51}},"loc":{"start":{"line":158,"column":66},"end":{"line":167,"column":5}},"line":158},"40":{"name":"(anonymous_40)","decl":{"start":{"line":159,"column":128},"end":{"line":159,"column":129}},"loc":{"start":{"line":159,"column":153},"end":{"line":166,"column":7}},"line":159}},"branchMap":{"0":{"loc":{"start":{"line":3,"column":24},"end":{"line":3,"column":328}},"type":"if","locations":[{"start":{"line":3,"column":24},"end":{"line":3,"column":328}},{"start":{"line":3,"column":24},"end":{"line":3,"column":328}}],"line":3},"1":{"loc":{"start":{"line":3,"column":28},"end":{"line":3,"column":95}},"type":"binary-expr","locations":[{"start":{"line":3,"column":28},"end":{"line":3,"column":56}},{"start":{"line":3,"column":60},"end":{"line":3,"column":95}}],"line":3},"2":{"loc":{"start":{"line":3,"column":205},"end":{"line":3,"column":322}},"type":"cond-expr","locations":[{"start":{"line":3,"column":301},"end":{"line":3,"column":309}},{"start":{"line":3,"column":312},"end":{"line":3,"column":322}}],"line":3},"3":{"loc":{"start":{"line":3,"column":205},"end":{"line":3,"column":298}},"type":"binary-expr","locations":[{"start":{"line":3,"column":205},"end":{"line":3,"column":208}},{"start":{"line":3,"column":212},"end":{"line":3,"column":240}},{"start":{"line":3,"column":244},"end":{"line":3,"column":270}},{"start":{"line":3,"column":274},"end":{"line":3,"column":298}}],"line":3},"4":{"loc":{"start":{"line":15,"column":38},"end":{"line":15,"column":85}},"type":"if","locations":[{"start":{"line":15,"column":38},"end":{"line":15,"column":85}},{"start":{"line":15,"column":38},"end":{"line":15,"column":85}}],"line":15},"5":{"loc":{"start":{"line":17,"column":40},"end":{"line":17,"column":82}},"type":"if","locations":[{"start":{"line":17,"column":40},"end":{"line":17,"column":82}},{"start":{"line":17,"column":40},"end":{"line":17,"column":82}}],"line":17},"6":{"loc":{"start":{"line":17,"column":44},"end":{"line":17,"column":65}},"type":"binary-expr","locations":[{"start":{"line":17,"column":44},"end":{"line":17,"column":47}},{"start":{"line":17,"column":51},"end":{"line":17,"column":65}}],"line":17},"7":{"loc":{"start":{"line":17,"column":83},"end":{"line":17,"column":189}},"type":"if","locations":[{"start":{"line":17,"column":83},"end":{"line":17,"column":189}},{"start":{"line":17,"column":83},"end":{"line":17,"column":189}}],"line":17},"8":{"loc":{"start":{"line":17,"column":87},"end":{"line":17,"column":157}},"type":"binary-expr","locations":[{"start":{"line":17,"column":87},"end":{"line":17,"column":99}},{"start":{"line":17,"column":103},"end":{"line":17,"column":128}},{"start":{"line":17,"column":132},"end":{"line":17,"column":157}}],"line":17},"9":{"loc":{"start":{"line":17,"column":230},"end":{"line":17,"column":285}},"type":"if","locations":[{"start":{"line":17,"column":230},"end":{"line":17,"column":285}},{"start":{"line":17,"column":230},"end":{"line":17,"column":285}}],"line":17},"10":{"loc":{"start":{"line":17,"column":234},"end":{"line":17,"column":257}},"type":"binary-expr","locations":[{"start":{"line":17,"column":234},"end":{"line":17,"column":239}},{"start":{"line":17,"column":243},"end":{"line":17,"column":257}}],"line":17},"11":{"loc":{"start":{"line":17,"column":331},"end":{"line":17,"column":387}},"type":"binary-expr","locations":[{"start":{"line":17,"column":331},"end":{"line":17,"column":352}},{"start":{"line":17,"column":356},"end":{"line":17,"column":387}}],"line":17},"12":{"loc":{"start":{"line":17,"column":412},"end":{"line":17,"column":667}},"type":"if","locations":[{"start":{"line":17,"column":412},"end":{"line":17,"column":667}},{"start":{"line":17,"column":412},"end":{"line":17,"column":667}}],"line":17},"13":{"loc":{"start":{"line":17,"column":477},"end":{"line":17,"column":549}},"type":"cond-expr","locations":[{"start":{"line":17,"column":501},"end":{"line":17,"column":542}},{"start":{"line":17,"column":545},"end":{"line":17,"column":549}}],"line":17},"14":{"loc":{"start":{"line":17,"column":551},"end":{"line":17,"column":665}},"type":"if","locations":[{"start":{"line":17,"column":551},"end":{"line":17,"column":665}},{"start":{"line":17,"column":551},"end":{"line":17,"column":665}}],"line":17},"15":{"loc":{"start":{"line":17,"column":555},"end":{"line":17,"column":585}},"type":"binary-expr","locations":[{"start":{"line":17,"column":555},"end":{"line":17,"column":559}},{"start":{"line":17,"column":564},"end":{"line":17,"column":572}},{"start":{"line":17,"column":576},"end":{"line":17,"column":584}}],"line":17},"16":{"loc":{"start":{"line":17,"column":695},"end":{"line":17,"column":733}},"type":"if","locations":[{"start":{"line":17,"column":695},"end":{"line":17,"column":733}},{"start":{"line":17,"column":695},"end":{"line":17,"column":733}}],"line":17},"17":{"loc":{"start":{"line":19,"column":46},"end":{"line":19,"column":94}},"type":"cond-expr","locations":[{"start":{"line":19,"column":70},"end":{"line":19,"column":73}},{"start":{"line":19,"column":76},"end":{"line":19,"column":94}}],"line":19},"18":{"loc":{"start":{"line":19,"column":46},"end":{"line":19,"column":67}},"type":"binary-expr","locations":[{"start":{"line":19,"column":46},"end":{"line":19,"column":49}},{"start":{"line":19,"column":53},"end":{"line":19,"column":67}}],"line":19},"19":{"loc":{"start":{"line":29,"column":6},"end":{"line":29,"column":25}},"type":"if","locations":[{"start":{"line":29,"column":6},"end":{"line":29,"column":25}},{"start":{"line":29,"column":6},"end":{"line":29,"column":25}}],"line":29},"20":{"loc":{"start":{"line":39,"column":6},"end":{"line":39,"column":25}},"type":"if","locations":[{"start":{"line":39,"column":6},"end":{"line":39,"column":25}},{"start":{"line":39,"column":6},"end":{"line":39,"column":25}}],"line":39},"21":{"loc":{"start":{"line":46,"column":6},"end":{"line":46,"column":25}},"type":"if","locations":[{"start":{"line":46,"column":6},"end":{"line":46,"column":25}},{"start":{"line":46,"column":6},"end":{"line":46,"column":25}}],"line":46},"22":{"loc":{"start":{"line":56,"column":6},"end":{"line":56,"column":25}},"type":"if","locations":[{"start":{"line":56,"column":6},"end":{"line":56,"column":25}},{"start":{"line":56,"column":6},"end":{"line":56,"column":25}}],"line":56},"23":{"loc":{"start":{"line":66,"column":6},"end":{"line":66,"column":25}},"type":"if","locations":[{"start":{"line":66,"column":6},"end":{"line":66,"column":25}},{"start":{"line":66,"column":6},"end":{"line":66,"column":25}}],"line":66},"24":{"loc":{"start":{"line":78,"column":6},"end":{"line":78,"column":25}},"type":"if","locations":[{"start":{"line":78,"column":6},"end":{"line":78,"column":25}},{"start":{"line":78,"column":6},"end":{"line":78,"column":25}}],"line":78},"25":{"loc":{"start":{"line":88,"column":6},"end":{"line":88,"column":25}},"type":"if","locations":[{"start":{"line":88,"column":6},"end":{"line":88,"column":25}},{"start":{"line":88,"column":6},"end":{"line":88,"column":25}}],"line":88},"26":{"loc":{"start":{"line":98,"column":6},"end":{"line":98,"column":25}},"type":"if","locations":[{"start":{"line":98,"column":6},"end":{"line":98,"column":25}},{"start":{"line":98,"column":6},"end":{"line":98,"column":25}}],"line":98},"27":{"loc":{"start":{"line":109,"column":8},"end":{"line":109,"column":27}},"type":"if","locations":[{"start":{"line":109,"column":8},"end":{"line":109,"column":27}},{"start":{"line":109,"column":8},"end":{"line":109,"column":27}}],"line":109},"28":{"loc":{"start":{"line":119,"column":8},"end":{"line":119,"column":27}},"type":"if","locations":[{"start":{"line":119,"column":8},"end":{"line":119,"column":27}},{"start":{"line":119,"column":8},"end":{"line":119,"column":27}}],"line":119},"29":{"loc":{"start":{"line":131,"column":8},"end":{"line":131,"column":27}},"type":"if","locations":[{"start":{"line":131,"column":8},"end":{"line":131,"column":27}},{"start":{"line":131,"column":8},"end":{"line":131,"column":27}}],"line":131},"30":{"loc":{"start":{"line":141,"column":8},"end":{"line":141,"column":27}},"type":"if","locations":[{"start":{"line":141,"column":8},"end":{"line":141,"column":27}},{"start":{"line":141,"column":8},"end":{"line":141,"column":27}}],"line":141},"31":{"loc":{"start":{"line":148,"column":8},"end":{"line":148,"column":27}},"type":"if","locations":[{"start":{"line":148,"column":8},"end":{"line":148,"column":27}},{"start":{"line":148,"column":8},"end":{"line":148,"column":27}}],"line":148},"32":{"loc":{"start":{"line":160,"column":8},"end":{"line":160,"column":27}},"type":"if","locations":[{"start":{"line":160,"column":8},"end":{"line":160,"column":27}},{"start":{"line":160,"column":8},"end":{"line":160,"column":27}}],"line":160}},"s":{"0":0,"1":0,"2":0,"3":0,"4":0,"5":0,"6":1,"7":1,"8":1,"9":1,"10":1,"11":0,"12":0,"13":0,"14":0,"15":0,"16":0,"17":1,"18":1,"19":0,"20":0,"21":0,"22":0,"23":0,"24":0,"25":0,"26":0,"27":0,"28":0,"29":0,"30":0,"31":0,"32":0,"33":0,"34":0,"35":0,"36":3,"37":1,"38":1,"39":1,"40":1,"41":1,"42":1,"43":0,"44":1,"45":1,"46":1,"47":1,"48":1,"49":1,"50":1,"51":0,"52":1,"53":1,"54":1,"55":1,"56":1,"57":0,"58":1,"59":1,"60":1,"61":1,"62":1,"63":1,"64":0,"65":1,"66":1,"67":1,"68":1,"69":1,"70":1,"71":0,"72":1,"73":1,"74":1,"75":1,"76":1,"77":1,"78":1,"79":0,"80":1,"81":1,"82":1,"83":1,"84":1,"85":1,"86":0,"87":1,"88":1,"89":1,"90":1,"91":1,"92":1,"93":0,"94":1,"95":1,"96":1,"97":1,"98":1,"99":1,"100":1,"101":0,"102":1,"103":1,"104":1,"105":1,"106":1,"107":1,"108":0,"109":1,"110":1,"111":1,"112":1,"113":1,"114":1,"115":1,"116":0,"117":1,"118":1,"119":1,"120":1,"121":1,"122":1,"123":0,"124":1,"125":1,"126":1,"127":1,"128":1,"129":0,"130":1,"131":1,"132":1,"133":1,"134":1,"135":1,"136":1,"137":0,"138":1,"139":1,"140":1},"f":{"0":0,"1":0,"2":0,"3":0,"4":0,"5":1,"6":3,"7":1,"8":1,"9":1,"10":1,"11":1,"12":1,"13":1,"14":1,"15":1,"16":1,"17":1,"18":1,"19":1,"20":1,"21":1,"22":1,"23":1,"24":1,"25":1,"26":1,"27":1,"28":1,"29":1,"30":1,"31":1,"32":1,"33":1,"34":1,"35":1,"36":1,"37":1,"38":1,"39":1,"40":1},"b":{"0":[0,0],"1":[0,0],"2":[0,0],"3":[0,0,0,0],"4":[0,0],"5":[1,0],"6":[1,1],"7":[0,0],"8":[0,0,0],"9":[0,0],"10":[0,0],"11":[0,0],"12":[0,0],"13":[0,0],"14":[0,0],"15":[0,0,0],"16":[0,0],"17":[1,2],"18":[3,3],"19":[0,1],"20":[0,1],"21":[0,1],"22":[0,1],"23":[0,1],"24":[0,1],"25":[0,1],"26":[0,1],"27":[0,1],"28":[0,1],"29":[0,1],"30":[0,1],"31":[0,1],"32":[0,1]},"_coverageSchema":"43e27e138ebf9cfc5966b082cf9a028302ed4184","hash":"e34e3a33f3de100c1a16c88e6b2643d30a3a1c7d","contentHash":"94b5249af8ab95792c403aac42556e6ba6a8fc5dd6338a1b05e5c241ab2263a8"},"C:\\Users\\HP\\TeamWork-Backend-API\\src\\app.js":{"path":"C:\\Users\\HP\\TeamWork-Backend-API\\src\\app.js","statementMap":{"0":{"start":{"line":3,"column":0},"end":{"line":5,"column":3}},"1":{"start":{"line":6,"column":0},"end":{"line":6,"column":28}},"2":{"start":{"line":8,"column":15},"end":{"line":8,"column":57}},"3":{"start":{"line":10,"column":20},"end":{"line":10,"column":68}},"4":{"start":{"line":12,"column":16},"end":{"line":12,"column":66}},"5":{"start":{"line":14,"column":18},"end":{"line":14,"column":64}},"6":{"start":{"line":16,"column":13},"end":{"line":16,"column":37}},"7":{"start":{"line":18,"column":13},"end":{"line":18,"column":70}},"8":{"start":{"line":20,"column":39},"end":{"line":20,"column":95}},"9":{"start":{"line":22,"column":10},"end":{"line":22,"column":36}},"10":{"start":{"line":23,"column":0},"end":{"line":23,"column":39}},"11":{"start":{"line":24,"column":0},"end":{"line":26,"column":4}},"12":{"start":{"line":27,"column":20},"end":{"line":40,"column":1}},"13":{"start":{"line":41,"column":18},"end":{"line":41,"column":62}},"14":{"start":{"line":42,"column":0},"end":{"line":42,"column":38}},"15":{"start":{"line":43,"column":0},"end":{"line":45,"column":3}},"16":{"start":{"line":44,"column":2},"end":{"line":44,"column":111}},"17":{"start":{"line":46,"column":15},"end":{"line":46,"column":18}},"18":{"start":{"line":47,"column":0},"end":{"line":47,"column":30}}},"fnMap":{"0":{"name":"_interopRequireDefault","decl":{"start":{"line":20,"column":9},"end":{"line":20,"column":31}},"loc":{"start":{"line":20,"column":37},"end":{"line":20,"column":97}},"line":20},"1":{"name":"(anonymous_1)","decl":{"start":{"line":43,"column":45},"end":{"line":43,"column":46}},"loc":{"start":{"line":43,"column":57},"end":{"line":45,"column":1}},"line":43}},"branchMap":{"0":{"loc":{"start":{"line":20,"column":46},"end":{"line":20,"column":94}},"type":"cond-expr","locations":[{"start":{"line":20,"column":70},"end":{"line":20,"column":73}},{"start":{"line":20,"column":76},"end":{"line":20,"column":94}}],"line":20},"1":{"loc":{"start":{"line":20,"column":46},"end":{"line":20,"column":67}},"type":"binary-expr","locations":[{"start":{"line":20,"column":46},"end":{"line":20,"column":49}},{"start":{"line":20,"column":53},"end":{"line":20,"column":67}}],"line":20}},"s":{"0":1,"1":1,"2":1,"3":1,"4":1,"5":1,"6":1,"7":1,"8":5,"9":1,"10":1,"11":1,"12":1,"13":1,"14":1,"15":1,"16":1,"17":1,"18":1},"f":{"0":5,"1":1},"b":{"0":[1,4],"1":[5,5]},"_coverageSchema":"43e27e138ebf9cfc5966b082cf9a028302ed4184","hash":"ecfa3d5a58be6061c9c7567cf8cacc882a886fa3","contentHash":"25f47a619f2f1277cf456d80498178b202d122be5a13f6aa19020e897c00ab27"},"C:\\Users\\HP\\TeamWork-Backend-API\\src\\utils\\utils.js":{"path":"C:\\Users\\HP\\TeamWork-Backend-API\\src\\utils\\utils.js","statementMap":{"0":{"start":{"line":3,"column":0},"end":{"line":5,"column":3}},"1":{"start":{"line":6,"column":0},"end":{"line":6,"column":41}},"2":{"start":{"line":8,"column":0},"end":{"line":8,"column":25}},"3":{"start":{"line":10,"column":13},"end":{"line":13,"column":1}},"4":{"start":{"line":11,"column":12},"end":{"line":11,"column":19}},"5":{"start":{"line":12,"column":2},"end":{"line":12,"column":20}},"6":{"start":{"line":15,"column":0},"end":{"line":15,"column":24}},"7":{"start":{"line":17,"column":13},"end":{"line":20,"column":1}},"8":{"start":{"line":18,"column":14},"end":{"line":18,"column":53}},"9":{"start":{"line":19,"column":2},"end":{"line":19,"column":15}},"10":{"start":{"line":22,"column":0},"end":{"line":22,"column":24}}},"fnMap":{"0":{"name":"logger","decl":{"start":{"line":10,"column":22},"end":{"line":10,"column":28}},"loc":{"start":{"line":10,"column":37},"end":{"line":13,"column":1}},"line":10},"1":{"name":"getEnv","decl":{"start":{"line":17,"column":22},"end":{"line":17,"column":28}},"loc":{"start":{"line":17,"column":55},"end":{"line":20,"column":1}},"line":17}},"branchMap":{"0":{"loc":{"start":{"line":18,"column":14},"end":{"line":18,"column":53}},"type":"binary-expr","locations":[{"start":{"line":18,"column":14},"end":{"line":18,"column":36}},{"start":{"line":18,"column":40},"end":{"line":18,"column":53}}],"line":18}},"s":{"0":1,"1":1,"2":1,"3":1,"4":1,"5":1,"6":1,"7":1,"8":2,"9":2,"10":1},"f":{"0":1,"1":2},"b":{"0":[2,0]},"_coverageSchema":"43e27e138ebf9cfc5966b082cf9a028302ed4184","hash":"deda0c3565246c27c68631f9edc1e2f24ba78633","contentHash":"971e0d735d11be79b53617cdd31a2dc90c22e927d9f63bcf048790671077df7c"},"C:\\Users\\HP\\TeamWork-Backend-API\\src\\modules\\routes\\index.js":{"path":"C:\\Users\\HP\\TeamWork-Backend-API\\src\\modules\\routes\\index.js","statementMap":{"0":{"start":{"line":3,"column":0},"end":{"line":5,"column":3}},"1":{"start":{"line":6,"column":0},"end":{"line":6,"column":28}},"2":{"start":{"line":8,"column":15},"end":{"line":8,"column":57}},"3":{"start":{"line":10,"column":22},"end":{"line":10,"column":79}},"4":{"start":{"line":12,"column":16},"end":{"line":12,"column":67}},"5":{"start":{"line":14,"column":11},"end":{"line":14,"column":57}},"6":{"start":{"line":16,"column":13},"end":{"line":16,"column":61}},"7":{"start":{"line":18,"column":39},"end":{"line":18,"column":95}},"8":{"start":{"line":20,"column":13},"end":{"line":20,"column":41}},"9":{"start":{"line":22,"column":0},"end":{"line":22,"column":39}},"10":{"start":{"line":23,"column":0},"end":{"line":23,"column":33}},"11":{"start":{"line":24,"column":0},"end":{"line":24,"column":28}},"12":{"start":{"line":25,"column":0},"end":{"line":25,"column":30}},"13":{"start":{"line":26,"column":15},"end":{"line":26,"column":21}},"14":{"start":{"line":27,"column":0},"end":{"line":27,"column":30}}},"fnMap":{"0":{"name":"_interopRequireDefault","decl":{"start":{"line":18,"column":9},"end":{"line":18,"column":31}},"loc":{"start":{"line":18,"column":37},"end":{"line":18,"column":97}},"line":18}},"branchMap":{"0":{"loc":{"start":{"line":18,"column":46},"end":{"line":18,"column":94}},"type":"cond-expr","locations":[{"start":{"line":18,"column":70},"end":{"line":18,"column":73}},{"start":{"line":18,"column":76},"end":{"line":18,"column":94}}],"line":18},"1":{"loc":{"start":{"line":18,"column":46},"end":{"line":18,"column":67}},"type":"binary-expr","locations":[{"start":{"line":18,"column":46},"end":{"line":18,"column":49}},{"start":{"line":18,"column":53},"end":{"line":18,"column":67}}],"line":18}},"s":{"0":1,"1":1,"2":1,"3":1,"4":1,"5":1,"6":1,"7":5,"8":1,"9":1,"10":1,"11":1,"12":1,"13":1,"14":1},"f":{"0":5},"b":{"0":[4,1],"1":[5,5]},"_coverageSchema":"43e27e138ebf9cfc5966b082cf9a028302ed4184","hash":"f9ee7eefe02075672f22c905acc09281a085750a","contentHash":"d1ce47ac5c76044a8d4e26596b073d88e6da0d295a8e89aebfa5fbeb5e6e60a6"},"C:\\Users\\HP\\TeamWork-Backend-API\\src\\modules\\routes\\authentication.route.js":{"path":"C:\\Users\\HP\\TeamWork-Backend-API\\src\\modules\\routes\\authentication.route.js","statementMap":{"0":{"start":{"line":3,"column":0},"end":{"line":5,"column":3}},"1":{"start":{"line":6,"column":0},"end":{"line":6,"column":28}},"2":{"start":{"line":8,"column":15},"end":{"line":8,"column":57}},"3":{"start":{"line":10,"column":18},"end":{"line":10,"column":56}},"4":{"start":{"line":12,"column":22},"end":{"line":12,"column":65}},"5":{"start":{"line":14,"column":13},"end":{"line":14,"column":71}},"6":{"start":{"line":16,"column":16},"end":{"line":16,"column":49}},"7":{"start":{"line":18,"column":39},"end":{"line":18,"column":95}},"8":{"start":{"line":20,"column":16},"end":{"line":20,"column":44}},"9":{"start":{"line":74,"column":0},"end":{"line":74,"column":88}},"10":{"start":{"line":106,"column":0},"end":{"line":106,"column":77}},"11":{"start":{"line":138,"column":0},"end":{"line":138,"column":123}},"12":{"start":{"line":170,"column":0},"end":{"line":170,"column":93}},"13":{"start":{"line":171,"column":15},"end":{"line":171,"column":24}},"14":{"start":{"line":172,"column":0},"end":{"line":172,"column":30}}},"fnMap":{"0":{"name":"_interopRequireDefault","decl":{"start":{"line":18,"column":9},"end":{"line":18,"column":31}},"loc":{"start":{"line":18,"column":37},"end":{"line":18,"column":97}},"line":18}},"branchMap":{"0":{"loc":{"start":{"line":18,"column":46},"end":{"line":18,"column":94}},"type":"cond-expr","locations":[{"start":{"line":18,"column":70},"end":{"line":18,"column":73}},{"start":{"line":18,"column":76},"end":{"line":18,"column":94}}],"line":18},"1":{"loc":{"start":{"line":18,"column":46},"end":{"line":18,"column":67}},"type":"binary-expr","locations":[{"start":{"line":18,"column":46},"end":{"line":18,"column":49}},{"start":{"line":18,"column":53},"end":{"line":18,"column":67}}],"line":18}},"s":{"0":1,"1":1,"2":1,"3":1,"4":1,"5":1,"6":1,"7":2,"8":1,"9":1,"10":1,"11":1,"12":1,"13":1,"14":1},"f":{"0":2},"b":{"0":[1,1],"1":[2,2]},"_coverageSchema":"43e27e138ebf9cfc5966b082cf9a028302ed4184","hash":"3857bad5bf3b910b2cdbf6460243bb1a93cb32c5","contentHash":"0dc9f8993c9025b38e3632324980d77b74158dcee68e760f379b8f1ee7d3ef26"},"C:\\Users\\HP\\TeamWork-Backend-API\\src\\middleware\\validation.js":{"path":"C:\\Users\\HP\\TeamWork-Backend-API\\src\\middleware\\validation.js","statementMap":{"0":{"start":{"line":3,"column":0},"end":{"line":5,"column":3}},"1":{"start":{"line":6,"column":0},"end":{"line":6,"column":163}},"2":{"start":{"line":8,"column":17},"end":{"line":8,"column":61}},"3":{"start":{"line":10,"column":26},"end":{"line":10,"column":57}},"4":{"start":{"line":12,"column":16},"end":{"line":12,"column":44}},"5":{"start":{"line":14,"column":39},"end":{"line":14,"column":95}},"6":{"start":{"line":16,"column":77},"end":{"line":16,"column":175}},"7":{"start":{"line":16,"column":94},"end":{"line":16,"column":107}},"8":{"start":{"line":16,"column":121},"end":{"line":16,"column":131}},"9":{"start":{"line":16,"column":151},"end":{"line":16,"column":165}},"10":{"start":{"line":16,"column":166},"end":{"line":16,"column":173}},"11":{"start":{"line":16,"column":176},"end":{"line":16,"column":263}},"12":{"start":{"line":16,"column":193},"end":{"line":16,"column":208}},"13":{"start":{"line":16,"column":218},"end":{"line":16,"column":261}},"14":{"start":{"line":18,"column":33},"end":{"line":18,"column":387}},"15":{"start":{"line":18,"column":65},"end":{"line":18,"column":69}},"16":{"start":{"line":18,"column":78},"end":{"line":18,"column":87}},"17":{"start":{"line":18,"column":89},"end":{"line":18,"column":384}},"18":{"start":{"line":18,"column":147},"end":{"line":18,"column":167}},"19":{"start":{"line":18,"column":193},"end":{"line":18,"column":264}},"20":{"start":{"line":18,"column":290},"end":{"line":18,"column":360}},"21":{"start":{"line":18,"column":363},"end":{"line":18,"column":380}},"22":{"start":{"line":20,"column":24},"end":{"line":152,"column":1}},"23":{"start":{"line":21,"column":2},"end":{"line":149,"column":3}},"24":{"start":{"line":22,"column":24},"end":{"line":22,"column":36}},"25":{"start":{"line":23,"column":20},"end":{"line":23,"column":43}},"26":{"start":{"line":24,"column":19},"end":{"line":24,"column":41}},"27":{"start":{"line":25,"column":16},"end":{"line":25,"column":35}},"28":{"start":{"line":26,"column":19},"end":{"line":26,"column":41}},"29":{"start":{"line":27,"column":17},"end":{"line":27,"column":37}},"30":{"start":{"line":28,"column":18},"end":{"line":28,"column":39}},"31":{"start":{"line":29,"column":21},"end":{"line":29,"column":45}},"32":{"start":{"line":30,"column":18},"end":{"line":30,"column":39}},"33":{"start":{"line":31,"column":16},"end":{"line":31,"column":27}},"34":{"start":{"line":33,"column":4},"end":{"line":38,"column":5}},"35":{"start":{"line":34,"column":6},"end":{"line":37,"column":9}},"36":{"start":{"line":40,"column":4},"end":{"line":45,"column":5}},"37":{"start":{"line":41,"column":6},"end":{"line":44,"column":9}},"38":{"start":{"line":47,"column":4},"end":{"line":52,"column":5}},"39":{"start":{"line":48,"column":6},"end":{"line":51,"column":9}},"40":{"start":{"line":54,"column":4},"end":{"line":59,"column":5}},"41":{"start":{"line":55,"column":6},"end":{"line":58,"column":9}},"42":{"start":{"line":61,"column":4},"end":{"line":66,"column":5}},"43":{"start":{"line":62,"column":6},"end":{"line":65,"column":9}},"44":{"start":{"line":68,"column":4},"end":{"line":73,"column":5}},"45":{"start":{"line":69,"column":6},"end":{"line":72,"column":9}},"46":{"start":{"line":75,"column":4},"end":{"line":80,"column":5}},"47":{"start":{"line":76,"column":6},"end":{"line":79,"column":9}},"48":{"start":{"line":82,"column":4},"end":{"line":87,"column":5}},"49":{"start":{"line":83,"column":6},"end":{"line":86,"column":9}},"50":{"start":{"line":89,"column":4},"end":{"line":94,"column":5}},"51":{"start":{"line":90,"column":6},"end":{"line":93,"column":9}},"52":{"start":{"line":96,"column":4},"end":{"line":101,"column":5}},"53":{"start":{"line":97,"column":6},"end":{"line":100,"column":9}},"54":{"start":{"line":103,"column":4},"end":{"line":108,"column":5}},"55":{"start":{"line":104,"column":6},"end":{"line":107,"column":9}},"56":{"start":{"line":110,"column":4},"end":{"line":115,"column":5}},"57":{"start":{"line":111,"column":6},"end":{"line":114,"column":9}},"58":{"start":{"line":117,"column":4},"end":{"line":122,"column":5}},"59":{"start":{"line":118,"column":6},"end":{"line":121,"column":9}},"60":{"start":{"line":124,"column":4},"end":{"line":129,"column":5}},"61":{"start":{"line":125,"column":6},"end":{"line":128,"column":9}},"62":{"start":{"line":131,"column":4},"end":{"line":136,"column":5}},"63":{"start":{"line":132,"column":6},"end":{"line":135,"column":9}},"64":{"start":{"line":138,"column":4},"end":{"line":143,"column":5}},"65":{"start":{"line":139,"column":6},"end":{"line":142,"column":9}},"66":{"start":{"line":145,"column":4},"end":{"line":148,"column":7}},"67":{"start":{"line":151,"column":2},"end":{"line":151,"column":16}},"68":{"start":{"line":154,"column":0},"end":{"line":154,"column":46}},"69":{"start":{"line":156,"column":26},"end":{"line":244,"column":1}},"70":{"start":{"line":157,"column":2},"end":{"line":241,"column":3}},"71":{"start":{"line":158,"column":25},"end":{"line":158,"column":37}},"72":{"start":{"line":159,"column":20},"end":{"line":159,"column":44}},"73":{"start":{"line":160,"column":19},"end":{"line":160,"column":42}},"74":{"start":{"line":161,"column":17},"end":{"line":161,"column":38}},"75":{"start":{"line":162,"column":18},"end":{"line":162,"column":40}},"76":{"start":{"line":163,"column":21},"end":{"line":163,"column":46}},"77":{"start":{"line":164,"column":18},"end":{"line":164,"column":40}},"78":{"start":{"line":165,"column":16},"end":{"line":165,"column":27}},"79":{"start":{"line":167,"column":4},"end":{"line":172,"column":5}},"80":{"start":{"line":168,"column":6},"end":{"line":171,"column":9}},"81":{"start":{"line":174,"column":4},"end":{"line":179,"column":5}},"82":{"start":{"line":175,"column":6},"end":{"line":178,"column":9}},"83":{"start":{"line":181,"column":4},"end":{"line":186,"column":5}},"84":{"start":{"line":182,"column":6},"end":{"line":185,"column":9}},"85":{"start":{"line":188,"column":4},"end":{"line":193,"column":5}},"86":{"start":{"line":189,"column":6},"end":{"line":192,"column":9}},"87":{"start":{"line":195,"column":4},"end":{"line":200,"column":5}},"88":{"start":{"line":196,"column":6},"end":{"line":199,"column":9}},"89":{"start":{"line":202,"column":4},"end":{"line":207,"column":5}},"90":{"start":{"line":203,"column":6},"end":{"line":206,"column":9}},"91":{"start":{"line":209,"column":4},"end":{"line":214,"column":5}},"92":{"start":{"line":210,"column":6},"end":{"line":213,"column":9}},"93":{"start":{"line":216,"column":4},"end":{"line":221,"column":5}},"94":{"start":{"line":217,"column":6},"end":{"line":220,"column":9}},"95":{"start":{"line":223,"column":4},"end":{"line":228,"column":5}},"96":{"start":{"line":224,"column":6},"end":{"line":227,"column":9}},"97":{"start":{"line":230,"column":4},"end":{"line":235,"column":5}},"98":{"start":{"line":231,"column":6},"end":{"line":234,"column":9}},"99":{"start":{"line":237,"column":4},"end":{"line":240,"column":7}},"100":{"start":{"line":243,"column":2},"end":{"line":243,"column":16}},"101":{"start":{"line":246,"column":0},"end":{"line":246,"column":50}},"102":{"start":{"line":248,"column":20},"end":{"line":282,"column":1}},"103":{"start":{"line":249,"column":23},"end":{"line":249,"column":35}},"104":{"start":{"line":250,"column":17},"end":{"line":250,"column":40}},"105":{"start":{"line":251,"column":17},"end":{"line":251,"column":40}},"106":{"start":{"line":253,"column":2},"end":{"line":258,"column":3}},"107":{"start":{"line":254,"column":4},"end":{"line":257,"column":7}},"108":{"start":{"line":260,"column":2},"end":{"line":265,"column":3}},"109":{"start":{"line":261,"column":4},"end":{"line":264,"column":7}},"110":{"start":{"line":267,"column":2},"end":{"line":272,"column":3}},"111":{"start":{"line":268,"column":4},"end":{"line":271,"column":7}},"112":{"start":{"line":274,"column":2},"end":{"line":279,"column":3}},"113":{"start":{"line":275,"column":4},"end":{"line":278,"column":7}},"114":{"start":{"line":281,"column":2},"end":{"line":281,"column":16}},"115":{"start":{"line":284,"column":0},"end":{"line":284,"column":38}},"116":{"start":{"line":288,"column":0},"end":{"line":348,"column":3}},"117":{"start":{"line":289,"column":13},"end":{"line":343,"column":5}},"118":{"start":{"line":294,"column":4},"end":{"line":342,"column":32}},"119":{"start":{"line":295,"column":6},"end":{"line":341,"column":7}},"120":{"start":{"line":296,"column":8},"end":{"line":340,"column":9}},"121":{"start":{"line":298,"column":12},"end":{"line":298,"column":30}},"122":{"start":{"line":299,"column":12},"end":{"line":299,"column":106}},"123":{"start":{"line":301,"column":12},"end":{"line":304,"column":13}},"124":{"start":{"line":302,"column":14},"end":{"line":302,"column":32}},"125":{"start":{"line":303,"column":14},"end":{"line":303,"column":20}},"126":{"start":{"line":306,"column":12},"end":{"line":309,"column":16}},"127":{"start":{"line":312,"column":12},"end":{"line":315,"column":13}},"128":{"start":{"line":313,"column":14},"end":{"line":313,"column":32}},"129":{"start":{"line":314,"column":14},"end":{"line":314,"column":20}},"130":{"start":{"line":317,"column":12},"end":{"line":320,"column":16}},"131":{"start":{"line":323,"column":12},"end":{"line":323,"column":31}},"132":{"start":{"line":324,"column":12},"end":{"line":324,"column":18}},"133":{"start":{"line":327,"column":12},"end":{"line":327,"column":30}},"134":{"start":{"line":328,"column":12},"end":{"line":328,"column":47}},"135":{"start":{"line":329,"column":12},"end":{"line":332,"column":16}},"136":{"start":{"line":335,"column":12},"end":{"line":335,"column":53}},"137":{"start":{"line":339,"column":12},"end":{"line":339,"column":35}},"138":{"start":{"line":345,"column":2},"end":{"line":347,"column":4}},"139":{"start":{"line":346,"column":4},"end":{"line":346,"column":39}},"140":{"start":{"line":350,"column":0},"end":{"line":350,"column":42}},"141":{"start":{"line":354,"column":0},"end":{"line":402,"column":3}},"142":{"start":{"line":355,"column":14},"end":{"line":397,"column":5}},"143":{"start":{"line":359,"column":4},"end":{"line":396,"column":33}},"144":{"start":{"line":360,"column":6},"end":{"line":395,"column":7}},"145":{"start":{"line":361,"column":8},"end":{"line":394,"column":9}},"146":{"start":{"line":363,"column":12},"end":{"line":363,"column":31}},"147":{"start":{"line":364,"column":12},"end":{"line":364,"column":43}},"148":{"start":{"line":366,"column":12},"end":{"line":369,"column":13}},"149":{"start":{"line":367,"column":14},"end":{"line":367,"column":33}},"150":{"start":{"line":368,"column":14},"end":{"line":368,"column":20}},"151":{"start":{"line":371,"column":12},"end":{"line":374,"column":16}},"152":{"start":{"line":377,"column":12},"end":{"line":377,"column":31}},"153":{"start":{"line":378,"column":12},"end":{"line":378,"column":18}},"154":{"start":{"line":381,"column":12},"end":{"line":381,"column":31}},"155":{"start":{"line":382,"column":12},"end":{"line":382,"column":49}},"156":{"start":{"line":383,"column":12},"end":{"line":386,"column":16}},"157":{"start":{"line":389,"column":12},"end":{"line":389,"column":54}},"158":{"start":{"line":393,"column":12},"end":{"line":393,"column":36}},"159":{"start":{"line":399,"column":2},"end":{"line":401,"column":4}},"160":{"start":{"line":400,"column":4},"end":{"line":400,"column":40}},"161":{"start":{"line":404,"column":0},"end":{"line":404,"column":42}},"162":{"start":{"line":408,"column":0},"end":{"line":479,"column":3}},"163":{"start":{"line":409,"column":14},"end":{"line":474,"column":5}},"164":{"start":{"line":414,"column":4},"end":{"line":473,"column":34}},"165":{"start":{"line":415,"column":6},"end":{"line":472,"column":7}},"166":{"start":{"line":416,"column":8},"end":{"line":471,"column":9}},"167":{"start":{"line":418,"column":12},"end":{"line":418,"column":31}},"168":{"start":{"line":419,"column":12},"end":{"line":419,"column":98}},"169":{"start":{"line":421,"column":12},"end":{"line":424,"column":13}},"170":{"start":{"line":422,"column":14},"end":{"line":422,"column":33}},"171":{"start":{"line":423,"column":14},"end":{"line":423,"column":20}},"172":{"start":{"line":426,"column":12},"end":{"line":429,"column":16}},"173":{"start":{"line":432,"column":12},"end":{"line":435,"column":13}},"174":{"start":{"line":433,"column":14},"end":{"line":433,"column":33}},"175":{"start":{"line":434,"column":14},"end":{"line":434,"column":20}},"176":{"start":{"line":437,"column":12},"end":{"line":440,"column":16}},"177":{"start":{"line":443,"column":12},"end":{"line":446,"column":13}},"178":{"start":{"line":444,"column":14},"end":{"line":444,"column":33}},"179":{"start":{"line":445,"column":14},"end":{"line":445,"column":20}},"180":{"start":{"line":448,"column":12},"end":{"line":451,"column":16}},"181":{"start":{"line":454,"column":12},"end":{"line":454,"column":32}},"182":{"start":{"line":455,"column":12},"end":{"line":455,"column":18}},"183":{"start":{"line":458,"column":12},"end":{"line":458,"column":32}},"184":{"start":{"line":459,"column":12},"end":{"line":459,"column":49}},"185":{"start":{"line":460,"column":12},"end":{"line":463,"column":16}},"186":{"start":{"line":466,"column":12},"end":{"line":466,"column":54}},"187":{"start":{"line":470,"column":12},"end":{"line":470,"column":36}},"188":{"start":{"line":476,"column":2},"end":{"line":478,"column":4}},"189":{"start":{"line":477,"column":4},"end":{"line":477,"column":40}},"190":{"start":{"line":481,"column":0},"end":{"line":481,"column":34}}},"fnMap":{"0":{"name":"_interopRequireDefault","decl":{"start":{"line":14,"column":9},"end":{"line":14,"column":31}},"loc":{"start":{"line":14,"column":37},"end":{"line":14,"column":97}},"line":14},"1":{"name":"asyncGeneratorStep","decl":{"start":{"line":16,"column":9},"end":{"line":16,"column":27}},"loc":{"start":{"line":16,"column":75},"end":{"line":16,"column":265}},"line":16},"2":{"name":"_asyncToGenerator","decl":{"start":{"line":18,"column":9},"end":{"line":18,"column":26}},"loc":{"start":{"line":18,"column":31},"end":{"line":18,"column":389}},"line":18},"3":{"name":"(anonymous_3)","decl":{"start":{"line":18,"column":40},"end":{"line":18,"column":41}},"loc":{"start":{"line":18,"column":52},"end":{"line":18,"column":386}},"line":18},"4":{"name":"(anonymous_4)","decl":{"start":{"line":18,"column":108},"end":{"line":18,"column":109}},"loc":{"start":{"line":18,"column":135},"end":{"line":18,"column":382}},"line":18},"5":{"name":"_next","decl":{"start":{"line":18,"column":178},"end":{"line":18,"column":183}},"loc":{"start":{"line":18,"column":191},"end":{"line":18,"column":266}},"line":18},"6":{"name":"_throw","decl":{"start":{"line":18,"column":276},"end":{"line":18,"column":282}},"loc":{"start":{"line":18,"column":288},"end":{"line":18,"column":362}},"line":18},"7":{"name":"validateUserInput","decl":{"start":{"line":20,"column":33},"end":{"line":20,"column":50}},"loc":{"start":{"line":20,"column":76},"end":{"line":152,"column":1}},"line":20},"8":{"name":"validateUserProfile","decl":{"start":{"line":156,"column":35},"end":{"line":156,"column":54}},"loc":{"start":{"line":156,"column":80},"end":{"line":244,"column":1}},"line":156},"9":{"name":"validateLogin","decl":{"start":{"line":248,"column":29},"end":{"line":248,"column":42}},"loc":{"start":{"line":248,"column":68},"end":{"line":282,"column":1}},"line":248},"10":{"name":"(anonymous_10)","decl":{"start":{"line":288,"column":0},"end":{"line":288,"column":1}},"loc":{"start":{"line":288,"column":12},"end":{"line":348,"column":1}},"line":288},"11":{"name":"_callee","decl":{"start":{"line":291,"column":35},"end":{"line":291,"column":42}},"loc":{"start":{"line":291,"column":68},"end":{"line":343,"column":3}},"line":291},"12":{"name":"_callee$","decl":{"start":{"line":294,"column":44},"end":{"line":294,"column":52}},"loc":{"start":{"line":294,"column":63},"end":{"line":342,"column":5}},"line":294},"13":{"name":"validateArticle","decl":{"start":{"line":345,"column":18},"end":{"line":345,"column":33}},"loc":{"start":{"line":345,"column":48},"end":{"line":347,"column":3}},"line":345},"14":{"name":"(anonymous_14)","decl":{"start":{"line":354,"column":0},"end":{"line":354,"column":1}},"loc":{"start":{"line":354,"column":12},"end":{"line":402,"column":1}},"line":354},"15":{"name":"_callee2","decl":{"start":{"line":357,"column":35},"end":{"line":357,"column":43}},"loc":{"start":{"line":357,"column":69},"end":{"line":397,"column":3}},"line":357},"16":{"name":"_callee2$","decl":{"start":{"line":359,"column":44},"end":{"line":359,"column":53}},"loc":{"start":{"line":359,"column":65},"end":{"line":396,"column":5}},"line":359},"17":{"name":"validateComment","decl":{"start":{"line":399,"column":18},"end":{"line":399,"column":33}},"loc":{"start":{"line":399,"column":49},"end":{"line":401,"column":3}},"line":399},"18":{"name":"(anonymous_18)","decl":{"start":{"line":408,"column":0},"end":{"line":408,"column":1}},"loc":{"start":{"line":408,"column":12},"end":{"line":479,"column":1}},"line":408},"19":{"name":"_callee3","decl":{"start":{"line":411,"column":35},"end":{"line":411,"column":43}},"loc":{"start":{"line":411,"column":69},"end":{"line":474,"column":3}},"line":411},"20":{"name":"_callee3$","decl":{"start":{"line":414,"column":44},"end":{"line":414,"column":53}},"loc":{"start":{"line":414,"column":65},"end":{"line":473,"column":5}},"line":414},"21":{"name":"validateGif","decl":{"start":{"line":476,"column":18},"end":{"line":476,"column":29}},"loc":{"start":{"line":476,"column":45},"end":{"line":478,"column":3}},"line":476}},"branchMap":{"0":{"loc":{"start":{"line":14,"column":46},"end":{"line":14,"column":94}},"type":"cond-expr","locations":[{"start":{"line":14,"column":70},"end":{"line":14,"column":73}},{"start":{"line":14,"column":76},"end":{"line":14,"column":94}}],"line":14},"1":{"loc":{"start":{"line":14,"column":46},"end":{"line":14,"column":67}},"type":"binary-expr","locations":[{"start":{"line":14,"column":46},"end":{"line":14,"column":49}},{"start":{"line":14,"column":53},"end":{"line":14,"column":67}}],"line":14},"2":{"loc":{"start":{"line":16,"column":176},"end":{"line":16,"column":263}},"type":"if","locations":[{"start":{"line":16,"column":176},"end":{"line":16,"column":263}},{"start":{"line":16,"column":176},"end":{"line":16,"column":263}}],"line":16},"3":{"loc":{"start":{"line":33,"column":4},"end":{"line":38,"column":5}},"type":"if","locations":[{"start":{"line":33,"column":4},"end":{"line":38,"column":5}},{"start":{"line":33,"column":4},"end":{"line":38,"column":5}}],"line":33},"4":{"loc":{"start":{"line":33,"column":8},"end":{"line":33,"column":91}},"type":"binary-expr","locations":[{"start":{"line":33,"column":8},"end":{"line":33,"column":18}},{"start":{"line":33,"column":22},"end":{"line":33,"column":31}},{"start":{"line":33,"column":35},"end":{"line":33,"column":41}},{"start":{"line":33,"column":45},"end":{"line":33,"column":52}},{"start":{"line":33,"column":56},"end":{"line":33,"column":64}},{"start":{"line":33,"column":68},"end":{"line":33,"column":79}},{"start":{"line":33,"column":83},"end":{"line":33,"column":91}}],"line":33},"5":{"loc":{"start":{"line":40,"column":4},"end":{"line":45,"column":5}},"type":"if","locations":[{"start":{"line":40,"column":4},"end":{"line":45,"column":5}},{"start":{"line":40,"column":4},"end":{"line":45,"column":5}}],"line":40},"6":{"loc":{"start":{"line":40,"column":8},"end":{"line":40,"column":50}},"type":"binary-expr","locations":[{"start":{"line":40,"column":8},"end":{"line":40,"column":17}},{"start":{"line":40,"column":21},"end":{"line":40,"column":50}}],"line":40},"7":{"loc":{"start":{"line":47,"column":4},"end":{"line":52,"column":5}},"type":"if","locations":[{"start":{"line":47,"column":4},"end":{"line":52,"column":5}},{"start":{"line":47,"column":4},"end":{"line":52,"column":5}}],"line":47},"8":{"loc":{"start":{"line":54,"column":4},"end":{"line":59,"column":5}},"type":"if","locations":[{"start":{"line":54,"column":4},"end":{"line":59,"column":5}},{"start":{"line":54,"column":4},"end":{"line":59,"column":5}}],"line":54},"9":{"loc":{"start":{"line":61,"column":4},"end":{"line":66,"column":5}},"type":"if","locations":[{"start":{"line":61,"column":4},"end":{"line":66,"column":5}},{"start":{"line":61,"column":4},"end":{"line":66,"column":5}}],"line":61},"10":{"loc":{"start":{"line":61,"column":8},"end":{"line":61,"column":48}},"type":"binary-expr","locations":[{"start":{"line":61,"column":8},"end":{"line":61,"column":16}},{"start":{"line":61,"column":20},"end":{"line":61,"column":48}}],"line":61},"11":{"loc":{"start":{"line":68,"column":4},"end":{"line":73,"column":5}},"type":"if","locations":[{"start":{"line":68,"column":4},"end":{"line":73,"column":5}},{"start":{"line":68,"column":4},"end":{"line":73,"column":5}}],"line":68},"12":{"loc":{"start":{"line":68,"column":8},"end":{"line":68,"column":42}},"type":"binary-expr","locations":[{"start":{"line":68,"column":8},"end":{"line":68,"column":13}},{"start":{"line":68,"column":17},"end":{"line":68,"column":42}}],"line":68},"13":{"loc":{"start":{"line":75,"column":4},"end":{"line":80,"column":5}},"type":"if","locations":[{"start":{"line":75,"column":4},"end":{"line":80,"column":5}},{"start":{"line":75,"column":4},"end":{"line":80,"column":5}}],"line":75},"14":{"loc":{"start":{"line":75,"column":8},"end":{"line":75,"column":54}},"type":"binary-expr","locations":[{"start":{"line":75,"column":8},"end":{"line":75,"column":13}},{"start":{"line":75,"column":17},"end":{"line":75,"column":54}}],"line":75},"15":{"loc":{"start":{"line":82,"column":4},"end":{"line":87,"column":5}},"type":"if","locations":[{"start":{"line":82,"column":4},"end":{"line":87,"column":5}},{"start":{"line":82,"column":4},"end":{"line":87,"column":5}}],"line":82},"16":{"loc":{"start":{"line":89,"column":4},"end":{"line":94,"column":5}},"type":"if","locations":[{"start":{"line":89,"column":4},"end":{"line":94,"column":5}},{"start":{"line":89,"column":4},"end":{"line":94,"column":5}}],"line":89},"17":{"loc":{"start":{"line":89,"column":8},"end":{"line":89,"column":42}},"type":"binary-expr","locations":[{"start":{"line":89,"column":8},"end":{"line":89,"column":16}},{"start":{"line":89,"column":20},"end":{"line":89,"column":42}}],"line":89},"18":{"loc":{"start":{"line":96,"column":4},"end":{"line":101,"column":5}},"type":"if","locations":[{"start":{"line":96,"column":4},"end":{"line":101,"column":5}},{"start":{"line":96,"column":4},"end":{"line":101,"column":5}}],"line":96},"19":{"loc":{"start":{"line":103,"column":4},"end":{"line":108,"column":5}},"type":"if","locations":[{"start":{"line":103,"column":4},"end":{"line":108,"column":5}},{"start":{"line":103,"column":4},"end":{"line":108,"column":5}}],"line":103},"20":{"loc":{"start":{"line":103,"column":8},"end":{"line":103,"column":44}},"type":"binary-expr","locations":[{"start":{"line":103,"column":8},"end":{"line":103,"column":14}},{"start":{"line":103,"column":18},"end":{"line":103,"column":44}}],"line":103},"21":{"loc":{"start":{"line":110,"column":4},"end":{"line":115,"column":5}},"type":"if","locations":[{"start":{"line":110,"column":4},"end":{"line":115,"column":5}},{"start":{"line":110,"column":4},"end":{"line":115,"column":5}}],"line":110},"22":{"loc":{"start":{"line":110,"column":8},"end":{"line":110,"column":38}},"type":"binary-expr","locations":[{"start":{"line":110,"column":8},"end":{"line":110,"column":14}},{"start":{"line":110,"column":18},"end":{"line":110,"column":38}}],"line":110},"23":{"loc":{"start":{"line":117,"column":4},"end":{"line":122,"column":5}},"type":"if","locations":[{"start":{"line":117,"column":4},"end":{"line":122,"column":5}},{"start":{"line":117,"column":4},"end":{"line":122,"column":5}}],"line":117},"24":{"loc":{"start":{"line":124,"column":4},"end":{"line":129,"column":5}},"type":"if","locations":[{"start":{"line":124,"column":4},"end":{"line":129,"column":5}},{"start":{"line":124,"column":4},"end":{"line":129,"column":5}}],"line":124},"25":{"loc":{"start":{"line":124,"column":8},"end":{"line":124,"column":46}},"type":"binary-expr","locations":[{"start":{"line":124,"column":8},"end":{"line":124,"column":15}},{"start":{"line":124,"column":19},"end":{"line":124,"column":46}}],"line":124},"26":{"loc":{"start":{"line":131,"column":4},"end":{"line":136,"column":5}},"type":"if","locations":[{"start":{"line":131,"column":4},"end":{"line":136,"column":5}},{"start":{"line":131,"column":4},"end":{"line":136,"column":5}}],"line":131},"27":{"loc":{"start":{"line":131,"column":8},"end":{"line":131,"column":52}},"type":"binary-expr","locations":[{"start":{"line":131,"column":8},"end":{"line":131,"column":18}},{"start":{"line":131,"column":22},"end":{"line":131,"column":52}}],"line":131},"28":{"loc":{"start":{"line":138,"column":4},"end":{"line":143,"column":5}},"type":"if","locations":[{"start":{"line":138,"column":4},"end":{"line":143,"column":5}},{"start":{"line":138,"column":4},"end":{"line":143,"column":5}}],"line":138},"29":{"loc":{"start":{"line":138,"column":8},"end":{"line":138,"column":46}},"type":"binary-expr","locations":[{"start":{"line":138,"column":8},"end":{"line":138,"column":15}},{"start":{"line":138,"column":19},"end":{"line":138,"column":46}}],"line":138},"30":{"loc":{"start":{"line":167,"column":4},"end":{"line":172,"column":5}},"type":"if","locations":[{"start":{"line":167,"column":4},"end":{"line":172,"column":5}},{"start":{"line":167,"column":4},"end":{"line":172,"column":5}}],"line":167},"31":{"loc":{"start":{"line":167,"column":8},"end":{"line":167,"column":50}},"type":"binary-expr","locations":[{"start":{"line":167,"column":8},"end":{"line":167,"column":17}},{"start":{"line":167,"column":21},"end":{"line":167,"column":50}}],"line":167},"32":{"loc":{"start":{"line":174,"column":4},"end":{"line":179,"column":5}},"type":"if","locations":[{"start":{"line":174,"column":4},"end":{"line":179,"column":5}},{"start":{"line":174,"column":4},"end":{"line":179,"column":5}}],"line":174},"33":{"loc":{"start":{"line":181,"column":4},"end":{"line":186,"column":5}},"type":"if","locations":[{"start":{"line":181,"column":4},"end":{"line":186,"column":5}},{"start":{"line":181,"column":4},"end":{"line":186,"column":5}}],"line":181},"34":{"loc":{"start":{"line":188,"column":4},"end":{"line":193,"column":5}},"type":"if","locations":[{"start":{"line":188,"column":4},"end":{"line":193,"column":5}},{"start":{"line":188,"column":4},"end":{"line":193,"column":5}}],"line":188},"35":{"loc":{"start":{"line":188,"column":8},"end":{"line":188,"column":48}},"type":"binary-expr","locations":[{"start":{"line":188,"column":8},"end":{"line":188,"column":16}},{"start":{"line":188,"column":20},"end":{"line":188,"column":48}}],"line":188},"36":{"loc":{"start":{"line":195,"column":4},"end":{"line":200,"column":5}},"type":"if","locations":[{"start":{"line":195,"column":4},"end":{"line":200,"column":5}},{"start":{"line":195,"column":4},"end":{"line":200,"column":5}}],"line":195},"37":{"loc":{"start":{"line":195,"column":8},"end":{"line":195,"column":44}},"type":"binary-expr","locations":[{"start":{"line":195,"column":8},"end":{"line":195,"column":14}},{"start":{"line":195,"column":18},"end":{"line":195,"column":44}}],"line":195},"38":{"loc":{"start":{"line":202,"column":4},"end":{"line":207,"column":5}},"type":"if","locations":[{"start":{"line":202,"column":4},"end":{"line":207,"column":5}},{"start":{"line":202,"column":4},"end":{"line":207,"column":5}}],"line":202},"39":{"loc":{"start":{"line":202,"column":8},"end":{"line":202,"column":38}},"type":"binary-expr","locations":[{"start":{"line":202,"column":8},"end":{"line":202,"column":14}},{"start":{"line":202,"column":18},"end":{"line":202,"column":38}}],"line":202},"40":{"loc":{"start":{"line":209,"column":4},"end":{"line":214,"column":5}},"type":"if","locations":[{"start":{"line":209,"column":4},"end":{"line":214,"column":5}},{"start":{"line":209,"column":4},"end":{"line":214,"column":5}}],"line":209},"41":{"loc":{"start":{"line":216,"column":4},"end":{"line":221,"column":5}},"type":"if","locations":[{"start":{"line":216,"column":4},"end":{"line":221,"column":5}},{"start":{"line":216,"column":4},"end":{"line":221,"column":5}}],"line":216},"42":{"loc":{"start":{"line":216,"column":8},"end":{"line":216,"column":46}},"type":"binary-expr","locations":[{"start":{"line":216,"column":8},"end":{"line":216,"column":15}},{"start":{"line":216,"column":19},"end":{"line":216,"column":46}}],"line":216},"43":{"loc":{"start":{"line":223,"column":4},"end":{"line":228,"column":5}},"type":"if","locations":[{"start":{"line":223,"column":4},"end":{"line":228,"column":5}},{"start":{"line":223,"column":4},"end":{"line":228,"column":5}}],"line":223},"44":{"loc":{"start":{"line":223,"column":8},"end":{"line":223,"column":52}},"type":"binary-expr","locations":[{"start":{"line":223,"column":8},"end":{"line":223,"column":18}},{"start":{"line":223,"column":22},"end":{"line":223,"column":52}}],"line":223},"45":{"loc":{"start":{"line":230,"column":4},"end":{"line":235,"column":5}},"type":"if","locations":[{"start":{"line":230,"column":4},"end":{"line":235,"column":5}},{"start":{"line":230,"column":4},"end":{"line":235,"column":5}}],"line":230},"46":{"loc":{"start":{"line":230,"column":8},"end":{"line":230,"column":46}},"type":"binary-expr","locations":[{"start":{"line":230,"column":8},"end":{"line":230,"column":15}},{"start":{"line":230,"column":19},"end":{"line":230,"column":46}}],"line":230},"47":{"loc":{"start":{"line":253,"column":2},"end":{"line":258,"column":3}},"type":"if","locations":[{"start":{"line":253,"column":2},"end":{"line":258,"column":3}},{"start":{"line":253,"column":2},"end":{"line":258,"column":3}}],"line":253},"48":{"loc":{"start":{"line":253,"column":6},"end":{"line":253,"column":58}},"type":"binary-expr","locations":[{"start":{"line":253,"column":6},"end":{"line":253,"column":14}},{"start":{"line":253,"column":18},"end":{"line":253,"column":58}}],"line":253},"49":{"loc":{"start":{"line":260,"column":2},"end":{"line":265,"column":3}},"type":"if","locations":[{"start":{"line":260,"column":2},"end":{"line":265,"column":3}},{"start":{"line":260,"column":2},"end":{"line":265,"column":3}}],"line":260},"50":{"loc":{"start":{"line":267,"column":2},"end":{"line":272,"column":3}},"type":"if","locations":[{"start":{"line":267,"column":2},"end":{"line":272,"column":3}},{"start":{"line":267,"column":2},"end":{"line":272,"column":3}}],"line":267},"51":{"loc":{"start":{"line":267,"column":6},"end":{"line":267,"column":40}},"type":"binary-expr","locations":[{"start":{"line":267,"column":6},"end":{"line":267,"column":14}},{"start":{"line":267,"column":18},"end":{"line":267,"column":40}}],"line":267},"52":{"loc":{"start":{"line":274,"column":2},"end":{"line":279,"column":3}},"type":"if","locations":[{"start":{"line":274,"column":2},"end":{"line":279,"column":3}},{"start":{"line":274,"column":2},"end":{"line":279,"column":3}}],"line":274},"53":{"loc":{"start":{"line":296,"column":8},"end":{"line":340,"column":9}},"type":"switch","locations":[{"start":{"line":297,"column":10},"end":{"line":309,"column":16}},{"start":{"line":311,"column":10},"end":{"line":320,"column":16}},{"start":{"line":322,"column":10},"end":{"line":324,"column":18}},{"start":{"line":326,"column":10},"end":{"line":332,"column":16}},{"start":{"line":334,"column":10},"end":{"line":335,"column":53}},{"start":{"line":337,"column":10},"end":{"line":337,"column":18}},{"start":{"line":338,"column":10},"end":{"line":339,"column":35}}],"line":296},"54":{"loc":{"start":{"line":301,"column":12},"end":{"line":304,"column":13}},"type":"if","locations":[{"start":{"line":301,"column":12},"end":{"line":304,"column":13}},{"start":{"line":301,"column":12},"end":{"line":304,"column":13}}],"line":301},"55":{"loc":{"start":{"line":312,"column":12},"end":{"line":315,"column":13}},"type":"if","locations":[{"start":{"line":312,"column":12},"end":{"line":315,"column":13}},{"start":{"line":312,"column":12},"end":{"line":315,"column":13}}],"line":312},"56":{"loc":{"start":{"line":361,"column":8},"end":{"line":394,"column":9}},"type":"switch","locations":[{"start":{"line":362,"column":10},"end":{"line":374,"column":16}},{"start":{"line":376,"column":10},"end":{"line":378,"column":18}},{"start":{"line":380,"column":10},"end":{"line":386,"column":16}},{"start":{"line":388,"column":10},"end":{"line":389,"column":54}},{"start":{"line":391,"column":10},"end":{"line":391,"column":18}},{"start":{"line":392,"column":10},"end":{"line":393,"column":36}}],"line":361},"57":{"loc":{"start":{"line":366,"column":12},"end":{"line":369,"column":13}},"type":"if","locations":[{"start":{"line":366,"column":12},"end":{"line":369,"column":13}},{"start":{"line":366,"column":12},"end":{"line":369,"column":13}}],"line":366},"58":{"loc":{"start":{"line":416,"column":8},"end":{"line":471,"column":9}},"type":"switch","locations":[{"start":{"line":417,"column":10},"end":{"line":429,"column":16}},{"start":{"line":431,"column":10},"end":{"line":440,"column":16}},{"start":{"line":442,"column":10},"end":{"line":451,"column":16}},{"start":{"line":453,"column":10},"end":{"line":455,"column":18}},{"start":{"line":457,"column":10},"end":{"line":463,"column":16}},{"start":{"line":465,"column":10},"end":{"line":466,"column":54}},{"start":{"line":468,"column":10},"end":{"line":468,"column":18}},{"start":{"line":469,"column":10},"end":{"line":470,"column":36}}],"line":416},"59":{"loc":{"start":{"line":421,"column":12},"end":{"line":424,"column":13}},"type":"if","locations":[{"start":{"line":421,"column":12},"end":{"line":424,"column":13}},{"start":{"line":421,"column":12},"end":{"line":424,"column":13}}],"line":421},"60":{"loc":{"start":{"line":432,"column":12},"end":{"line":435,"column":13}},"type":"if","locations":[{"start":{"line":432,"column":12},"end":{"line":435,"column":13}},{"start":{"line":432,"column":12},"end":{"line":435,"column":13}}],"line":432},"61":{"loc":{"start":{"line":432,"column":18},"end":{"line":432,"column":52}},"type":"binary-expr","locations":[{"start":{"line":432,"column":18},"end":{"line":432,"column":23}},{"start":{"line":432,"column":27},"end":{"line":432,"column":52}}],"line":432},"62":{"loc":{"start":{"line":443,"column":12},"end":{"line":446,"column":13}},"type":"if","locations":[{"start":{"line":443,"column":12},"end":{"line":446,"column":13}},{"start":{"line":443,"column":12},"end":{"line":446,"column":13}}],"line":443}},"s":{"0":1,"1":1,"2":1,"3":1,"4":1,"5":1,"6":8,"7":8,"8":8,"9":0,"10":0,"11":8,"12":8,"13":0,"14":3,"15":8,"16":8,"17":8,"18":8,"19":8,"20":0,"21":8,"22":1,"23":6,"24":6,"25":6,"26":6,"27":6,"28":6,"29":6,"30":6,"31":6,"32":6,"33":6,"34":6,"35":2,"36":4,"37":0,"38":4,"39":0,"40":4,"41":0,"42":4,"43":0,"44":4,"45":0,"46":4,"47":0,"48":4,"49":1,"50":3,"51":0,"52":3,"53":0,"54":3,"55":0,"56":3,"57":0,"58":3,"59":0,"60":3,"61":0,"62":3,"63":0,"64":3,"65":0,"66":0,"67":3,"68":1,"69":1,"70":1,"71":1,"72":1,"73":1,"74":1,"75":1,"76":1,"77":1,"78":1,"79":1,"80":0,"81":1,"82":0,"83":1,"84":0,"85":1,"86":0,"87":1,"88":0,"89":1,"90":0,"91":1,"92":0,"93":1,"94":0,"95":1,"96":0,"97":1,"98":0,"99":0,"100":1,"101":1,"102":1,"103":4,"104":4,"105":4,"106":4,"107":0,"108":4,"109":0,"110":4,"111":0,"112":4,"113":0,"114":4,"115":1,"116":1,"117":1,"118":6,"119":12,"120":24,"121":6,"122":6,"123":6,"124":4,"125":4,"126":2,"127":4,"128":4,"129":4,"130":0,"131":4,"132":4,"133":0,"134":0,"135":0,"136":4,"137":6,"138":1,"139":6,"140":1,"141":1,"142":1,"143":2,"144":4,"145":6,"146":2,"147":2,"148":2,"149":1,"150":1,"151":1,"152":1,"153":1,"154":0,"155":0,"156":0,"157":1,"158":2,"159":1,"160":2,"161":1,"162":1,"163":1,"164":0,"165":0,"166":0,"167":0,"168":0,"169":0,"170":0,"171":0,"172":0,"173":0,"174":0,"175":0,"176":0,"177":0,"178":0,"179":0,"180":0,"181":0,"182":0,"183":0,"184":0,"185":0,"186":0,"187":0,"188":1,"189":0,"190":1},"f":{"0":1,"1":8,"2":3,"3":8,"4":8,"5":8,"6":0,"7":6,"8":1,"9":4,"10":1,"11":6,"12":12,"13":6,"14":1,"15":2,"16":4,"17":2,"18":1,"19":0,"20":0,"21":0},"b":{"0":[0,1],"1":[1,1],"2":[8,0],"3":[2,4],"4":[6,4,4,4,4,4,4],"5":[0,4],"6":[4,4],"7":[0,4],"8":[0,4],"9":[0,4],"10":[4,4],"11":[0,4],"12":[4,4],"13":[0,4],"14":[4,4],"15":[1,3],"16":[0,3],"17":[3,3],"18":[0,3],"19":[0,3],"20":[3,3],"21":[0,3],"22":[3,3],"23":[0,3],"24":[0,3],"25":[3,3],"26":[0,3],"27":[3,3],"28":[0,3],"29":[3,3],"30":[0,1],"31":[1,1],"32":[0,1],"33":[0,1],"34":[0,1],"35":[1,1],"36":[0,1],"37":[1,1],"38":[0,1],"39":[1,1],"40":[0,1],"41":[0,1],"42":[1,1],"43":[0,1],"44":[1,1],"45":[0,1],"46":[1,1],"47":[0,4],"48":[4,4],"49":[0,4],"50":[0,4],"51":[4,4],"52":[0,4],"53":[6,4,4,0,4,0,6],"54":[4,2],"55":[4,0],"56":[2,1,0,1,0,2],"57":[1,1],"58":[0,0,0,0,0,0,0,0],"59":[0,0],"60":[0,0],"61":[0,0],"62":[0,0]},"_coverageSchema":"43e27e138ebf9cfc5966b082cf9a028302ed4184","hash":"185307fc4483e3245a37451a6fd60f372ad442f8","contentHash":"3ad2977e5f3a0c8d8a547cab4652fe8d12969e1acc39867c085baf6bdb4aa813"},"C:\\Users\\HP\\TeamWork-Backend-API\\src\\middleware\\validation_message.js":{"path":"C:\\Users\\HP\\TeamWork-Backend-API\\src\\middleware\\validation_message.js","statementMap":{"0":{"start":{"line":3,"column":0},"end":{"line":5,"column":3}},"1":{"start":{"line":6,"column":0},"end":{"line":6,"column":438}},"2":{"start":{"line":7,"column":15},"end":{"line":7,"column":43}},"3":{"start":{"line":8,"column":0},"end":{"line":8,"column":28}},"4":{"start":{"line":9,"column":15},"end":{"line":9,"column":111}},"5":{"start":{"line":10,"column":0},"end":{"line":10,"column":28}},"6":{"start":{"line":11,"column":19},"end":{"line":11,"column":100}},"7":{"start":{"line":12,"column":0},"end":{"line":12,"column":36}},"8":{"start":{"line":13,"column":20},"end":{"line":13,"column":48}},"9":{"start":{"line":14,"column":0},"end":{"line":14,"column":38}},"10":{"start":{"line":15,"column":13},"end":{"line":15,"column":43}},"11":{"start":{"line":16,"column":0},"end":{"line":16,"column":24}},"12":{"start":{"line":17,"column":19},"end":{"line":17,"column":48}},"13":{"start":{"line":18,"column":0},"end":{"line":18,"column":36}},"14":{"start":{"line":19,"column":22},"end":{"line":19,"column":53}},"15":{"start":{"line":20,"column":0},"end":{"line":20,"column":42}},"16":{"start":{"line":21,"column":29},"end":{"line":21,"column":43}},"17":{"start":{"line":22,"column":0},"end":{"line":22,"column":56}},"18":{"start":{"line":23,"column":22},"end":{"line":23,"column":49}},"19":{"start":{"line":24,"column":0},"end":{"line":24,"column":42}},"20":{"start":{"line":25,"column":15},"end":{"line":25,"column":36}},"21":{"start":{"line":26,"column":0},"end":{"line":26,"column":28}},"22":{"start":{"line":27,"column":25},"end":{"line":27,"column":52}},"23":{"start":{"line":28,"column":0},"end":{"line":28,"column":48}},"24":{"start":{"line":29,"column":24},"end":{"line":29,"column":75}},"25":{"start":{"line":30,"column":0},"end":{"line":30,"column":46}},"26":{"start":{"line":31,"column":26},"end":{"line":31,"column":51}},"27":{"start":{"line":32,"column":0},"end":{"line":32,"column":50}},"28":{"start":{"line":33,"column":28},"end":{"line":33,"column":53}},"29":{"start":{"line":34,"column":0},"end":{"line":34,"column":54}},"30":{"start":{"line":35,"column":19},"end":{"line":35,"column":49}},"31":{"start":{"line":36,"column":0},"end":{"line":36,"column":36}},"32":{"start":{"line":37,"column":28},"end":{"line":37,"column":53}},"33":{"start":{"line":38,"column":0},"end":{"line":38,"column":54}},"34":{"start":{"line":39,"column":24},"end":{"line":39,"column":51}},"35":{"start":{"line":40,"column":0},"end":{"line":40,"column":46}}},"fnMap":{},"branchMap":{},"s":{"0":1,"1":1,"2":1,"3":1,"4":1,"5":1,"6":1,"7":1,"8":1,"9":1,"10":1,"11":1,"12":1,"13":1,"14":1,"15":1,"16":1,"17":1,"18":1,"19":1,"20":1,"21":1,"22":1,"23":1,"24":1,"25":1,"26":1,"27":1,"28":1,"29":1,"30":1,"31":1,"32":1,"33":1,"34":1,"35":1},"f":{},"b":{},"_coverageSchema":"43e27e138ebf9cfc5966b082cf9a028302ed4184","hash":"e002e3194404b4c4e9e6e045068f46b8cafa8719","contentHash":"8e818f08f3a19afb4052928413925592b1fe2ab624d51907ba3868a391a880c7"},"C:\\Users\\HP\\TeamWork-Backend-API\\src\\utils\\constant.js":{"path":"C:\\Users\\HP\\TeamWork-Backend-API\\src\\utils\\constant.js","statementMap":{"0":{"start":{"line":3,"column":0},"end":{"line":5,"column":3}},"1":{"start":{"line":6,"column":0},"end":{"line":6,"column":570}},"2":{"start":{"line":7,"column":28},"end":{"line":7,"column":67}},"3":{"start":{"line":8,"column":0},"end":{"line":8,"column":54}},"4":{"start":{"line":9,"column":21},"end":{"line":9,"column":56}},"5":{"start":{"line":10,"column":0},"end":{"line":10,"column":40}},"6":{"start":{"line":11,"column":21},"end":{"line":11,"column":77}},"7":{"start":{"line":12,"column":0},"end":{"line":12,"column":40}},"8":{"start":{"line":13,"column":27},"end":{"line":13,"column":50}},"9":{"start":{"line":14,"column":0},"end":{"line":14,"column":52}},"10":{"start":{"line":15,"column":20},"end":{"line":15,"column":29}},"11":{"start":{"line":16,"column":0},"end":{"line":16,"column":38}},"12":{"start":{"line":17,"column":14},"end":{"line":17,"column":69}},"13":{"start":{"line":18,"column":0},"end":{"line":18,"column":26}},"14":{"start":{"line":19,"column":22},"end":{"line":19,"column":51}},"15":{"start":{"line":20,"column":0},"end":{"line":20,"column":42}},"16":{"start":{"line":21,"column":24},"end":{"line":21,"column":78}},"17":{"start":{"line":22,"column":0},"end":{"line":22,"column":46}},"18":{"start":{"line":23,"column":24},"end":{"line":23,"column":96}},"19":{"start":{"line":24,"column":0},"end":{"line":24,"column":46}},"20":{"start":{"line":25,"column":21},"end":{"line":25,"column":51}},"21":{"start":{"line":26,"column":0},"end":{"line":26,"column":40}},"22":{"start":{"line":27,"column":29},"end":{"line":27,"column":59}},"23":{"start":{"line":28,"column":0},"end":{"line":28,"column":56}},"24":{"start":{"line":29,"column":22},"end":{"line":29,"column":52}},"25":{"start":{"line":30,"column":0},"end":{"line":30,"column":42}},"26":{"start":{"line":31,"column":28},"end":{"line":31,"column":37}},"27":{"start":{"line":32,"column":0},"end":{"line":32,"column":54}},"28":{"start":{"line":33,"column":18},"end":{"line":33,"column":44}},"29":{"start":{"line":34,"column":0},"end":{"line":34,"column":34}},"30":{"start":{"line":35,"column":20},"end":{"line":35,"column":27}},"31":{"start":{"line":36,"column":0},"end":{"line":36,"column":38}},"32":{"start":{"line":37,"column":26},"end":{"line":37,"column":52}},"33":{"start":{"line":38,"column":0},"end":{"line":38,"column":50}},"34":{"start":{"line":39,"column":20},"end":{"line":39,"column":84}},"35":{"start":{"line":40,"column":0},"end":{"line":40,"column":38}},"36":{"start":{"line":41,"column":16},"end":{"line":41,"column":47}},"37":{"start":{"line":42,"column":0},"end":{"line":42,"column":30}},"38":{"start":{"line":43,"column":16},"end":{"line":43,"column":42}},"39":{"start":{"line":44,"column":0},"end":{"line":44,"column":30}},"40":{"start":{"line":45,"column":18},"end":{"line":45,"column":27}},"41":{"sta
[...]
},"end":{"line":21,"column":1}},"5":{"start":{"line":22,"column":0},"end":{"line":22,"column":20}},"6":{"start":{"line":23,"column":17},"end":{"line":32,"column":1}},"7":{"start":{"line":33,"column":0},"end":{"line":33,"column":32}},"8":{"start":{"line":34,"column":16},"end":{"line":43,"column":1}},"9":{"start":{"line":44,"column":0},"end":{"line":44,"column":30}},"10":{"start":{"line":45,"column":19},"end":{"line":53,"column":1}},"11":{"start":{"line":54,"column":0},"end":{"line":54,"column":36}},"12":{"start":{"line":55,"column":12},"end":{"line":64,"column":1}},"13":{"start":{"line":65,"column":0},"end":{"line":65,"column":22}},"14":{"start":{"line":66,"column":12},"end":{"line":75,"column":1}},"15":{"start":{"line":76,"column":0},"end":{"line":76,"column":22}},"16":{"start":{"line":77,"column":13},"end":{"line":80,"column":1}},"17":{"start":{"line":81,"column":0},"end":{"line":81,"column":24}},"18":{"start":{"line":82,"column":20},"end":{"line":85,"column":1}},"19":{"start":{"line":86,"column":0},"end":{"line":86,"column":38}},"20":{"start":{"line":87,"column":16},"end":{"line":87,"column":37}},"21":{"start":{"line":88,"column":0},"end":{"line":88,"column":30}},"22":{"start":{"line":89,"column":14},"end":{"line":89,"column":35}},"23":{"start":{"line":90,"column":0},"end":{"line":90,"column":26}},"24":{"start":{"line":91,"column":17},"end":{"line":91,"column":39}},"25":{"start":{"line":92,"column":0},"end":{"line":92,"column":32}},"26":{"start":{"line":93,"column":20},"end":{"line":100,"column":1}},"27":{"start":{"line":101,"column":0},"end":{"line":101,"column":38}}},"fnMap":{"0":{"name":"_interopRequireDefault","decl":{"start":{"line":10,"column":9},"end":{"line":10,"column":31}},"loc":{"start":{"line":10,"column":37},"end":{"line":10,"column":97}},"line":10}},"branchMap":{"0":{"loc":{"start":{"line":10,"column":46},"end":{"line":10,"column":94}},"type":"cond-expr","locations":[{"start":{"line":10,"column":70},"end":{"line":10,"column":73}},{"start":{"line":10,"column":76},"end":{"line":10,"column":94}}],"line":10},"1":{"loc":{"start":{"line":10,"column":46},"end":{"line":10,"column":67}},"type":"binary-expr","locations":[{"start":{"line":10,"column":46},"end":{"line":10,"column":49}},{"start":{"line":10,"column":53},"end":{"line":10,"column":67}}],"line":10}},"s":{"0":1,"1":1,"2":1,"3":1,"4":1,"5":1,"6":1,"7":1,"8":1,"9":1,"10":1,"11":1,"12":1,"13":1,"14":1,"15":1,"16":1,"17":1,"18":1,"19":1,"20":1,"21":1,"22":1,"23":1,"24":1,"25":1,"26":1,"27":1},"f":{"0":1},"b":{"0":[0,1],"1":[1,1]},"_coverageSchema":"43e27e138ebf9cfc5966b082cf9a028302ed4184","hash":"f9f2a92d0b50c398726c90ea146eaad0271ca0c7","contentHash":"6d49a847b2f19617dae5354ffcf9c5b48909ec481dc6c5d9e603f86710e8ef1f"},"C:\\Users\\HP\\TeamWork-Backend-API\\src\\modules\\gifs\\gif.spec.js":{"path":"C:\\Users\\HP\\TeamWork-Backend-API\\src\\modules\\gifs\\gif.spec.js","statementMap":{"0":{"start":{"line":3,"column":24},"end":{"line":3,"column":328}},"1":{"start":{"line":3,"column":99},"end":{"line":3,"column":154}},"2":{"start":{"line":3,"column":133},"end":{"line":3,"column":151}},"3":{"start":{"line":3,"column":164},"end":{"line":3,"column":326}},"4":{"start":{"line":3,"column":198},"end":{"line":3,"column":323}},"5":{"start":{"line":3,"column":329},"end":{"line":3,"column":349}},"6":{"start":{"line":5,"column":13},"end":{"line":5,"column":29}},"7":{"start":{"line":7,"column":12},"end":{"line":7,"column":51}},"8":{"start":{"line":9,"column":16},"end":{"line":9,"column":60}},"9":{"start":{"line":11,"column":11},"end":{"line":11,"column":55}},"10":{"start":{"line":13,"column":12},"end":{"line":13,"column":83}},"11":{"start":{"line":15,"column":38},"end":{"line":15,"column":85}},"12":{"start":{"line":15,"column":73},"end":{"line":15,"column":85}},"13":{"start":{"line":15,"column":98},"end":{"line":15,"column":111}},"14":{"start":{"line":15,"column":113},"end":{"line":15,"column":194}},"15":{"start":{"line":15,"column":178},"end":{"line":15,"column":191}},"16":{"start":{"line":15,"column":195},"end":{"line":15,"column":208}},"17":{"start":{"line":17,"column":40},"end":{"line":17,"column":82}},"18":{"start":{"line":17,"column":69},"end":{"line":17,"column":80}},"19":{"start":{"line":17,"column":83},"end":{"line":17,"column":189}},"20":{"start":{"line":17,"column":161},"end":{"line":17,"column":187}},"21":{"start":{"line":17,"column":202},"end":{"line":17,"column":228}},"22":{"start":{"line":17,"column":230},"end":{"line":17,"column":285}},"23":{"start":{"line":17,"column":261},"end":{"line":17,"column":283}},"24":{"start":{"line":17,"column":299},"end":{"line":17,"column":301}},"25":{"start":{"line":17,"column":331},"end":{"line":17,"column":387}},"26":{"start":{"line":17,"column":389},"end":{"line":17,"column":669}},"27":{"start":{"line":17,"column":412},"end":{"line":17,"column":667}},"28":{"start":{"line":17,"column":477},"end":{"line":17,"column":549}},"29":{"start":{"line":17,"column":551},"end":{"line":17,"column":665}},"30":{"start":{"line":17,"column":589},"end":{"line":17,"column":630}},"31":{"start":{"line":17,"column":640},"end":{"line":17,"column":663}},"32":{"start":{"line":17,"column":670},"end":{"line":17,"column":694}},"33":{"start":{"line":17,"column":695},"end":{"line":17,"column":733}},"34":{"start":{"line":17,"column":708},"end":{"line":17,"column":731}},"35":{"start":{"line":17,"column":734},"end":{"line":17,"column":748}},"36":{"start":{"line":19,"column":39},"end":{"line":19,"column":95}},"37":{"start":{"line":21,"column":13},"end":{"line":21,"column":36}},"38":{"start":{"line":23,"column":0},"end":{"line":23,"column":43}},"39":{"start":{"line":26,"column":0},"end":{"line":34,"column":3}},"40":{"start":{"line":27,"column":2},"end":{"line":33,"column":5}},"41":{"start":{"line":28,"column":4},"end":{"line":32,"column":7}},"42":{"start":{"line":29,"column":6},"end":{"line":29,"column":25}},"43":{"start":{"line":29,"column":15},"end":{"line":29,"column":25}},"44":{"start":{"line":30,"column":6},"end":{"line":30,"column":48}},"45":{"start":{"line":31,"column":6},"end":{"line":31,"column":13}},"46":{"start":{"line":35,"column":0},"end":{"line":66,"column":3}},"47":{"start":{"line":36,"column":2},"end":{"line":43,"column":5}},"48":{"start":{"line":37,"column":4},"end":{"line":42,"column":7}},"49":{"start":{"line":38,"column":6},"end":{"line":38,"column":36}},"50":{"start":{"line":39,"column":6},"end":{"line":39,"column":25}},"51":{"start":{"line":39,"column":15},"end":{"line":39,"column":25}},"52":{"start":{"line":40,"column":6},"end":{"line":40,"column":48}},"53":{"start":{"line":41,"column":6},"end":{"line":41,"column":13}},"54":{"start":{"line":44,"column":2},"end":{"line":53,"column":5}},"55":{"start":{"line":45,"column":4},"end":{"line":52,"column":7}},"56":{"start":{"line":46,"column":6},"end":{"line":46,"column":25}},"57":{"start":{"line":46,"column":15},"end":{"line":46,"column":25}},"58":{"start":{"line":47,"column":6},"end":{"line":47,"column":48}},"59":{"start":{"line":48,"column":6},"end":{"line":50,"column":9}},"60":{"start":{"line":51,"column":6},"end":{"line":51,"column":13}}},"fnMap":{"0":{"name":"_typeof","decl":{"start":{"line":3,"column":9},"end":{"line":3,"column":16}},"loc":{"start":{"line":3,"column":22},"end":{"line":3,"column":351}},"line":3},"1":{"name":"_typeof","decl":{"start":{"line":3,"column":118},"end":{"line":3,"column":125}},"loc":{"start":{"line":3,"column":131},"end":{"line":3,"column":153}},"line":3},"2":{"name":"_typeof","decl":{"start":{"line":3,"column":183},"end":{"line":3,"column":190}},"loc":{"start":{"line":3,"column":196},"end":{"line":3,"column":325}},"line":3},"3":{"name":"_getRequireWildcardCache","decl":{"start":{"line":15,"column":9},"end":{"line":15,"column":33}},"loc":{"start":{"line":15,"column":36},"end":{"line":15,"column":210}},"line":15},"4":{"name":"_getRequireWildcardCache","decl":{"start":{"line":15,"column":149},"end":{"line":15,"column":173}},"loc":{"start":{"line":15,"column":176},"end":{"line":15,"column":193}},"line":15},"5":{"name":"_interopRequireWildcard","decl":{"start":{"line":17,"column":9},"end":{"line":17,"column":32}},"loc":{"start":{"line":17,"column":38},"end":{"line":17,"column":750}},"line":17},"6":{"name":"_interopRequireDefault","decl":{"start":{"line":19,"column":9},"end":{"line":19,"column":31}},"loc":{"start":{"line":19,"column":37},"end":{"line":19,"column":97}},"line":19},"7":{"name":"(anonymous_7)","decl":{"start":{"line":26,"column":52},"end":{"line":26,"column":53}},"loc":{"start":{"line":26,"column":64},"end":{"line":34,"column":1}},"line":26},"8":{"name":"(anonymous_8)","decl":{"start":{"line":27,"column":47},"end":{"line":27,"column":48}},"loc":{"start":{"line":27,"column":63},"end":{"line":33,"column":3}},"line":27},"9":{"name":"(anonymous_9)","decl":{"start":{"line":28,"column":90},"end":{"line":28,"column":91}},"loc":{"start":{"line":28,"column":115},"end":{"line":32,"column":5}},"line":28},"10":{"name":"(anonymous_10)","decl":{"start":{"line":35,"column":52},"end":{"line":35,"column":53}},"loc":{"start":{"line":35,"column":64},"end":{"line":66,"column":1}},"line":35},"11":{"name":"(anonymous_11)","decl":{"start":{"line":36,"column":24},"end":{"line":36,"column":25}},"loc":{"start":{"line":36,"column":40},"end":{"line":43,"column":3}},"line":36},"12":{"name":"(anonymous_12)","decl":{"start":{"line":37,"column":90},"end":{"line":37,"column":91}},"loc":{"start":{"line":37,"column":115},"end":{"line":42,"column":5}},"line":37},"13":{"name":"(anonymous_13)","decl":{"start":{"line":44,"column":49},"end":{"line":44,"column":50}},"loc":{"start":{"line":44,"column":65},"end":{"line":53,"column":3}},"line":44},"14":{"name":"(anonymous_14)","decl":{"start":{"line":45,"column":147},"end":{"line":45,"column":148}},"loc":{"start":{"line":45,"column":172},"end":{"line":52,"column":5}},"line":45}},"branchMap":{"0":{"loc":{"start":{"line":3,"column":24},"end":{"line":3,"column":328}},"type":"if","locations":[{"start":{"line":3,"column":24},"end":{"line":3,"column":328}},{"start":{"line":3,"column":24},"end":{"line":3,"column":328}}],"line":3},"1":{"loc":{"start":{"line":3,"column":28},"end":{"line":3,"column":95}},"type":"binary-expr","locations":[{"start":{"line":3,"column":28},"end":{"line":3,"column":56}},{"start":{"line":3,"column":60},"end":{"line":3,"column":95}}],"line":3},"2":{"loc":{"start":{"line":3,"column":205},"end":{"line":3,"column":322}},"type":"cond-expr","locations":[{"start":{"line":3,"column":301},"end":{"line":3,"column":309}},{"start":{"line":3,"column":312},"end":{"line":3,"column":322}}],"line":3},"3":{"loc":{"start":{"line":3,"column":205},"end":{"line":3,"column":298}},"type":"binary-expr","locations":[{"start":{"line":3,"column":205},"end":{"line":3,"column":208}},{"start":{"line":3,"column":212},"end":{"line":3,"column":240}},{"start":{"line":3,"column":244},"end":{"line":3,"column":270}},{"start":{"line":3,"column":274},"end":{"line":3,"column":298}}],"line":3},"4":{"loc":{"start":{"line":15,"column":38},"end":{"line":15,"column":85}},"type":"if","locations":[{"start":{"line":15,"column":38},"end":{"line":15,"column":85}},{"start":{"line":15,"column":38},"end":{"line":15,"column":85}}],"line":15},"5":{"loc":{"start":{"line":17,"column":40},"end":{"line":17,"column":82}},"type":"if","locations":[{"start":{"line":17,"column":40},"end":{"line":17,"column":82}},{"start":{"line":17,"column":40},"end":{"line":17,"column":82}}],"line":17},"6":{"loc":{"start":{"line":17,"column":44},"end":{"line":17,"column":65}},"type":"binary-expr","locations":[{"start":{"line":17,"column":44},"end":{"line":17,"column":47}},{"start":{"line":17,"column":51},"end":{"line":17,"column":65}}],"line":17},"7":{"loc":{"start":{"line":17,"column":83},"end":{"line":17,"column":189}},"type":"if","locations":[{"start":{"line":17,"column":83},"end":{"line":17,"column":189}},{"start":{"line":17,"column":83},"end":{"line":17,"column":189}}],"line":17},"8":{"loc":{"start":{"line":17,"column":87},"end":{"line":17,"column":157}},"type":"binary-expr","locations":[{"start":{"line":17,"column":87},"end":{"line":17,"column":99}},{"start":{"line":17,"column":103},"end":{"line":17,"column":128}},{"start":{"line":17,"column":132},"end":{"line":17,"column":157}}],"line":17},"9":{"loc":{"start":{"line":17,"column":230},"end":{"line":17,"column":285}},"type":"if","locations":[{"start":{"line":17,"column":230},"end":{"line":17,"column":285}},{"start":{"line":17,"column":230},"end":{"line":17,"column":285}}],"line":17},"10":{"loc":{"start":{"line":17,"column":234},"end":{"line":17,"column":257}},"type":"binary-expr","locations":[{"start":{"line":17,"column":234},"end":{"line":17,"column":239}},{"start":{"line":17,"column":243},"end":{"line":17,"column":257}}],"line":17},"11":{"loc":{"start":{"line":17,"column":331},"end":{"line":17,"column":387}},"type":"binary-expr","locations":[{"start":{"line":17,"column":331},"end":{"line":17,"column":352}},{"start":{"line":17,"column":356},"end":{"line":17,"column":387}}],"line":17},"12":{"loc":{"start":{"line":17,"column":412},"end":{"line":17,"column":667}},"type":"if","locations":[{"start":{"line":17,"column":412},"end":{"line":17,"column":667}},{"start":{"line":17,"column":412},"end":{"line":17,"column":667}}],"line":17},"13":{"loc":{"start":{"line":17,"column":477},"end":{"line":17,"column":549}},"type":"cond-expr","locations":[{"start":{"line":17,"column":501},"end":{"line":17,"column":542}},{"start":{"line":17,"column":545},"end":{"line":17,"column":549}}],"line":17},"14":{"loc":{"start":{"line":17,"column":551},"end":{"line":17,"column":665}},"type":"if","locations":[{"start":{"line":17,"column":551},"end":{"line":17,"column":665}},{"start":{"line":17,"column":551},"end":{"line":17,"column":665}}],"line":17},"15":{"loc":{"start":{"line":17,"column":555},"end":{"line":17,"column":585}},"type":"binary-expr","locations":[{"start":{"line":17,"column":555},"end":{"line":17,"column":559}},{"start":{"line":17,"column":564},"end":{"line":17,"column":572}},{"start":{"line":17,"column":576},"end":{"line":17,"column":584}}],"line":17},"16":{"loc":{"start":{"line":17,"column":695},"end":{"line":17,"column":733}},"type":"if","locations":[{"start":{"line":17,"column":695},"end":{"line":17,"column":733}},{"start":{"line":17,"column":695},"end":{"line":17,"column":733}}],"line":17},"17":{"loc":{"start":{"line":19,"column":46},"end":{"line":19,"column":94}},"type":"cond-expr","locations":[{"start":{"line":19,"column":70},"end":{"line":19,"column":73}},{"start":{"line":19,"column":76},"end":{"line":19,"column":94}}],"line":19},"18":{"loc":{"start":{"line":19,"column":46},"end":{"line":19,"column":67}},"type":"binary-expr","locations":[{"start":{"line":19,"column":46},"end":{"line":19,"column":49}},{"start":{"line":19,"column":53},"end":{"line":19,"column":67}}],"line":19},"19":{"loc":{"start":{"line":29,"column":6},"end":{"line":29,"column":25}},"type":"if","locations":[{"start":{"line":29,"column":6},"end":{"line":29,"column":25}},{"start":{"line":29,"column":6},"end":{"line":29,"column":25}}],"line":29},"20":{"loc":{"start":{"line":39,"column":6},"end":{"line":39,"column":25}},"type":"if","locations":[{"start":{"line":39,"column":6},"end":{"line":39,"column":25}},{"start":{"line":39,"column":6},"end":{"line":39,"column":25}}],"line":39},"21":{"loc":{"start":{"line":46,"column":6},"end":{"line":46,"column":25}},"type":"if","locations":[{"start":{"line":46,"column":6},"end":{"line":46,"column":25}},{"start":{"line":46,"column":6},"end":{"line":46,"column":25}}],"line":46}},"s":{"0":0,"1":0,"2":0,"3":0,"4":0,"5":0,"6":1,"7":1,"8":1,"9":1,"10":1,"11":0,"12":0,"13":0,"14":0,"15":0,"16":0,"17":1,"18":1,"19":0,"20":0,"21":0,"22":0,"23":0,"24":0,"25":0,"26":0,"27":0,"28":0,"29":0,"30":0,"31":0,"32":0,"33":0,"34":0,"35":0,"36":3,"37":1,"38":1,"39":1,"40":1,"41":1,"42":1,"43":0,"44":1,"45":1,"46":1,"47":1,"48":1,"49":1,"50":1,"51":0,"52":1,"53":1,"54":1,"55":1,"56":1,"57":1,"58":1,"59":0,"60":0},"f":{"0":0,"1":0,"2":0,"3":0,"4":0,"5":1,"6":3,"7":1,"8":1,"9":1,"10":1,"11":1,"12":1,"13":1,"14":1},"b":{"0":[0,0],"1":[0,0],"2":[0,0],"3":[0,0,0,0],"4":[0,0],"5":[1,0],"6":[1,1],"7":[0,0],"8":[0,0,0],"9":[0,0],"10":[0,0],"11":[0,0],"12":[0,0],"13":[0,0],"14":[0,0],"15":[0,0,0],"16":[0,0],"17":[1,2],"18":[3,3],"19":[0,1],"20":[0,1],"21":[1,0]},"_coverageSchema":"43e27e138ebf9cfc5966b082cf9a028302ed4184","hash":"76c7cd16b00b33db6755d92289aad825a4ef3e4c","contentHash":"39f5ce02850631222c8341103ffaa4af3af9db853096c1078e7cd188a15507cd"},"C:\\Users\\HP\\TeamWork-Backend-API\\src\\services\\gifs\\__mocks__\\index.js":{"path":"C:\\Users\\HP\\TeamWork-Backend-API\\src\\services\\gifs\\__mocks__\\index.js","statementMap":{"0":{"start":{"line":3,"column":0},"end":{"line":5,"column":3}},"1":{"start":{"line":6,"column":0},"end":{"line":6,"column":296}},"2":{"start":{"line":8,"column":13},"end":{"line":8,"column":53}},"3":{"start":{"line":10,"column":39},"end":{"line":10,"column":95}},"4":{"start":{"line":12,"column":17},"end":{"line":15,"column":1}},"5":{"start":{"line":16,"column":0},"end":{"line":16,"column":32}},"6":{"start":{"line":17,"column":18},"end":{"line":20,"column":1}},"7":{"start":{"line":21,"column":0},"end":{"line":21,"column":34}},"8":{"start":{"line":22,"column":17},"end":{"line":25,"column":1}},"9":{"start":{"line":26,"column":0},"end":{"line":26,"column":32}},"10":{"start":{"line":27,"column":21},"end":{"line":29,"column":1}},"11":{"start":{"line":30,"column":0},"end":{"line":30,"column":40}},"12":{"start":{"line":31,"column":19},"end":{"line":33,"column":1}},"13":{"start":{"line":34,"column":0},"end":{"line":34,"column":36}},"14":{"start":{"line":35,"column":11},"end":{"line":44,"column":1}},"15":{"start":{"line":45,"column":0},"end":{"line":45,"column":20}},"16":{"start":{"line":46,"column":13},"end":{"line":49,"column":1}},"17":{"start":{"line":50,"column":0},"end":{"line":50,"column":24}},"18":{"start":{"line":51,"column":18},"end":{"line":54,"column":1}},"19":{"start":{"line":55,"column":0},"end":{"line":55,"column":34}},"20":{"start":{"line":56,"column":15},"end":{"line":56,"column":36}},"21":{"start":{"line":57,"column":0},"end":{"line":57,"column":28}},"22":{"start":{"line":58,"column":13},"end":{"line":58,"column":26}},"23":{"start":{"line":59,"column":0},"end":{"line":59,"column":24}},"24":{"start":{"line":60,"column":17},"end":{"line":60,"column":38}},"25":{"start":{"line":61,"column":0},"end":{"line":61,"column":32}},"26":{"start":{"line":62,"column":18},"end":{"line":62,"column":33}},"27":{"start":{"line":63,"column":0},"end":{"line":63,"column":34}},"28":{"start":{"line":64,"column":18},"end":{"line":64,"column":34}},"29":{"start":{"line":65,"column":0},"end":{"line":65,"column":34}},"30":{"start":{"line":66,"column":18},"end":{"line":66,"column":41}},"31":{"start":{"line":67,"column":0},"end":{"line":67,"column":34}}},"fnMap":{"0":{"name":"_interopRequireDefault","decl":{"start":{"line":10,"column":9},"end":{"line":10,"column":31}},"loc":{"start":{"line":10,"column":37},"end":{"line":10,"column":97}},"line":10}},"branchMap":{"0":{"loc":{"start":{"line":10,"column":46},"end":{"line":10,"column":94}},"type":"cond-expr","locations":[{"start":{"line":10,"column":70},"end":{"line":10,"column":73}},{"start":{"line":10,"column":76},"end":{"line":10,"column":94}}],"line":10},"1":{"loc":{"start":{"line":10,"column":46},"end":{"line":10,"column":67}},"type":"binary-expr","locations":[{"start":{"line":10,"column":46},"end":{"line":10,"column":49}},{"start":{"line":10,"column":53},"end":{"line":10,"column":67}}],"line":10}},"s":{"0":1,"1":1,"2":1,"3":1,"4":1,"5":1,"6":1,"7":1,"8":1,"9":1,"10":1,"11":1,"12":1,"13":1,"14":1,"15":1,"16":1,"17":1,"18":1,"19":1,"20":1,"21":1,"22":1,"23":1,"24":1,"25":1,"26":1,"27":1,"28":1,"29":1,"30":1,"31":1},"f":{"0":1},"b":{"0":[0,1],"1":[1,1]},"_coverageSchema":"43e27e138ebf9cfc5966b082cf9a028302ed4184","hash":"78425fe0d22a02b003d0526ca44046fff709a805","contentHash":"5d525e9b7173214e7250dee261cc20d814af90f4111fa491a402fdbdcadbc9dc"}}